Target label 60 (intensities: 100-255) converged in 37 iterations.
Initializing Time: 0.167639
Processing Time: 0.030605
Total Time: 0.198249
Target label 220 (intensities: 100-255) converged in 45 iterations.
Initializing Time: 0.181920
Processing Time: 0.016380
Total Time: 0.198305
Target label 80 (intensities: 100-255) converged in 35 iterations.
Initializing Time: 0.181536
Processing Time: 0.017133
Total Time: 0.198673
Target label 140 (intensities: 100-255) converged in 41 iterations.
Initializing Time: 0.185585
Processing Time: 0.013118
Total Time: 0.198706
Target label 180 (intensities: 100-255) converged in 59 iterations.
Initializing Time: 0.181560
Processing Time: 0.018011
Total Time: 0.199576
Target label 120 (intensities: 100-255) converged in 50 iterations.
Initializing Time: 0.187233
Processing Time: 0.012551
Total Time: 0.199790
Target label 240 (intensities: 100-255) converged in 46 iterations.
Initializing Time: 0.191190
Processing Time: 0.009190
Total Time: 0.200386
Target label 200 (intensities: 100-255) converged in 20 iterations.
Initializing Time: 0.207240
Processing Time: 0.002114
Total Time: 0.209358
Target label 160 (intensities: 100-255) converged in 50 iterations.
Initializing Time: 0.202922
Processing Time: 0.006827
Total Time: 0.209753
Target label 100 (intensities: 100-255) converged in 43 iterations.
Initializing Time: 0.206612
Processing Time: 0.003656
Total Time: 0.210271

Total Execution Time for LSS algorithm was: 213.571194 ms

