Target label 60 (intensities: 100-255) converged in 37 iterations.
Initializing Time: 0.147048
Target label 220 (intensities: 100-255) converged in 45 iterations.
Initializing Time: 0.163848
Processing Time: 0.005207
Total Time: 0.169059
Processing Time: 0.021989
Total Time: 0.169101
Target label 240 (intensities: 100-255) converged in 46 iterations.
Initializing Time: 0.157950
Processing Time: 0.011134
Total Time: 0.169088
Target label 200 (intensities: 100-255) converged in 20 iterations.
Initializing Time: 0.166820
Processing Time: 0.003047
Total Time: 0.169871
Target label 80 (intensities: 100-255) converged in 35 iterations.
Initializing Time: 0.157844
Processing Time: 0.012812
Total Time: 0.170661
Target label 140 (intensities: 100-255) converged in 41 iterations.
Initializing Time: 0.174588
Processing Time: 0.012671
Total Time: 0.187265
Target label 160 (intensities: 100-255) converged in 50 iterations.
Initializing Time: 0.178553
Processing Time: 0.010003
Total Time: 0.188562
Target label 100 (intensities: 100-255) converged in 43 iterations.
Initializing Time: 0.179185
Processing Time: 0.009429
Total Time: 0.188618
Target label 180 (intensities: 100-255) converged in 59 iterations.
Initializing Time: 0.179297
Processing Time: 0.009358
Total Time: 0.188659
Target label 120 (intensities: 100-255) converged in 50 iterations.
Initializing Time: 0.197306
Processing Time: 0.002619
Total Time: 0.199929

Total Execution Time for LSS algorithm was: 205.779322 ms

