Target label 60 (intensities: 100-255) converged in 37 iterations.
Initializing Time: 0.185863
Processing Time: 0.015428
Total Time: 0.201300
Target label 120 (intensities: 100-255) converged in 50 iterations.
Initializing Time: 0.197597
Processing Time: 0.015550
Total Time: 0.213151
Target label 160 (intensities: 100-255) converged in 50 iterations.
Initializing Time: 0.196150
Processing Time: 0.017373
Total Time: 0.213528
Target label 80 (intensities: 100-255) converged in 35 iterations.
Initializing Time: 0.197851
Processing Time: 0.015781
Total Time: 0.213637
Target label 220 (intensities: 100-255) converged in 45 iterations.
Initializing Time: 0.211641
Processing Time: 0.002179
Total Time: 0.213824
Target label 140 (intensities: 100-255) converged in 41 iterations.
Initializing Time: 0.197575
Processing Time: 0.017259
Total Time: 0.214841
Target label 180 (intensities: 100-255) converged in 59 iterations.
Initializing Time: 0.198020
Processing Time: 0.018495
Total Time: 0.216519
Target label 200 (intensities: 100-255) converged in 20 iterations.
Initializing Time: 0.217612
Processing Time: 0.003211
Total Time: 0.220828
Target label 240 (intensities: 100-255) converged in 46 iterations.
Initializing Time: 0.218735
Processing Time: 0.002862
Total Time: 0.221600
Target label 100 (intensities: 100-255) converged in 43 iterations.
Initializing Time: 0.236639
Processing Time: 0.001746
Total Time: 0.238389

Total Execution Time for LSS algorithm was: 244.232601 ms

