Target label 60 (intensities: 100-255) converged in 37 iterations.
Initializing Time: 0.185824
Processing Time: 0.033854
Total Time: 0.219687
Target label 80 (intensities: 100-255) converged in 35 iterations.
Initializing Time: 0.204536
Processing Time: 0.015208
Total Time: 0.219753
Target label 180 (intensities: 100-255) converged in 59 iterations.
Initializing Time: 0.195646
Processing Time: 0.024158
Total Time: 0.219813
Target label 140 (intensities: 100-255) converged in 41 iterations.
Initializing Time: 0.195383
Processing Time: 0.024509
Total Time: 0.219896
Target label 160 (intensities: 100-255) converged in 50 iterations.
Initializing Time: 0.204889
Processing Time: 0.015024
Total Time: 0.219918
Target label 100 (intensities: 100-255) converged in 43 iterations.
Initializing Time: 0.195746
Processing Time: 0.024195
Total Time: 0.219947
Target label 200 (intensities: 100-255) converged in 20 iterations.
Initializing Time: 0.215107
Processing Time: 0.005243
Total Time: 0.220355
Target label 220 (intensities: 100-255) converged in 45 iterations.
Initializing Time: 0.210655
Processing Time: 0.010256
Total Time: 0.220914
Target label 120 (intensities: 100-255) converged in 50 iterations.
Initializing Time: 0.211926
Processing Time: 0.009469
Total Time: 0.221400
Target label 240 (intensities: 100-255) converged in 46 iterations.
Initializing Time: 0.222681
Processing Time: 0.002282
Total Time: 0.224967

Total Execution Time for LSS algorithm was: 230.875038 ms

