Target label 60 (intensities: 100-255) converged in 37 iterations.
Initializing Time: 0.202144
Processing Time: 0.015896
Total Time: 0.218046
Target label 180 (intensities: 100-255) converged in 59 iterations.
Initializing Time: 0.217441
Processing Time: 0.008733
Total Time: 0.226180
Target label 120 (intensities: 100-255) converged in 50 iterations.
Initializing Time: 0.214280
Processing Time: 0.011922
Total Time: 0.226207
Target label 80 (intensities: 100-255) converged in 35 iterations.
Initializing Time: 0.214209
Processing Time: 0.012492
Total Time: 0.226706
Target label 140 (intensities: 100-255) converged in 41 iterations.
Initializing Time: 0.219391
Processing Time: 0.008421
Total Time: 0.227817
Target label 200 (intensities: 100-255) converged in 20 iterations.
Initializing Time: 0.227411
Processing Time: 0.001166
Total Time: 0.228583
Target label 240 (intensities: 100-255) converged in 46 iterations.
Initializing Time: 0.232705
Processing Time: 0.004590
Total Time: 0.237300
Target label 220 (intensities: 100-255) converged in 45 iterations.
Initializing Time: 0.235527
Processing Time: 0.005232
Total Time: 0.240763
Target label 160 (intensities: 100-255) converged in 50 iterations.
Initializing Time: 0.238053
Processing Time: 0.004013
Total Time: 0.242070
Target label 100 (intensities: 100-255) converged in 43 iterations.
Initializing Time: 0.251665
Processing Time: 0.001895
Total Time: 0.253565

Total Execution Time for LSS algorithm was: 259.421384 ms

