Target label 60 (intensities: 100-255) converged in 37 iterations.
Initializing Time: 0.170526
Processing Time: 0.020233
Total Time: 0.190764
Target label 120 (intensities: 100-255) converged in 50 iterations.
Initializing Time: 0.184875
Processing Time: 0.011923
Total Time: 0.196803
Target label 80 (intensities: 100-255) converged in 35 iterations.
Initializing Time: 0.185032
Processing Time: 0.012153
Total Time: 0.197190
Target label 240 (intensities: 100-255) converged in 46 iterations.
Initializing Time: 0.191453
Processing Time: 0.005961
Total Time: 0.197419
Target label 140 (intensities: 100-255) converged in 41 iterations.
Initializing Time: 0.184392
Processing Time: 0.015607
Total Time: 0.200003
Target label 100 (intensities: 100-255) converged in 43 iterations.
Initializing Time: 0.191076
Processing Time: 0.009636
Total Time: 0.200717
Target label 160 (intensities: 100-255) converged in 50 iterations.
Initializing Time: 0.197283
Processing Time: 0.005228
Total Time: 0.202516
Target label 220 (intensities: 100-255) converged in 45 iterations.
Initializing Time: 0.206828
Processing Time: 0.002221
Total Time: 0.209054
Target label 180 (intensities: 100-255) converged in 59 iterations.
Initializing Time: 0.207021
Processing Time: 0.002754
Total Time: 0.209779
Target label 200 (intensities: 100-255) converged in 20 iterations.
Initializing Time: 0.220547
Processing Time: 0.000985
Total Time: 0.221536

Total Execution Time for LSS algorithm was: 227.339984 ms

