2019-02-25T01:31:46+00:00 baba#01 I: Start test suite:0:forty_one_anf.
2019-02-25T01:31:46+00:00 baba#01 I: Test suite:0:forty_one_anf is successful.
2019-02-25T01:31:46+00:00 baba#01 I: End test suite:0:forty_one_anf.
2019-02-25T01:31:46+00:00 baba#01 I: Start test suite:2:forty_one_run_anf.
2019-02-25T01:31:46+00:00 baba#01 I: Test suite:2:forty_one_run_anf is successful.
2019-02-25T01:31:46+00:00 baba#01 I: End test suite:2:forty_one_run_anf.
2019-02-25T01:31:46+00:00 baba#01 I: Start test suite:5:if1.
2019-02-25T01:31:46+00:00 baba#01 I: Test suite:5:if1 is successful.
2019-02-25T01:31:46+00:00 baba#01 I: End test suite:5:if1.
2019-02-25T01:31:46+00:00 baba#01 I: Start test suite:7:integration3.
2019-02-25T01:31:46+00:00 baba#01 I: Test suite:7:integration3 is successful.
2019-02-25T01:31:46+00:00 baba#01 I: End test suite:7:integration3.
2019-02-25T01:31:46+00:00 baba#01 I: Start test suite:8:overflow.
2019-02-25T01:31:46+00:00 baba#01 I: Test suite:8:overflow is successful.
2019-02-25T01:31:46+00:00 baba#01 I: End test suite:8:overflow.
2019-02-25T01:31:46+00:00 baba#01 I: Start test suite:9:integration1.
2019-02-25T01:31:46+00:00 baba#01 I: Test suite:9:integration1 is successful.
2019-02-25T01:31:46+00:00 baba#01 I: End test suite:9:integration1.
2019-02-25T01:31:46+00:00 baba#01 I: Start test suite:13:integration6.
2019-02-25T01:31:46+00:00 baba#01 I: Test suite:13:integration6 is successful.
2019-02-25T01:31:46+00:00 baba#01 I: End test suite:13:integration6.
2019-02-25T01:31:46+00:00 baba#01 I: Start test suite:14:integration7.
2019-02-25T01:31:46+00:00 baba#01 I: Test suite:14:integration7 is successful.
2019-02-25T01:31:46+00:00 baba#01 I: End test suite:14:integration7.
