2019-02-25T01:31:46+00:00 baba#02 I: Start test suite:1:scope_err1.
2019-02-25T01:31:46+00:00 baba#02 I: Test suite:1:scope_err1 is successful.
2019-02-25T01:31:46+00:00 baba#02 I: End test suite:1:scope_err1.
2019-02-25T01:31:46+00:00 baba#02 I: Start test suite:3:forty_one.
2019-02-25T01:31:46+00:00 baba#02 I: Test suite:3:forty_one is successful.
2019-02-25T01:31:46+00:00 baba#02 I: End test suite:3:forty_one.
2019-02-25T01:31:46+00:00 baba#02 I: Start test suite:4:test.
2019-02-25T01:31:46+00:00 baba#02 I: Test suite:4:test is successful.
2019-02-25T01:31:46+00:00 baba#02 I: End test suite:4:test.
2019-02-25T01:31:46+00:00 baba#02 I: Start test suite:6:if2.
2019-02-25T01:31:46+00:00 baba#02 I: Test suite:6:if2 is successful.
2019-02-25T01:31:46+00:00 baba#02 I: End test suite:6:if2.
2019-02-25T01:31:46+00:00 baba#02 I: Start test suite:10:integration2.
2019-02-25T01:31:46+00:00 baba#02 I: Test suite:10:integration2 is successful.
2019-02-25T01:31:46+00:00 baba#02 I: End test suite:10:integration2.
2019-02-25T01:31:46+00:00 baba#02 I: Start test suite:11:integration3.
2019-02-25T01:31:46+00:00 baba#02 I: Test suite:11:integration3 is successful.
2019-02-25T01:31:46+00:00 baba#02 I: End test suite:11:integration3.
2019-02-25T01:31:46+00:00 baba#02 I: Start test suite:12:integration4.
2019-02-25T01:31:46+00:00 baba#02 I: Test suite:12:integration4 is successful.
2019-02-25T01:31:46+00:00 baba#02 I: End test suite:12:integration4.
