Unable to open 'inputs/circle/circle-circle.intensities.pgm'.
Unable to open 'inputs/circle/circle-circle.label-.pgm'.
Finished Processing files with 1 Objects in the image of size 0x0
==20840== NVPROF is profiling process 20840, command: algorithms/lss/cuda-opt/lss --image inputs/circle/circle-circle.intensities.pgm --labels inputs/circle/circle-circle.label-.pgm --params inputs/circle/circle.params
==20840== Warning: Some kernel(s) will be replayed on device 0 in order to collect all events/metrics.
Allocating arrays in GPU memory.
Running algorithm on GPU.
Kernel Execution Time: 1355.902710 ms
Total GPU Execution Time: 1356.639282 ms
target label: 255 converged in 1 iterations.
Produccing final image file result.ppm.
==20840== Profiling application: algorithms/lss/cuda-opt/lss --image inputs/circle/circle-circle.intensities.pgm --labels inputs/circle/circle-circle.label-.pgm --params inputs/circle/circle.params
==20840== Profiling result:
==20840== Metric result:
Invocations                               Metric Name                        Metric Description         Min         Max         Avg
Device "Tesla K20m (0)"
	Kernel: evolveContour(unsigned int*, unsigned int*, int*, int*, int, int, int*, int*, int*, int, unsigned int*, unsigned int*, unsigned int*)
          1                  l1_cache_global_hit_rate                        L1 Global Hit Rate       0.00%       0.00%       0.00%
          1                   l1_cache_local_hit_rate                         L1 Local Hit Rate      90.54%      90.54%      90.54%
          1                             sm_efficiency                   Multiprocessor Activity      10.67%      10.67%      10.67%
          1                                       ipc                              Executed IPC    0.076715    0.076715    0.076715
          1                        achieved_occupancy                        Achieved Occupancy    0.023616    0.023616    0.023616
          1                  gld_requested_throughput          Requested Global Load Throughput  38.251MB/s  38.251MB/s  38.251MB/s
          1                  gst_requested_throughput         Requested Global Store Throughput  19.926MB/s  19.926MB/s  19.926MB/s
          1                    sm_efficiency_instance                   Multiprocessor Activity      10.67%      10.67%      10.67%
          1                              ipc_instance                              Executed IPC    0.076715    0.076715    0.076715
          1                      inst_replay_overhead               Instruction Replay Overhead    0.118996    0.118996    0.118996
          1                    shared_replay_overhead             Shared Memory Replay Overhead    0.000000    0.000000    0.000000
          1                    global_replay_overhead             Global Memory Replay Overhead    0.000120    0.000120    0.000120
          1              global_cache_replay_overhead       Global Memory Cache Replay Overhead    0.000000    0.000000    0.000000
          1                        tex_cache_hit_rate                    Texture Cache Hit Rate      52.17%      52.17%      52.17%
          1                      tex_cache_throughput                  Texture Cache Throughput  13.111MB/s  13.111MB/s  13.111MB/s
          1                      dram_read_throughput             Device Memory Read Throughput  16.388MB/s  16.388MB/s  16.388MB/s
          1                     dram_write_throughput            Device Memory Write Throughput  179.67MB/s  179.67MB/s  179.67MB/s
          1                            gst_throughput                   Global Store Throughput  23.241MB/s  23.241MB/s  23.241MB/s
          1                            gld_throughput                    Global Load Throughput  31.882MB/s  31.882MB/s  31.882MB/s
          1                     local_replay_overhead        Local Memory Cache Replay Overhead    0.004611    0.004611    0.004611
          1                         shared_efficiency                  Shared Memory Efficiency      13.25%      13.25%      13.25%
          1                            gld_efficiency             Global Memory Load Efficiency     119.98%     119.98%     119.98%
          1                            gst_efficiency            Global Memory Store Efficiency      85.74%      85.74%      85.74%
          1                       l2_l1_read_hit_rate                    L2 Hit Rate (L1 Reads)      69.35%      69.35%      69.35%
          1                  l2_texture_read_hit_rate               L2 Hit Rate (Texture Reads)     125.00%     125.00%     125.00%
          1                     l2_l1_read_throughput                  L2 Throughput (L1 Reads)  100.12MB/s  100.12MB/s  100.12MB/s
          1                l2_texture_read_throughput             L2 Throughput (Texture Reads)  4.7675MB/s  4.7675MB/s  4.7675MB/s
          1                     local_memory_overhead                     Local Memory Overhead      73.46%      73.46%      73.46%
          1                 warp_execution_efficiency                 Warp Execution Efficiency      49.04%      49.04%      49.04%
          1               nc_gld_requested_throughput  Requested Non-Coherent Global Load Throu  0.00000B/s  0.00000B/s  0.00000B/s
          1                                issued_ipc                                Issued IPC    0.084888    0.084888    0.084888
          1                             inst_per_warp                     Instructions per warp  285.964286  285.964286  285.964286
          1                    issue_slot_utilization                    Issue Slot Utilization       1.63%       1.63%       1.63%
          1       local_load_transactions_per_request  Local Memory Load Transactions Per Reque    1.015464    1.015464    1.015464
          1      local_store_transactions_per_request  Local Memory Store Transactions Per Requ    1.014286    1.014286    1.014286
          1      shared_load_transactions_per_request  Shared Memory Load Transactions Per Requ    1.000000    1.000000    1.000000
          1     shared_store_transactions_per_request  Shared Memory Store Transactions Per Req    1.010204    1.010204    1.010204
          1              gld_transactions_per_request      Global Load Transactions Per Request    4.114286    4.114286    4.114286
          1              gst_transactions_per_request     Global Store Transactions Per Request    7.433333    7.433333    7.433333
          1                   local_load_transactions                   Local Load Transactions         197         197         197
          1                  local_store_transactions                  Local Store Transactions         213         213         213
          1                  shared_load_transactions                  Shared Load Transactions         289         289         289
          1                 shared_store_transactions                 Shared Store Transactions         198         198         198
          1                          gld_transactions                  Global Load Transactions         144         144         144
          1                          gst_transactions                 Global Store Transactions         223         223         223
          1                  sysmem_read_transactions           System Memory Read Transactions           0           0           0
          1                 sysmem_write_transactions          System Memory Write Transactions           8           8           8
          1                    tex_cache_transactions                Texture Cache Transactions          44          44          44
          1                    dram_read_transactions           Device Memory Read Transactions          55          55          55
          1                   dram_write_transactions          Device Memory Write Transactions         603         603         603
          1                      l2_read_transactions                      L2 Read Transactions        2789        2789        2789
          1                     l2_write_transactions                     L2 Write Transactions         434         434         434
          1                     local_load_throughput              Local Memory Load Throughput  244.33MB/s  244.33MB/s  244.33MB/s
          1                    local_store_throughput             Local Memory Store Throughput  214.54MB/s  214.54MB/s  214.54MB/s
          1                    shared_load_throughput             Shared Memory Load Throughput  688.90MB/s  688.90MB/s  688.90MB/s
          1                   shared_store_throughput            Shared Memory Store Throughput  471.98MB/s  471.98MB/s  471.98MB/s
          1                        l2_read_throughput                     L2 Throughput (Reads)  831.03MB/s  831.03MB/s  831.03MB/s
          1                       l2_write_throughput                    L2 Throughput (Writes)  129.32MB/s  129.32MB/s  129.32MB/s
          1                    sysmem_read_throughput             System Memory Read Throughput  0.00000B/s  0.00000B/s  0.00000B/s
          1                   sysmem_write_throughput            System Memory Write Throughput  2.3837MB/s  2.3837MB/s  2.3837MB/s
          1         warp_nonpred_execution_efficiency  Warp Non-Predicated Execution Efficiency      46.40%      46.40%      46.40%
          1                                 cf_issued          Issued Control-Flow Instructions        1868        1868        1868
          1                               cf_executed        Executed Control-Flow Instructions        1721        1721        1721
          1                               ldst_issued            Issued Load/Store Instructions        1633        1633        1633
          1                             ldst_executed          Executed Load/Store Instructions        1491        1491        1491
          1                             flop_count_sp  Floating Point Operations(Single Precisi           0           0           0
          1                         flop_count_sp_add  Floating Point Operations(Single Precisi           0           0           0
          1                         flop_count_sp_mul  Floating Point Operation(Single Precisio           0           0           0
          1                         flop_count_sp_fma  Floating Point Operations(Single Precisi           0           0           0
          1                             flop_count_dp  Floating Point Operations(Double Precisi           0           0           0
          1                         flop_count_dp_add  Floating Point Operations(Double Precisi           0           0           0
          1                         flop_count_dp_mul  Floating Point Operations(Double Precisi           0           0           0
          1                         flop_count_dp_fma  Floating Point Operations(Double Preciso           0           0           0
          1                     flop_count_sp_special  Floating Point Operations(Single Precisi           0           0           0
          1                          stall_inst_fetch  Issue Stall Reasons (Instructions Fetch)      22.15%      22.15%      22.15%
          1                     stall_exec_dependency  Issue Stall Reasons (Execution Dependenc      45.16%      45.16%      45.16%
          1                   stall_memory_dependency        Issue Stall Reasons (Data Request)      16.66%      16.66%      16.66%
          1                             stall_texture             Issue Stall Reasons (Texture)       0.27%       0.27%       0.27%
          1                                stall_sync     Issue Stall Reasons (Synchronization)       4.47%       4.47%       4.47%
          1                               stall_other               Issue Stall Reasons (Other)       1.47%       1.47%       1.47%
          1                     l1_shared_utilization              L1/Shared Memory Utilization     Low (1)     Low (1)     Low (1)
          1                            l2_utilization                      L2 Cache Utilization     Low (1)     Low (1)     Low (1)
          1                           tex_utilization                 Texture Cache Utilization     Low (1)     Low (1)     Low (1)
          1                          dram_utilization                 Device Memory Utilization     Low (1)     Low (1)     Low (1)
          1                        sysmem_utilization                 System Memory Utilization     Low (1)     Low (1)     Low (1)
          1                       ldst_fu_utilization      Load/Store Function Unit Utilization     Low (1)     Low (1)     Low (1)
          1                        alu_fu_utilization      Arithmetic Function Unit Utilization     Low (1)     Low (1)     Low (1)
          1                         cf_fu_utilization    Control-Flow Function Unit Utilization     Low (1)     Low (1)     Low (1)
          1                        tex_fu_utilization         Texture Function Unit Utilization     Low (1)     Low (1)     Low (1)
          1                             inst_executed                     Instructions Executed        8310        8310        8310
          1                               inst_issued                       Instructions Issued        9225        9225        9225
          1                               issue_slots                               Issue Slots        7067        7067        7067
          1                     nc_l2_read_throughput        L2 Throughput (Non-Coherent Reads)  1.1919MB/s  1.1919MB/s  1.1919MB/s
          1                   nc_l2_read_transactions         L2 Non-Coherent Read Transactions           4           4           4
          1                  nc_cache_global_hit_rate              Non-Coherent Global Hit Rate      76.47%      76.47%      76.47%
          1                         nc_gld_throughput  Non-Coherent Global Memory Load Throughp  5.0654MB/s  5.0654MB/s  5.0654MB/s
          1                         nc_gld_efficiency       Non-Coherent Global Load Efficiency       0.00%       0.00%       0.00%
          1                      l2_atomic_throughput           L2 Throughput (Atomic requests)  47.377MB/s  47.377MB/s  47.377MB/s
          1                                inst_fp_32                   FP Instructions(Single)           0           0           0
          1                                inst_fp_64                   FP Instructions(Double)           0           0           0
          1                              inst_integer                      Integer Instructions       48716       48716       48716
          1                          inst_bit_convert                  Bit-Convert Instructions        1024        1024        1024
          1                              inst_control                 Control-Flow Instructions        6975        6975        6975
          1                        inst_compute_ld_st                   Load/Store Instructions       16535       16535       16535
          1                                 inst_misc                         Misc Instructions       20112       20112       20112
          1           inst_inter_thread_communication                 Inter-Thread Instructions           0           0           0
          1                    atomic_replay_overhead                    Atomic Replay Overhead    0.000243    0.000243    0.000243
          1                       atomic_transactions                       Atomic Transactions         114         114         114
          1           atomic_transactions_per_request           Atomic Transactions Per Request    1.017857    1.017857    1.017857
          1                   l2_l1_read_transactions   L2 Read Transactions (L1 read requests)         336         336         336
          1                  l2_l1_write_transactions  L2 Write Transactions (L1 write requests         361         361         361
          1                  l2_tex_read_transactions           L2 Transactions (Texture Reads)          16          16          16
          1                    l2_l1_write_throughput                 L2 Throughput (L1 Writes)  107.57MB/s  107.57MB/s  107.57MB/s
          1                    l2_atomic_transactions         L2 Transactions (Atomic requests)         318         318         318
          1                          ecc_transactions                          ECC Transactions         152         152         152
          1                            ecc_throughput                            ECC Throughput  45.291MB/s  45.291MB/s  45.291MB/s
          1                           stall_pipe_busy           Issue Stall Reasons (Pipe Busy)       0.50%       0.50%       0.50%
          1          stall_constant_memory_dependency  Issue Stall Reasons (Immediate constant)       8.50%       8.50%       8.50%
          1                        flop_sp_efficiency              FLOP Efficiency(Peak Single)       0.00%       0.00%       0.00%
          1                        flop_dp_efficiency              FLOP Efficiency(Peak Double)       0.00%       0.00%       0.00%
          1                     stall_memory_throttle     Issue Stall Reasons (Memory Throttle)       0.38%       0.38%       0.38%
          1                        stall_not_selected        Issue Stall Reasons (Not Selected)       0.44%       0.44%       0.44%
          1                  eligible_warps_per_cycle           Eligible Warps Per Active Cycle    0.070478    0.070478    0.070478
          1                         atomic_throughput                         Atomic Throughput  135.87MB/s  135.87MB/s  135.87MB/s
