2019-03-28T21:48:43+00:00 Egbantans-MacBook-Pro.local#01 I: Start test suite:0:welfrom1.
2019-03-28T21:48:43+00:00 Egbantans-MacBook-Pro.local#01 E: Test suite:0:welfrom1 has failed.
2019-03-28T21:48:43+00:00 Egbantans-MacBook-Pro.local#01 E: expected: Error: error index too small: The tuple  at <welfrom1, 2:18-2:32>  was accessed with an index of -1
2019-03-28T21:48:43+00:00 Egbantans-MacBook-Pro.local#01 E: 
2019-03-28T21:48:43+00:00 Egbantans-MacBook-Pro.local#01 E: but got: Error:  error index too small: The tuple  at <welfrom1, 2:18-2:32>  was accessed with an index of -1
2019-03-28T21:48:43+00:00 Egbantans-MacBook-Pro.local#01 E:  in test suite:0:welfrom1.
2019-03-28T21:48:43+00:00 Egbantans-MacBook-Pro.local#01 E: Raised at file "src/oUnitAssert.ml", line 45, characters 2-27
2019-03-28T21:48:43+00:00 Egbantans-MacBook-Pro.local#01 E: Called from file "src/oUnitRunner.ml", line 46, characters 13-26
2019-03-28T21:48:43+00:00 Egbantans-MacBook-Pro.local#01 E: 
2019-03-28T21:48:43+00:00 Egbantans-MacBook-Pro.local#01 I: End test suite:0:welfrom1.
2019-03-28T21:48:43+00:00 Egbantans-MacBook-Pro.local#01 I: Start test suite:2:welfformnillequal.
2019-03-28T21:48:43+00:00 Egbantans-MacBook-Pro.local#01 I: Test suite:2:welfformnillequal is successful.
2019-03-28T21:48:43+00:00 Egbantans-MacBook-Pro.local#01 I: End test suite:2:welfformnillequal.
2019-03-28T21:48:43+00:00 Egbantans-MacBook-Pro.local#01 I: Start test suite:4:wellformederrortypelist2.
2019-03-28T21:48:43+00:00 Egbantans-MacBook-Pro.local#01 I: Test suite:4:wellformederrortypelist2 is successful.
2019-03-28T21:48:43+00:00 Egbantans-MacBook-Pro.local#01 I: End test suite:4:wellformederrortypelist2.
2019-03-28T21:48:43+00:00 Egbantans-MacBook-Pro.local#01 I: Start test suite:6:wellformederrortypelist4.
2019-03-28T21:48:43+00:00 Egbantans-MacBook-Pro.local#01 I: Test suite:6:wellformederrortypelist4 is successful.
2019-03-28T21:48:43+00:00 Egbantans-MacBook-Pro.local#01 I: End test suite:6:wellformederrortypelist4.
2019-03-28T21:48:43+00:00 Egbantans-MacBook-Pro.local#01 I: Start test suite:8:fnt2.
2019-03-28T21:48:43+00:00 Egbantans-MacBook-Pro.local#01 I: Test suite:8:fnt2 is successful.
2019-03-28T21:48:43+00:00 Egbantans-MacBook-Pro.local#01 I: End test suite:8:fnt2.
2019-03-28T21:48:43+00:00 Egbantans-MacBook-Pro.local#01 I: Start test suite:9:if_1.
2019-03-28T21:48:43+00:00 Egbantans-MacBook-Pro.local#01 E: Test suite:9:if_1 has failed.
2019-03-28T21:48:43+00:00 Egbantans-MacBook-Pro.local#01 E: expected: Error: if expected a boolean, but got 54
2019-03-28T21:48:43+00:00 Egbantans-MacBook-Pro.local#01 E: 
2019-03-28T21:48:43+00:00 Egbantans-MacBook-Pro.local#01 E: but got: Error: Error 2: if expected a boolean, but got 54
2019-03-28T21:48:43+00:00 Egbantans-MacBook-Pro.local#01 E: 
2019-03-28T21:48:43+00:00 Egbantans-MacBook-Pro.local#01 E:  in test suite:9:if_1.
2019-03-28T21:48:43+00:00 Egbantans-MacBook-Pro.local#01 E: Raised at file "src/oUnitAssert.ml", line 45, characters 2-27
2019-03-28T21:48:43+00:00 Egbantans-MacBook-Pro.local#01 E: Called from file "src/oUnitRunner.ml", line 46, characters 13-26
2019-03-28T21:48:43+00:00 Egbantans-MacBook-Pro.local#01 E: 
2019-03-28T21:48:43+00:00 Egbantans-MacBook-Pro.local#01 I: End test suite:9:if_1.
2019-03-28T21:48:43+00:00 Egbantans-MacBook-Pro.local#01 I: Start test suite:11:if_3.
2019-03-28T21:48:43+00:00 Egbantans-MacBook-Pro.local#01 I: Test suite:11:if_3 is successful.
2019-03-28T21:48:43+00:00 Egbantans-MacBook-Pro.local#01 I: End test suite:11:if_3.
2019-03-28T21:48:43+00:00 Egbantans-MacBook-Pro.local#01 I: Start test suite:12:if_5.
2019-03-28T21:48:43+00:00 Egbantans-MacBook-Pro.local#01 I: Test suite:12:if_5 is successful.
2019-03-28T21:48:43+00:00 Egbantans-MacBook-Pro.local#01 I: End test suite:12:if_5.
2019-03-28T21:48:43+00:00 Egbantans-MacBook-Pro.local#01 I: Start test suite:15:printplus1.
2019-03-28T21:48:43+00:00 Egbantans-MacBook-Pro.local#01 I: Test suite:15:printplus1 is successful.
2019-03-28T21:48:43+00:00 Egbantans-MacBook-Pro.local#01 I: End test suite:15:printplus1.
2019-03-28T21:48:43+00:00 Egbantans-MacBook-Pro.local#01 I: Start test suite:16:sub_1.
2019-03-28T21:48:44+00:00 Egbantans-MacBook-Pro.local#01 I: Test suite:16:sub_1 is successful.
2019-03-28T21:48:44+00:00 Egbantans-MacBook-Pro.local#01 I: End test suite:16:sub_1.
2019-03-28T21:48:44+00:00 Egbantans-MacBook-Pro.local#01 I: Start test suite:18:subprint2.
2019-03-28T21:48:44+00:00 Egbantans-MacBook-Pro.local#01 I: Test suite:18:subprint2 is successful.
2019-03-28T21:48:44+00:00 Egbantans-MacBook-Pro.local#01 I: End test suite:18:subprint2.
2019-03-28T21:48:44+00:00 Egbantans-MacBook-Pro.local#01 I: Start test suite:20:subprint4.
2019-03-28T21:48:44+00:00 Egbantans-MacBook-Pro.local#01 I: Test suite:20:subprint4 is successful.
2019-03-28T21:48:44+00:00 Egbantans-MacBook-Pro.local#01 I: End test suite:20:subprint4.
2019-03-28T21:48:44+00:00 Egbantans-MacBook-Pro.local#01 I: Start test suite:23:timesprint2.
2019-03-28T21:48:44+00:00 Egbantans-MacBook-Pro.local#01 I: Test suite:23:timesprint2 is successful.
2019-03-28T21:48:44+00:00 Egbantans-MacBook-Pro.local#01 I: End test suite:23:timesprint2.
2019-03-28T21:48:44+00:00 Egbantans-MacBook-Pro.local#01 I: Start test suite:25:timesprint4.
2019-03-28T21:48:44+00:00 Egbantans-MacBook-Pro.local#01 I: Test suite:25:timesprint4 is successful.
2019-03-28T21:48:44+00:00 Egbantans-MacBook-Pro.local#01 I: End test suite:25:timesprint4.
2019-03-28T21:48:44+00:00 Egbantans-MacBook-Pro.local#01 I: Start test suite:27:and_1.
2019-03-28T21:48:44+00:00 Egbantans-MacBook-Pro.local#01 I: Test suite:27:and_1 is successful.
2019-03-28T21:48:44+00:00 Egbantans-MacBook-Pro.local#01 I: End test suite:27:and_1.
2019-03-28T21:48:44+00:00 Egbantans-MacBook-Pro.local#01 I: Start test suite:28:and_2.
2019-03-28T21:48:44+00:00 Egbantans-MacBook-Pro.local#01 I: Test suite:28:and_2 is successful.
2019-03-28T21:48:44+00:00 Egbantans-MacBook-Pro.local#01 I: End test suite:28:and_2.
2019-03-28T21:48:44+00:00 Egbantans-MacBook-Pro.local#01 I: Start test suite:30:and_4.
2019-03-28T21:48:44+00:00 Egbantans-MacBook-Pro.local#01 E: Test suite:30:and_4 has failed.
2019-03-28T21:48:44+00:00 Egbantans-MacBook-Pro.local#01 E: expected: Error: logic expected a boolean, but got 1
2019-03-28T21:48:44+00:00 Egbantans-MacBook-Pro.local#01 E: 
2019-03-28T21:48:44+00:00 Egbantans-MacBook-Pro.local#01 E: but got: Error: Error 1: logic expected a boolean, but got 1
2019-03-28T21:48:44+00:00 Egbantans-MacBook-Pro.local#01 E: 
2019-03-28T21:48:44+00:00 Egbantans-MacBook-Pro.local#01 E:  in test suite:30:and_4.
2019-03-28T21:48:44+00:00 Egbantans-MacBook-Pro.local#01 E: Raised at file "src/oUnitAssert.ml", line 45, characters 2-27
2019-03-28T21:48:44+00:00 Egbantans-MacBook-Pro.local#01 E: Called from file "src/oUnitRunner.ml", line 46, characters 13-26
2019-03-28T21:48:44+00:00 Egbantans-MacBook-Pro.local#01 E: 
2019-03-28T21:48:44+00:00 Egbantans-MacBook-Pro.local#01 I: End test suite:30:and_4.
2019-03-28T21:48:44+00:00 Egbantans-MacBook-Pro.local#01 I: Start test suite:32:and_6.
2019-03-28T21:48:44+00:00 Egbantans-MacBook-Pro.local#01 E: Test suite:32:and_6 has failed.
2019-03-28T21:48:44+00:00 Egbantans-MacBook-Pro.local#01 E: expected: Error: logic expected a boolean, but got 1
2019-03-28T21:48:44+00:00 Egbantans-MacBook-Pro.local#01 E: 
2019-03-28T21:48:44+00:00 Egbantans-MacBook-Pro.local#01 E: but got: Error: Error 1: logic expected a boolean, but got 1
2019-03-28T21:48:44+00:00 Egbantans-MacBook-Pro.local#01 E: 
2019-03-28T21:48:44+00:00 Egbantans-MacBook-Pro.local#01 E:  in test suite:32:and_6.
2019-03-28T21:48:44+00:00 Egbantans-MacBook-Pro.local#01 E: Raised at file "src/oUnitAssert.ml", line 45, characters 2-27
2019-03-28T21:48:44+00:00 Egbantans-MacBook-Pro.local#01 E: Called from file "src/oUnitRunner.ml", line 46, characters 13-26
2019-03-28T21:48:44+00:00 Egbantans-MacBook-Pro.local#01 E: 
2019-03-28T21:48:44+00:00 Egbantans-MacBook-Pro.local#01 I: End test suite:32:and_6.
2019-03-28T21:48:44+00:00 Egbantans-MacBook-Pro.local#01 I: Start test suite:34:or_2.
2019-03-28T21:48:45+00:00 Egbantans-MacBook-Pro.local#01 I: Test suite:34:or_2 is successful.
2019-03-28T21:48:45+00:00 Egbantans-MacBook-Pro.local#01 I: End test suite:34:or_2.
2019-03-28T21:48:45+00:00 Egbantans-MacBook-Pro.local#01 I: Start test suite:36:or_4.
2019-03-28T21:48:45+00:00 Egbantans-MacBook-Pro.local#01 E: Test suite:36:or_4 has failed.
2019-03-28T21:48:45+00:00 Egbantans-MacBook-Pro.local#01 E: expected: Error: logic expected a boolean, but got 1
2019-03-28T21:48:45+00:00 Egbantans-MacBook-Pro.local#01 E: 
2019-03-28T21:48:45+00:00 Egbantans-MacBook-Pro.local#01 E: but got: Error: Error 1: logic expected a boolean, but got 1
2019-03-28T21:48:45+00:00 Egbantans-MacBook-Pro.local#01 E: 
2019-03-28T21:48:45+00:00 Egbantans-MacBook-Pro.local#01 E:  in test suite:36:or_4.
2019-03-28T21:48:45+00:00 Egbantans-MacBook-Pro.local#01 E: Raised at file "src/oUnitAssert.ml", line 45, characters 2-27
2019-03-28T21:48:45+00:00 Egbantans-MacBook-Pro.local#01 E: Called from file "src/oUnitRunner.ml", line 46, characters 13-26
2019-03-28T21:48:45+00:00 Egbantans-MacBook-Pro.local#01 E: 
2019-03-28T21:48:45+00:00 Egbantans-MacBook-Pro.local#01 I: End test suite:36:or_4.
2019-03-28T21:48:45+00:00 Egbantans-MacBook-Pro.local#01 I: Start test suite:38:greater_1.
2019-03-28T21:48:45+00:00 Egbantans-MacBook-Pro.local#01 I: Test suite:38:greater_1 is successful.
2019-03-28T21:48:45+00:00 Egbantans-MacBook-Pro.local#01 I: End test suite:38:greater_1.
2019-03-28T21:48:45+00:00 Egbantans-MacBook-Pro.local#01 I: Start test suite:40:greater_3.
2019-03-28T21:48:45+00:00 Egbantans-MacBook-Pro.local#01 I: Test suite:40:greater_3 is successful.
2019-03-28T21:48:45+00:00 Egbantans-MacBook-Pro.local#01 I: End test suite:40:greater_3.
2019-03-28T21:48:45+00:00 Egbantans-MacBook-Pro.local#01 I: Start test suite:42:greater_4.
2019-03-28T21:48:45+00:00 Egbantans-MacBook-Pro.local#01 E: Test suite:42:greater_4 has failed.
2019-03-28T21:48:45+00:00 Egbantans-MacBook-Pro.local#01 E: expected: Error: comparison expected a number, but got 00ffffffff
2019-03-28T21:48:45+00:00 Egbantans-MacBook-Pro.local#01 E: 
2019-03-28T21:48:45+00:00 Egbantans-MacBook-Pro.local#01 E: but got: Error: Error 4: comparison expected a number, but got 00ffffffff
2019-03-28T21:48:45+00:00 Egbantans-MacBook-Pro.local#01 E: 
2019-03-28T21:48:45+00:00 Egbantans-MacBook-Pro.local#01 E:  in test suite:42:greater_4.
2019-03-28T21:48:45+00:00 Egbantans-MacBook-Pro.local#01 E: Raised at file "src/oUnitAssert.ml", line 45, characters 2-27
2019-03-28T21:48:45+00:00 Egbantans-MacBook-Pro.local#01 E: Called from file "src/oUnitRunner.ml", line 46, characters 13-26
2019-03-28T21:48:45+00:00 Egbantans-MacBook-Pro.local#01 E: 
2019-03-28T21:48:45+00:00 Egbantans-MacBook-Pro.local#01 I: End test suite:42:greater_4.
2019-03-28T21:48:45+00:00 Egbantans-MacBook-Pro.local#01 I: Start test suite:44:greateq_1.
2019-03-28T21:48:45+00:00 Egbantans-MacBook-Pro.local#01 I: Test suite:44:greateq_1 is successful.
2019-03-28T21:48:45+00:00 Egbantans-MacBook-Pro.local#01 I: End test suite:44:greateq_1.
2019-03-28T21:48:45+00:00 Egbantans-MacBook-Pro.local#01 I: Start test suite:46:greateq_3.
2019-03-28T21:48:45+00:00 Egbantans-MacBook-Pro.local#01 I: Test suite:46:greateq_3 is successful.
2019-03-28T21:48:45+00:00 Egbantans-MacBook-Pro.local#01 I: End test suite:46:greateq_3.
2019-03-28T21:48:45+00:00 Egbantans-MacBook-Pro.local#01 I: Start test suite:48:greateq_4.
2019-03-28T21:48:45+00:00 Egbantans-MacBook-Pro.local#01 E: Test suite:48:greateq_4 has failed.
2019-03-28T21:48:45+00:00 Egbantans-MacBook-Pro.local#01 E: expected: Error: comparison expected a number, but got 00ffffffff
2019-03-28T21:48:45+00:00 Egbantans-MacBook-Pro.local#01 E: 
2019-03-28T21:48:45+00:00 Egbantans-MacBook-Pro.local#01 E: but got: Error: Error 4: comparison expected a number, but got 00ffffffff
2019-03-28T21:48:45+00:00 Egbantans-MacBook-Pro.local#01 E: 
2019-03-28T21:48:45+00:00 Egbantans-MacBook-Pro.local#01 E:  in test suite:48:greateq_4.
2019-03-28T21:48:45+00:00 Egbantans-MacBook-Pro.local#01 E: Raised at file "src/oUnitAssert.ml", line 45, characters 2-27
2019-03-28T21:48:45+00:00 Egbantans-MacBook-Pro.local#01 E: Called from file "src/oUnitRunner.ml", line 46, characters 13-26
2019-03-28T21:48:45+00:00 Egbantans-MacBook-Pro.local#01 E: 
2019-03-28T21:48:45+00:00 Egbantans-MacBook-Pro.local#01 I: End test suite:48:greateq_4.
2019-03-28T21:48:45+00:00 Egbantans-MacBook-Pro.local#01 I: Start test suite:50:less1.
2019-03-28T21:48:45+00:00 Egbantans-MacBook-Pro.local#01 I: Test suite:50:less1 is successful.
2019-03-28T21:48:45+00:00 Egbantans-MacBook-Pro.local#01 I: End test suite:50:less1.
2019-03-28T21:48:45+00:00 Egbantans-MacBook-Pro.local#01 I: Start test suite:52:less3.
2019-03-28T21:48:46+00:00 Egbantans-MacBook-Pro.local#01 I: Test suite:52:less3 is successful.
2019-03-28T21:48:46+00:00 Egbantans-MacBook-Pro.local#01 I: End test suite:52:less3.
2019-03-28T21:48:46+00:00 Egbantans-MacBook-Pro.local#01 I: Start test suite:54:less4.
2019-03-28T21:48:46+00:00 Egbantans-MacBook-Pro.local#01 E: Test suite:54:less4 has failed.
2019-03-28T21:48:46+00:00 Egbantans-MacBook-Pro.local#01 E: expected: Error: comparison expected a number, but got 00ffffffff
2019-03-28T21:48:46+00:00 Egbantans-MacBook-Pro.local#01 E: 
2019-03-28T21:48:46+00:00 Egbantans-MacBook-Pro.local#01 E: but got: Error: Error 4: comparison expected a number, but got 00ffffffff
2019-03-28T21:48:46+00:00 Egbantans-MacBook-Pro.local#01 E: 
2019-03-28T21:48:46+00:00 Egbantans-MacBook-Pro.local#01 E:  in test suite:54:less4.
2019-03-28T21:48:46+00:00 Egbantans-MacBook-Pro.local#01 E: Raised at file "src/oUnitAssert.ml", line 45, characters 2-27
2019-03-28T21:48:46+00:00 Egbantans-MacBook-Pro.local#01 E: Called from file "src/oUnitRunner.ml", line 46, characters 13-26
2019-03-28T21:48:46+00:00 Egbantans-MacBook-Pro.local#01 E: 
2019-03-28T21:48:46+00:00 Egbantans-MacBook-Pro.local#01 I: End test suite:54:less4.
2019-03-28T21:48:46+00:00 Egbantans-MacBook-Pro.local#01 I: Start test suite:56:lesseq_1.
2019-03-28T21:48:46+00:00 Egbantans-MacBook-Pro.local#01 I: Test suite:56:lesseq_1 is successful.
2019-03-28T21:48:46+00:00 Egbantans-MacBook-Pro.local#01 I: End test suite:56:lesseq_1.
2019-03-28T21:48:46+00:00 Egbantans-MacBook-Pro.local#01 I: Start test suite:58:lesseq_5.
2019-03-28T21:48:46+00:00 Egbantans-MacBook-Pro.local#01 E: Test suite:58:lesseq_5 has failed.
2019-03-28T21:48:46+00:00 Egbantans-MacBook-Pro.local#01 E: expected: Error: comparison expected a number, but got 007fffffff
2019-03-28T21:48:46+00:00 Egbantans-MacBook-Pro.local#01 E: 
2019-03-28T21:48:46+00:00 Egbantans-MacBook-Pro.local#01 E: but got: Error: Error 4: comparison expected a number, but got 007fffffff
2019-03-28T21:48:46+00:00 Egbantans-MacBook-Pro.local#01 E: 
2019-03-28T21:48:46+00:00 Egbantans-MacBook-Pro.local#01 E:  in test suite:58:lesseq_5.
2019-03-28T21:48:46+00:00 Egbantans-MacBook-Pro.local#01 E: Raised at file "src/oUnitAssert.ml", line 45, characters 2-27
2019-03-28T21:48:46+00:00 Egbantans-MacBook-Pro.local#01 E: Called from file "src/oUnitRunner.ml", line 46, characters 13-26
2019-03-28T21:48:46+00:00 Egbantans-MacBook-Pro.local#01 E: 
2019-03-28T21:48:46+00:00 Egbantans-MacBook-Pro.local#01 I: End test suite:58:lesseq_5.
2019-03-28T21:48:46+00:00 Egbantans-MacBook-Pro.local#01 I: Start test suite:60:eq_1.
2019-03-28T21:48:46+00:00 Egbantans-MacBook-Pro.local#01 I: Test suite:60:eq_1 is successful.
2019-03-28T21:48:46+00:00 Egbantans-MacBook-Pro.local#01 I: End test suite:60:eq_1.
2019-03-28T21:48:46+00:00 Egbantans-MacBook-Pro.local#01 I: Start test suite:62:eq_3.
2019-03-28T21:48:46+00:00 Egbantans-MacBook-Pro.local#01 I: Test suite:62:eq_3 is successful.
2019-03-28T21:48:46+00:00 Egbantans-MacBook-Pro.local#01 I: End test suite:62:eq_3.
2019-03-28T21:48:46+00:00 Egbantans-MacBook-Pro.local#01 I: Start test suite:64:forty_one_anf.
2019-03-28T21:48:46+00:00 Egbantans-MacBook-Pro.local#01 I: Test suite:64:forty_one_anf is successful.
2019-03-28T21:48:46+00:00 Egbantans-MacBook-Pro.local#01 I: End test suite:64:forty_one_anf.
2019-03-28T21:48:46+00:00 Egbantans-MacBook-Pro.local#01 I: Start test suite:65:scope_err1.
2019-03-28T21:48:46+00:00 Egbantans-MacBook-Pro.local#01 E: Test suite:65:scope_err1 has failed.
2019-03-28T21:48:46+00:00 Egbantans-MacBook-Pro.local#01 E: expected: Error: shadows one defined
2019-03-28T21:48:46+00:00 Egbantans-MacBook-Pro.local#01 E: 
2019-03-28T21:48:46+00:00 Egbantans-MacBook-Pro.local#01 E: but got: Error: The identifier x, defined at <scope_err1, 1:4-1:12>, shadows one defined at <scope_err1, 1:44-1:52>
2019-03-28T21:48:46+00:00 Egbantans-MacBook-Pro.local#01 E: The identifier x, redefined at <scope_err1, 1:4-1:12>, duplicates one at <scope_err1, 1:44-1:52>
2019-03-28T21:48:46+00:00 Egbantans-MacBook-Pro.local#01 E:  in test suite:65:scope_err1.
2019-03-28T21:48:46+00:00 Egbantans-MacBook-Pro.local#01 E: Raised at file "src/oUnitAssert.ml", line 45, characters 2-27
2019-03-28T21:48:46+00:00 Egbantans-MacBook-Pro.local#01 E: Called from file "src/oUnitRunner.ml", line 46, characters 13-26
2019-03-28T21:48:46+00:00 Egbantans-MacBook-Pro.local#01 E: 
2019-03-28T21:48:46+00:00 Egbantans-MacBook-Pro.local#01 I: End test suite:65:scope_err1.
2019-03-28T21:48:46+00:00 Egbantans-MacBook-Pro.local#01 I: Start test suite:66:forty_one_run_anf.
2019-03-28T21:48:46+00:00 Egbantans-MacBook-Pro.local#01 I: Test suite:66:forty_one_run_anf is successful.
2019-03-28T21:48:46+00:00 Egbantans-MacBook-Pro.local#01 I: End test suite:66:forty_one_run_anf.
2019-03-28T21:48:46+00:00 Egbantans-MacBook-Pro.local#01 I: Start test suite:68:test1.
2019-03-28T21:48:46+00:00 Egbantans-MacBook-Pro.local#01 I: Test suite:68:test1 is successful.
2019-03-28T21:48:46+00:00 Egbantans-MacBook-Pro.local#01 I: End test suite:68:test1.
2019-03-28T21:48:46+00:00 Egbantans-MacBook-Pro.local#01 I: Start test suite:70:if2.
2019-03-28T21:48:46+00:00 Egbantans-MacBook-Pro.local#01 I: Test suite:70:if2 is successful.
2019-03-28T21:48:46+00:00 Egbantans-MacBook-Pro.local#01 I: End test suite:70:if2.
2019-03-28T21:48:46+00:00 Egbantans-MacBook-Pro.local#01 I: Start test suite:72:overflow.
2019-03-28T21:48:47+00:00 Egbantans-MacBook-Pro.local#01 E: Test suite:72:overflow has failed.
2019-03-28T21:48:47+00:00 Egbantans-MacBook-Pro.local#01 E: expected: Error: overflow
2019-03-28T21:48:47+00:00 Egbantans-MacBook-Pro.local#01 E: 
2019-03-28T21:48:47+00:00 Egbantans-MacBook-Pro.local#01 E: but got: Error: Error 5: overflow value 0080000000
2019-03-28T21:48:47+00:00 Egbantans-MacBook-Pro.local#01 E: 
2019-03-28T21:48:47+00:00 Egbantans-MacBook-Pro.local#01 E:  in test suite:72:overflow.
2019-03-28T21:48:47+00:00 Egbantans-MacBook-Pro.local#01 E: Raised at file "src/oUnitAssert.ml", line 45, characters 2-27
2019-03-28T21:48:47+00:00 Egbantans-MacBook-Pro.local#01 E: Called from file "src/oUnitRunner.ml", line 46, characters 13-26
2019-03-28T21:48:47+00:00 Egbantans-MacBook-Pro.local#01 E: 
2019-03-28T21:48:47+00:00 Egbantans-MacBook-Pro.local#01 I: End test suite:72:overflow.
2019-03-28T21:48:47+00:00 Egbantans-MacBook-Pro.local#01 I: Start test suite:74:funcalls.
2019-03-28T21:48:47+00:00 Egbantans-MacBook-Pro.local#01 I: Test suite:74:funcalls is successful.
2019-03-28T21:48:47+00:00 Egbantans-MacBook-Pro.local#01 I: End test suite:74:funcalls.
2019-03-28T21:48:47+00:00 Egbantans-MacBook-Pro.local#01 I: Start test suite:76:tuplepair1.
2019-03-28T21:48:47+00:00 Egbantans-MacBook-Pro.local#01 I: Test suite:76:tuplepair1 is successful.
2019-03-28T21:48:47+00:00 Egbantans-MacBook-Pro.local#01 I: End test suite:76:tuplepair1.
2019-03-28T21:48:47+00:00 Egbantans-MacBook-Pro.local#01 I: Start test suite:78:tuplepair4.
2019-03-28T21:48:47+00:00 Egbantans-MacBook-Pro.local#01 I: Test suite:78:tuplepair4 is successful.
2019-03-28T21:48:47+00:00 Egbantans-MacBook-Pro.local#01 I: End test suite:78:tuplepair4.
2019-03-28T21:48:47+00:00 Egbantans-MacBook-Pro.local#01 I: Start test suite:80:tuplepair3.
2019-03-28T21:48:47+00:00 Egbantans-MacBook-Pro.local#01 I: Test suite:80:tuplepair3 is successful.
2019-03-28T21:48:47+00:00 Egbantans-MacBook-Pro.local#01 I: End test suite:80:tuplepair3.
2019-03-28T21:48:47+00:00 Egbantans-MacBook-Pro.local#01 I: Start test suite:82:printtuple.
2019-03-28T21:48:47+00:00 Egbantans-MacBook-Pro.local#01 I: Test suite:82:printtuple is successful.
2019-03-28T21:48:47+00:00 Egbantans-MacBook-Pro.local#01 I: End test suite:82:printtuple.
2019-03-28T21:48:47+00:00 Egbantans-MacBook-Pro.local#01 I: Start test suite:84:and.
2019-03-28T21:48:47+00:00 Egbantans-MacBook-Pro.local#01 I: Test suite:84:and is successful.
2019-03-28T21:48:47+00:00 Egbantans-MacBook-Pro.local#01 I: End test suite:84:and.
2019-03-28T21:48:47+00:00 Egbantans-MacBook-Pro.local#01 I: Start test suite:86:tupleeq1.
2019-03-28T21:48:47+00:00 Egbantans-MacBook-Pro.local#01 I: Test suite:86:tupleeq1 is successful.
2019-03-28T21:48:47+00:00 Egbantans-MacBook-Pro.local#01 I: End test suite:86:tupleeq1.
2019-03-28T21:48:47+00:00 Egbantans-MacBook-Pro.local#01 I: Start test suite:88:tupleeq3.
2019-03-28T21:48:48+00:00 Egbantans-MacBook-Pro.local#01 I: Test suite:88:tupleeq3 is successful.
2019-03-28T21:48:48+00:00 Egbantans-MacBook-Pro.local#01 I: End test suite:88:tupleeq3.
2019-03-28T21:48:48+00:00 Egbantans-MacBook-Pro.local#01 I: Start test suite:90:tupleeq5.
2019-03-28T21:48:48+00:00 Egbantans-MacBook-Pro.local#01 I: Test suite:90:tupleeq5 is successful.
2019-03-28T21:48:48+00:00 Egbantans-MacBook-Pro.local#01 I: End test suite:90:tupleeq5.
2019-03-28T21:48:48+00:00 Egbantans-MacBook-Pro.local#01 I: Start test suite:92:tupleeq7.
2019-03-28T21:48:48+00:00 Egbantans-MacBook-Pro.local#01 I: Test suite:92:tupleeq7 is successful.
2019-03-28T21:48:48+00:00 Egbantans-MacBook-Pro.local#01 I: End test suite:92:tupleeq7.
2019-03-28T21:48:48+00:00 Egbantans-MacBook-Pro.local#01 I: Start test suite:95:istuple3.
2019-03-28T21:48:48+00:00 Egbantans-MacBook-Pro.local#01 I: Test suite:95:istuple3 is successful.
2019-03-28T21:48:48+00:00 Egbantans-MacBook-Pro.local#01 I: End test suite:95:istuple3.
2019-03-28T21:48:48+00:00 Egbantans-MacBook-Pro.local#01 I: Start test suite:97:nlet1.
2019-03-28T21:48:48+00:00 Egbantans-MacBook-Pro.local#01 I: Test suite:97:nlet1 is successful.
2019-03-28T21:48:48+00:00 Egbantans-MacBook-Pro.local#01 I: End test suite:97:nlet1.
2019-03-28T21:48:48+00:00 Egbantans-MacBook-Pro.local#01 I: Start test suite:99:nlet3.
2019-03-28T21:48:48+00:00 Egbantans-MacBook-Pro.local#01 I: Test suite:99:nlet3 is successful.
2019-03-28T21:48:48+00:00 Egbantans-MacBook-Pro.local#01 I: End test suite:99:nlet3.
2019-03-28T21:48:48+00:00 Egbantans-MacBook-Pro.local#01 I: Start test suite:101:nlet5.
2019-03-28T21:48:48+00:00 Egbantans-MacBook-Pro.local#01 E: Test suite:101:nlet5 has failed.
2019-03-28T21:48:48+00:00 Egbantans-MacBook-Pro.local#01 E: expected: Error: index too large, got 0000000002
2019-03-28T21:48:48+00:00 Egbantans-MacBook-Pro.local#01 E: 
2019-03-28T21:48:48+00:00 Egbantans-MacBook-Pro.local#01 E: but got: Error: Error 7: index too large, got 0000000002
2019-03-28T21:48:48+00:00 Egbantans-MacBook-Pro.local#01 E: 
2019-03-28T21:48:48+00:00 Egbantans-MacBook-Pro.local#01 E:  in test suite:101:nlet5.
2019-03-28T21:48:48+00:00 Egbantans-MacBook-Pro.local#01 E: Raised at file "src/oUnitAssert.ml", line 45, characters 2-27
2019-03-28T21:48:48+00:00 Egbantans-MacBook-Pro.local#01 E: Called from file "src/oUnitRunner.ml", line 46, characters 13-26
2019-03-28T21:48:48+00:00 Egbantans-MacBook-Pro.local#01 E: 
2019-03-28T21:48:48+00:00 Egbantans-MacBook-Pro.local#01 I: End test suite:101:nlet5.
2019-03-28T21:48:48+00:00 Egbantans-MacBook-Pro.local#01 I: Start test suite:103:istupletrue.
2019-03-28T21:48:48+00:00 Egbantans-MacBook-Pro.local#01 E: Test suite:103:istupletrue has failed.
2019-03-28T21:48:48+00:00 Egbantans-MacBook-Pro.local#01 E: expected: Error: invalid input
2019-03-28T21:48:48+00:00 Egbantans-MacBook-Pro.local#01 E:  but got: Error: Error 10: invalid input
2019-03-28T21:48:48+00:00 Egbantans-MacBook-Pro.local#01 E:  in test suite:103:istupletrue.
2019-03-28T21:48:48+00:00 Egbantans-MacBook-Pro.local#01 E: Raised at file "src/oUnitAssert.ml", line 45, characters 2-27
2019-03-28T21:48:48+00:00 Egbantans-MacBook-Pro.local#01 E: Called from file "src/oUnitRunner.ml", line 46, characters 13-26
2019-03-28T21:48:48+00:00 Egbantans-MacBook-Pro.local#01 E: 
2019-03-28T21:48:48+00:00 Egbantans-MacBook-Pro.local#01 I: End test suite:103:istupletrue.
2019-03-28T21:48:48+00:00 Egbantans-MacBook-Pro.local#01 I: Start test suite:105:fntail_mutual.
2019-03-28T21:48:48+00:00 Egbantans-MacBook-Pro.local#01 I: Test suite:105:fntail_mutual is successful.
2019-03-28T21:48:48+00:00 Egbantans-MacBook-Pro.local#01 I: End test suite:105:fntail_mutual.
2019-03-28T21:48:48+00:00 Egbantans-MacBook-Pro.local#01 I: Start test suite:107:many_tail.
2019-03-28T21:48:49+00:00 Egbantans-MacBook-Pro.local#01 I: Test suite:107:many_tail is successful.
2019-03-28T21:48:49+00:00 Egbantans-MacBook-Pro.local#01 I: End test suite:107:many_tail.
2019-03-28T21:48:49+00:00 Egbantans-MacBook-Pro.local#01 I: Start test suite:109:many_no_tail.
2019-03-28T21:48:49+00:00 Egbantans-MacBook-Pro.local#01 I: Test suite:109:many_no_tail is successful.
2019-03-28T21:48:49+00:00 Egbantans-MacBook-Pro.local#01 I: End test suite:109:many_no_tail.
2019-03-28T21:48:49+00:00 Egbantans-MacBook-Pro.local#01 I: Start test suite:111:tail0.
2019-03-28T21:48:49+00:00 Egbantans-MacBook-Pro.local#01 I: Test suite:111:tail0 is successful.
2019-03-28T21:48:49+00:00 Egbantans-MacBook-Pro.local#01 I: End test suite:111:tail0.
2019-03-28T21:48:49+00:00 Egbantans-MacBook-Pro.local#01 I: Start test suite:113:fall_through_functions.
2019-03-28T21:48:49+00:00 Egbantans-MacBook-Pro.local#01 I: Test suite:113:fall_through_functions is successful.
2019-03-28T21:48:49+00:00 Egbantans-MacBook-Pro.local#01 I: End test suite:113:fall_through_functions.
2019-03-28T21:48:49+00:00 Egbantans-MacBook-Pro.local#01 I: Start test suite:116:foo.
2019-03-28T21:48:49+00:00 Egbantans-MacBook-Pro.local#01 I: Test suite:116:foo is successful.
2019-03-28T21:48:49+00:00 Egbantans-MacBook-Pro.local#01 I: End test suite:116:foo.
2019-03-28T21:48:49+00:00 Egbantans-MacBook-Pro.local#01 I: Start test suite:118:func2.
2019-03-28T21:48:49+00:00 Egbantans-MacBook-Pro.local#01 I: Test suite:118:func2 is successful.
2019-03-28T21:48:49+00:00 Egbantans-MacBook-Pro.local#01 I: End test suite:118:func2.
2019-03-28T21:48:49+00:00 Egbantans-MacBook-Pro.local#01 I: Start test suite:120:funcs1.
2019-03-28T21:48:49+00:00 Egbantans-MacBook-Pro.local#01 I: Test suite:120:funcs1 is successful.
2019-03-28T21:48:49+00:00 Egbantans-MacBook-Pro.local#01 I: End test suite:120:funcs1.
2019-03-28T21:48:49+00:00 Egbantans-MacBook-Pro.local#01 I: Start test suite:122:func_fib.
2019-03-28T21:48:49+00:00 Egbantans-MacBook-Pro.local#01 I: Test suite:122:func_fib is successful.
2019-03-28T21:48:49+00:00 Egbantans-MacBook-Pro.local#01 I: End test suite:122:func_fib.
2019-03-28T21:48:49+00:00 Egbantans-MacBook-Pro.local#01 I: Start test suite:126:fn_base.
2019-03-28T21:48:50+00:00 Egbantans-MacBook-Pro.local#01 I: Test suite:126:fn_base is successful.
2019-03-28T21:48:50+00:00 Egbantans-MacBook-Pro.local#01 I: End test suite:126:fn_base.
2019-03-28T21:48:50+00:00 Egbantans-MacBook-Pro.local#01 I: Start test suite:128:arity.
2019-03-28T21:48:50+00:00 Egbantans-MacBook-Pro.local#01 I: Test suite:128:arity is successful.
2019-03-28T21:48:50+00:00 Egbantans-MacBook-Pro.local#01 I: End test suite:128:arity.
2019-03-28T21:48:50+00:00 Egbantans-MacBook-Pro.local#01 I: Start test suite:129:arity_nest2.
2019-03-28T21:48:50+00:00 Egbantans-MacBook-Pro.local#01 I: Test suite:129:arity_nest2 is successful.
2019-03-28T21:48:50+00:00 Egbantans-MacBook-Pro.local#01 I: End test suite:129:arity_nest2.
2019-03-28T21:48:50+00:00 Egbantans-MacBook-Pro.local#01 I: Start test suite:130:unbound_fun.
2019-03-28T21:48:50+00:00 Egbantans-MacBook-Pro.local#01 I: Test suite:130:unbound_fun is successful.
2019-03-28T21:48:50+00:00 Egbantans-MacBook-Pro.local#01 I: End test suite:130:unbound_fun.
2019-03-28T21:48:50+00:00 Egbantans-MacBook-Pro.local#01 I: Start test suite:131:duplicate_id_fun.
2019-03-28T21:48:50+00:00 Egbantans-MacBook-Pro.local#01 I: Test suite:131:duplicate_id_fun is successful.
2019-03-28T21:48:50+00:00 Egbantans-MacBook-Pro.local#01 I: End test suite:131:duplicate_id_fun.
2019-03-28T21:48:50+00:00 Egbantans-MacBook-Pro.local#01 I: Start test suite:132:duplicate_fun.
2019-03-28T21:48:50+00:00 Egbantans-MacBook-Pro.local#01 E: Test suite:132:duplicate_fun has failed.
2019-03-28T21:48:50+00:00 Egbantans-MacBook-Pro.local#01 E: expected: Error: 
2019-03-28T21:48:50+00:00 Egbantans-MacBook-Pro.local#01 E: 
2019-03-28T21:48:50+00:00 Egbantans-MacBook-Pro.local#01 E: but got: Error: The function name f, redefined at <duplicate_fun, 2:24-2:37>, duplicates one at <duplicate_fun, 1:0-1:13>
2019-03-28T21:48:50+00:00 Egbantans-MacBook-Pro.local#01 E: The function name f, redefined at <duplicate_fun, 1:0-1:13>, duplicates one at <duplicate_fun, 1:0-1:13>
2019-03-28T21:48:50+00:00 Egbantans-MacBook-Pro.local#01 E: The function name f, redefined at <duplicate_fun, 2:24-2:37>, duplicates one at <duplicate_fun, 1:0-1:13>
2019-03-28T21:48:50+00:00 Egbantans-MacBook-Pro.local#01 E:  in test suite:132:duplicate_fun.
2019-03-28T21:48:50+00:00 Egbantans-MacBook-Pro.local#01 E: Raised at file "src/oUnitAssert.ml", line 45, characters 2-27
2019-03-28T21:48:50+00:00 Egbantans-MacBook-Pro.local#01 E: Called from file "src/oUnitRunner.ml", line 46, characters 13-26
2019-03-28T21:48:50+00:00 Egbantans-MacBook-Pro.local#01 E: 
2019-03-28T21:48:50+00:00 Egbantans-MacBook-Pro.local#01 I: End test suite:132:duplicate_fun.
2019-03-28T21:48:50+00:00 Egbantans-MacBook-Pro.local#01 I: Start test suite:133:multi_error.
2019-03-28T21:48:50+00:00 Egbantans-MacBook-Pro.local#01 E: Test suite:133:multi_error has failed.
2019-03-28T21:48:50+00:00 Egbantans-MacBook-Pro.local#01 E: expected: Error: 
2019-03-28T21:48:50+00:00 Egbantans-MacBook-Pro.local#01 E: 
2019-03-28T21:48:50+00:00 Egbantans-MacBook-Pro.local#01 E: but got: Error: The identifier y, used at <multi_error, 1:13-1:14>, is not in scope
2019-03-28T21:48:50+00:00 Egbantans-MacBook-Pro.local#01 E: The identifier x, redefined at <multi_error, 1:6-1:7>, duplicates one at <multi_error, 1:6-1:7>
2019-03-28T21:48:50+00:00 Egbantans-MacBook-Pro.local#01 E: The function called at <multi_error, 2:23-2:27> expected an arity of 2, but received 1 arguments
2019-03-28T21:48:50+00:00 Egbantans-MacBook-Pro.local#01 E:  in test suite:133:multi_error.
2019-03-28T21:48:50+00:00 Egbantans-MacBook-Pro.local#01 E: Raised at file "src/oUnitAssert.ml", line 45, characters 2-27
2019-03-28T21:48:50+00:00 Egbantans-MacBook-Pro.local#01 E: Called from file "src/oUnitRunner.ml", line 46, characters 13-26
2019-03-28T21:48:50+00:00 Egbantans-MacBook-Pro.local#01 E: 
2019-03-28T21:48:50+00:00 Egbantans-MacBook-Pro.local#01 I: End test suite:133:multi_error.
2019-03-28T21:48:50+00:00 Egbantans-MacBook-Pro.local#01 I: Start test suite:134:input1.
2019-03-28T21:48:50+00:00 Egbantans-MacBook-Pro.local#01 I: Test suite:134:input1 is successful.
2019-03-28T21:48:50+00:00 Egbantans-MacBook-Pro.local#01 I: End test suite:134:input1.
2019-03-28T21:48:50+00:00 Egbantans-MacBook-Pro.local#01 I: Start test suite:136:input3.
2019-03-28T21:48:50+00:00 Egbantans-MacBook-Pro.local#01 I: Test suite:136:input3 is successful.
2019-03-28T21:48:50+00:00 Egbantans-MacBook-Pro.local#01 I: End test suite:136:input3.
2019-03-28T21:48:50+00:00 Egbantans-MacBook-Pro.local#01 I: Start test suite:138:fntail_mutual.
2019-03-28T21:48:50+00:00 Egbantans-MacBook-Pro.local#01 I: Test suite:138:fntail_mutual is successful.
2019-03-28T21:48:50+00:00 Egbantans-MacBook-Pro.local#01 I: End test suite:138:fntail_mutual.
2019-03-28T21:48:50+00:00 Egbantans-MacBook-Pro.local#01 I: Start test suite:140:many_tail.
2019-03-28T21:48:50+00:00 Egbantans-MacBook-Pro.local#01 I: Test suite:140:many_tail is successful.
2019-03-28T21:48:50+00:00 Egbantans-MacBook-Pro.local#01 I: End test suite:140:many_tail.
2019-03-28T21:48:50+00:00 Egbantans-MacBook-Pro.local#01 I: Start test suite:142:many_no_tail.
2019-03-28T21:48:50+00:00 Egbantans-MacBook-Pro.local#01 I: Test suite:142:many_no_tail is successful.
2019-03-28T21:48:50+00:00 Egbantans-MacBook-Pro.local#01 I: End test suite:142:many_no_tail.
2019-03-28T21:48:50+00:00 Egbantans-MacBook-Pro.local#01 I: Start test suite:145:tupleeqint.
2019-03-28T21:48:50+00:00 Egbantans-MacBook-Pro.local#01 I: Test suite:145:tupleeqint is successful.
2019-03-28T21:48:50+00:00 Egbantans-MacBook-Pro.local#01 I: End test suite:145:tupleeqint.
2019-03-28T21:48:50+00:00 Egbantans-MacBook-Pro.local#01 I: Start test suite:147:listsLength.egg.
2019-03-28T21:48:50+00:00 Egbantans-MacBook-Pro.local#01 I: Test suite:147:listsLength.egg is successful.
2019-03-28T21:48:50+00:00 Egbantans-MacBook-Pro.local#01 I: End test suite:147:listsLength.egg.
2019-03-28T21:48:50+00:00 Egbantans-MacBook-Pro.local#01 I: Start test suite:149:listsReverse.egg.
2019-03-28T21:48:51+00:00 Egbantans-MacBook-Pro.local#01 I: Test suite:149:listsReverse.egg is successful.
2019-03-28T21:48:51+00:00 Egbantans-MacBook-Pro.local#01 I: End test suite:149:listsReverse.egg.
2019-03-28T21:48:51+00:00 Egbantans-MacBook-Pro.local#01 I: Start test suite:151:niladd.
2019-03-28T21:48:51+00:00 Egbantans-MacBook-Pro.local#01 E: Test suite:151:niladd has failed.
2019-03-28T21:48:51+00:00 Egbantans-MacBook-Pro.local#01 E: expected: Error: arithmetic expected a number, but got 0000000001
2019-03-28T21:48:51+00:00 Egbantans-MacBook-Pro.local#01 E: 
2019-03-28T21:48:51+00:00 Egbantans-MacBook-Pro.local#01 E: but got: Error: Error 3: arithmetic expected a number, but got 0000000001
2019-03-28T21:48:51+00:00 Egbantans-MacBook-Pro.local#01 E: 
2019-03-28T21:48:51+00:00 Egbantans-MacBook-Pro.local#01 E:  in test suite:151:niladd.
2019-03-28T21:48:51+00:00 Egbantans-MacBook-Pro.local#01 E: Raised at file "src/oUnitAssert.ml", line 45, characters 2-27
2019-03-28T21:48:51+00:00 Egbantans-MacBook-Pro.local#01 E: Called from file "src/oUnitRunner.ml", line 46, characters 13-26
2019-03-28T21:48:51+00:00 Egbantans-MacBook-Pro.local#01 E: 
2019-03-28T21:48:51+00:00 Egbantans-MacBook-Pro.local#01 I: End test suite:151:niladd.
2019-03-28T21:48:51+00:00 Egbantans-MacBook-Pro.local#01 I: Start test suite:152:lesseq.
2019-03-28T21:48:51+00:00 Egbantans-MacBook-Pro.local#01 E: Test suite:152:lesseq has failed.
2019-03-28T21:48:51+00:00 Egbantans-MacBook-Pro.local#01 E: expected: Error: comparison expected a number, but got 0000000001
2019-03-28T21:48:51+00:00 Egbantans-MacBook-Pro.local#01 E: 
2019-03-28T21:48:51+00:00 Egbantans-MacBook-Pro.local#01 E: but got: Error: Error 4: comparison expected a number, but got 0000000001
2019-03-28T21:48:51+00:00 Egbantans-MacBook-Pro.local#01 E: 
2019-03-28T21:48:51+00:00 Egbantans-MacBook-Pro.local#01 E:  in test suite:152:lesseq.
2019-03-28T21:48:51+00:00 Egbantans-MacBook-Pro.local#01 E: Raised at file "src/oUnitAssert.ml", line 45, characters 2-27
2019-03-28T21:48:51+00:00 Egbantans-MacBook-Pro.local#01 E: Called from file "src/oUnitRunner.ml", line 46, characters 13-26
2019-03-28T21:48:51+00:00 Egbantans-MacBook-Pro.local#01 E: 
2019-03-28T21:48:51+00:00 Egbantans-MacBook-Pro.local#01 I: End test suite:152:lesseq.
2019-03-28T21:48:51+00:00 Egbantans-MacBook-Pro.local#01 I: Start test suite:155:printtupleinput.
2019-03-28T21:48:51+00:00 Egbantans-MacBook-Pro.local#01 I: Test suite:155:printtupleinput is successful.
2019-03-28T21:48:51+00:00 Egbantans-MacBook-Pro.local#01 I: End test suite:155:printtupleinput.
2019-03-28T21:48:51+00:00 Egbantans-MacBook-Pro.local#01 I: Start test suite:156:printtuple2.
2019-03-28T21:48:51+00:00 Egbantans-MacBook-Pro.local#01 I: Test suite:156:printtuple2 is successful.
2019-03-28T21:48:51+00:00 Egbantans-MacBook-Pro.local#01 I: End test suite:156:printtuple2.
