2019-03-28T21:48:43+00:00 Egbantans-MacBook-Pro.local#02 I: Start test suite:1:welfrom2.
2019-03-28T21:48:43+00:00 Egbantans-MacBook-Pro.local#02 I: Test suite:1:welfrom2 is successful.
2019-03-28T21:48:43+00:00 Egbantans-MacBook-Pro.local#02 I: End test suite:1:welfrom2.
2019-03-28T21:48:43+00:00 Egbantans-MacBook-Pro.local#02 I: Start test suite:3:wellformederrortypelist.
2019-03-28T21:48:43+00:00 Egbantans-MacBook-Pro.local#02 I: Test suite:3:wellformederrortypelist is successful.
2019-03-28T21:48:43+00:00 Egbantans-MacBook-Pro.local#02 I: End test suite:3:wellformederrortypelist.
2019-03-28T21:48:43+00:00 Egbantans-MacBook-Pro.local#02 I: Start test suite:5:wellformederrortypelist3.
2019-03-28T21:48:43+00:00 Egbantans-MacBook-Pro.local#02 I: Test suite:5:wellformederrortypelist3 is successful.
2019-03-28T21:48:43+00:00 Egbantans-MacBook-Pro.local#02 I: End test suite:5:wellformederrortypelist3.
2019-03-28T21:48:43+00:00 Egbantans-MacBook-Pro.local#02 I: Start test suite:7:fnt1.
2019-03-28T21:48:43+00:00 Egbantans-MacBook-Pro.local#02 I: Test suite:7:fnt1 is successful.
2019-03-28T21:48:43+00:00 Egbantans-MacBook-Pro.local#02 I: End test suite:7:fnt1.
2019-03-28T21:48:43+00:00 Egbantans-MacBook-Pro.local#02 I: Start test suite:10:if_2.
2019-03-28T21:48:43+00:00 Egbantans-MacBook-Pro.local#02 I: Test suite:10:if_2 is successful.
2019-03-28T21:48:43+00:00 Egbantans-MacBook-Pro.local#02 I: End test suite:10:if_2.
2019-03-28T21:48:43+00:00 Egbantans-MacBook-Pro.local#02 I: Start test suite:13:plus_1.
2019-03-28T21:48:43+00:00 Egbantans-MacBook-Pro.local#02 I: Test suite:13:plus_1 is successful.
2019-03-28T21:48:43+00:00 Egbantans-MacBook-Pro.local#02 I: End test suite:13:plus_1.
2019-03-28T21:48:43+00:00 Egbantans-MacBook-Pro.local#02 I: Start test suite:14:plus_3.
2019-03-28T21:48:43+00:00 Egbantans-MacBook-Pro.local#02 I: Test suite:14:plus_3 is successful.
2019-03-28T21:48:43+00:00 Egbantans-MacBook-Pro.local#02 I: End test suite:14:plus_3.
2019-03-28T21:48:43+00:00 Egbantans-MacBook-Pro.local#02 I: Start test suite:17:sub_2.
2019-03-28T21:48:44+00:00 Egbantans-MacBook-Pro.local#02 I: Test suite:17:sub_2 is successful.
2019-03-28T21:48:44+00:00 Egbantans-MacBook-Pro.local#02 I: End test suite:17:sub_2.
2019-03-28T21:48:44+00:00 Egbantans-MacBook-Pro.local#02 I: Start test suite:19:subprint3.
2019-03-28T21:48:44+00:00 Egbantans-MacBook-Pro.local#02 I: Test suite:19:subprint3 is successful.
2019-03-28T21:48:44+00:00 Egbantans-MacBook-Pro.local#02 I: End test suite:19:subprint3.
2019-03-28T21:48:44+00:00 Egbantans-MacBook-Pro.local#02 I: Start test suite:21:times_1.
2019-03-28T21:48:44+00:00 Egbantans-MacBook-Pro.local#02 I: Test suite:21:times_1 is successful.
2019-03-28T21:48:44+00:00 Egbantans-MacBook-Pro.local#02 I: End test suite:21:times_1.
2019-03-28T21:48:44+00:00 Egbantans-MacBook-Pro.local#02 I: Start test suite:22:times_2.
2019-03-28T21:48:44+00:00 Egbantans-MacBook-Pro.local#02 I: Test suite:22:times_2 is successful.
2019-03-28T21:48:44+00:00 Egbantans-MacBook-Pro.local#02 I: End test suite:22:times_2.
2019-03-28T21:48:44+00:00 Egbantans-MacBook-Pro.local#02 I: Start test suite:24:timesprint3.
2019-03-28T21:48:44+00:00 Egbantans-MacBook-Pro.local#02 I: Test suite:24:timesprint3 is successful.
2019-03-28T21:48:44+00:00 Egbantans-MacBook-Pro.local#02 I: End test suite:24:timesprint3.
2019-03-28T21:48:44+00:00 Egbantans-MacBook-Pro.local#02 I: Start test suite:26:timesadd11.
2019-03-28T21:48:44+00:00 Egbantans-MacBook-Pro.local#02 I: Test suite:26:timesadd11 is successful.
2019-03-28T21:48:44+00:00 Egbantans-MacBook-Pro.local#02 I: End test suite:26:timesadd11.
2019-03-28T21:48:44+00:00 Egbantans-MacBook-Pro.local#02 I: Start test suite:29:and_8.
2019-03-28T21:48:44+00:00 Egbantans-MacBook-Pro.local#02 I: Test suite:29:and_8 is successful.
2019-03-28T21:48:44+00:00 Egbantans-MacBook-Pro.local#02 I: End test suite:29:and_8.
2019-03-28T21:48:44+00:00 Egbantans-MacBook-Pro.local#02 I: Start test suite:31:and_5.
2019-03-28T21:48:44+00:00 Egbantans-MacBook-Pro.local#02 E: Test suite:31:and_5 has failed.
2019-03-28T21:48:44+00:00 Egbantans-MacBook-Pro.local#02 E: expected: Error: logic expected a boolean, but got 1
2019-03-28T21:48:44+00:00 Egbantans-MacBook-Pro.local#02 E: 
2019-03-28T21:48:44+00:00 Egbantans-MacBook-Pro.local#02 E: but got: Error: Error 1: logic expected a boolean, but got 1
2019-03-28T21:48:44+00:00 Egbantans-MacBook-Pro.local#02 E: 
2019-03-28T21:48:44+00:00 Egbantans-MacBook-Pro.local#02 E:  in test suite:31:and_5.
2019-03-28T21:48:44+00:00 Egbantans-MacBook-Pro.local#02 E: Raised at file "src/oUnitAssert.ml", line 45, characters 2-27
2019-03-28T21:48:44+00:00 Egbantans-MacBook-Pro.local#02 E: Called from file "src/oUnitRunner.ml", line 46, characters 13-26
2019-03-28T21:48:44+00:00 Egbantans-MacBook-Pro.local#02 E: 
2019-03-28T21:48:44+00:00 Egbantans-MacBook-Pro.local#02 I: End test suite:31:and_5.
2019-03-28T21:48:44+00:00 Egbantans-MacBook-Pro.local#02 I: Start test suite:33:or_1.
2019-03-28T21:48:44+00:00 Egbantans-MacBook-Pro.local#02 I: Test suite:33:or_1 is successful.
2019-03-28T21:48:44+00:00 Egbantans-MacBook-Pro.local#02 I: End test suite:33:or_1.
2019-03-28T21:48:44+00:00 Egbantans-MacBook-Pro.local#02 I: Start test suite:35:or_3.
2019-03-28T21:48:45+00:00 Egbantans-MacBook-Pro.local#02 I: Test suite:35:or_3 is successful.
2019-03-28T21:48:45+00:00 Egbantans-MacBook-Pro.local#02 I: End test suite:35:or_3.
2019-03-28T21:48:45+00:00 Egbantans-MacBook-Pro.local#02 I: Start test suite:37:or_5.
2019-03-28T21:48:45+00:00 Egbantans-MacBook-Pro.local#02 E: Test suite:37:or_5 has failed.
2019-03-28T21:48:45+00:00 Egbantans-MacBook-Pro.local#02 E: expected: Error: logic expected a boolean, but got 1
2019-03-28T21:48:45+00:00 Egbantans-MacBook-Pro.local#02 E: 
2019-03-28T21:48:45+00:00 Egbantans-MacBook-Pro.local#02 E: but got: Error: Error 1: logic expected a boolean, but got 1
2019-03-28T21:48:45+00:00 Egbantans-MacBook-Pro.local#02 E: 
2019-03-28T21:48:45+00:00 Egbantans-MacBook-Pro.local#02 E:  in test suite:37:or_5.
2019-03-28T21:48:45+00:00 Egbantans-MacBook-Pro.local#02 E: Raised at file "src/oUnitAssert.ml", line 45, characters 2-27
2019-03-28T21:48:45+00:00 Egbantans-MacBook-Pro.local#02 E: Called from file "src/oUnitRunner.ml", line 46, characters 13-26
2019-03-28T21:48:45+00:00 Egbantans-MacBook-Pro.local#02 E: 
2019-03-28T21:48:45+00:00 Egbantans-MacBook-Pro.local#02 I: End test suite:37:or_5.
2019-03-28T21:48:45+00:00 Egbantans-MacBook-Pro.local#02 I: Start test suite:39:greater_2.
2019-03-28T21:48:45+00:00 Egbantans-MacBook-Pro.local#02 I: Test suite:39:greater_2 is successful.
2019-03-28T21:48:45+00:00 Egbantans-MacBook-Pro.local#02 I: End test suite:39:greater_2.
2019-03-28T21:48:45+00:00 Egbantans-MacBook-Pro.local#02 I: Start test suite:41:greater_6.
2019-03-28T21:48:45+00:00 Egbantans-MacBook-Pro.local#02 I: Test suite:41:greater_6 is successful.
2019-03-28T21:48:45+00:00 Egbantans-MacBook-Pro.local#02 I: End test suite:41:greater_6.
2019-03-28T21:48:45+00:00 Egbantans-MacBook-Pro.local#02 I: Start test suite:43:greater_5.
2019-03-28T21:48:45+00:00 Egbantans-MacBook-Pro.local#02 E: Test suite:43:greater_5 has failed.
2019-03-28T21:48:45+00:00 Egbantans-MacBook-Pro.local#02 E: expected: Error: comparison expected a number, but got 007fffffff
2019-03-28T21:48:45+00:00 Egbantans-MacBook-Pro.local#02 E: 
2019-03-28T21:48:45+00:00 Egbantans-MacBook-Pro.local#02 E: but got: Error: Error 4: comparison expected a number, but got 007fffffff
2019-03-28T21:48:45+00:00 Egbantans-MacBook-Pro.local#02 E: 
2019-03-28T21:48:45+00:00 Egbantans-MacBook-Pro.local#02 E:  in test suite:43:greater_5.
2019-03-28T21:48:45+00:00 Egbantans-MacBook-Pro.local#02 E: Raised at file "src/oUnitAssert.ml", line 45, characters 2-27
2019-03-28T21:48:45+00:00 Egbantans-MacBook-Pro.local#02 E: Called from file "src/oUnitRunner.ml", line 46, characters 13-26
2019-03-28T21:48:45+00:00 Egbantans-MacBook-Pro.local#02 E: 
2019-03-28T21:48:45+00:00 Egbantans-MacBook-Pro.local#02 I: End test suite:43:greater_5.
2019-03-28T21:48:45+00:00 Egbantans-MacBook-Pro.local#02 I: Start test suite:45:greateq_2.
2019-03-28T21:48:45+00:00 Egbantans-MacBook-Pro.local#02 I: Test suite:45:greateq_2 is successful.
2019-03-28T21:48:45+00:00 Egbantans-MacBook-Pro.local#02 I: End test suite:45:greateq_2.
2019-03-28T21:48:45+00:00 Egbantans-MacBook-Pro.local#02 I: Start test suite:47:greateq_6.
2019-03-28T21:48:45+00:00 Egbantans-MacBook-Pro.local#02 I: Test suite:47:greateq_6 is successful.
2019-03-28T21:48:45+00:00 Egbantans-MacBook-Pro.local#02 I: End test suite:47:greateq_6.
2019-03-28T21:48:45+00:00 Egbantans-MacBook-Pro.local#02 I: Start test suite:49:greateq_5.
2019-03-28T21:48:45+00:00 Egbantans-MacBook-Pro.local#02 E: Test suite:49:greateq_5 has failed.
2019-03-28T21:48:45+00:00 Egbantans-MacBook-Pro.local#02 E: expected: Error: comparison expected a number, but got 007fffffff
2019-03-28T21:48:45+00:00 Egbantans-MacBook-Pro.local#02 E: 
2019-03-28T21:48:45+00:00 Egbantans-MacBook-Pro.local#02 E: but got: Error: Error 4: comparison expected a number, but got 007fffffff
2019-03-28T21:48:45+00:00 Egbantans-MacBook-Pro.local#02 E: 
2019-03-28T21:48:45+00:00 Egbantans-MacBook-Pro.local#02 E:  in test suite:49:greateq_5.
2019-03-28T21:48:45+00:00 Egbantans-MacBook-Pro.local#02 E: Raised at file "src/oUnitAssert.ml", line 45, characters 2-27
2019-03-28T21:48:45+00:00 Egbantans-MacBook-Pro.local#02 E: Called from file "src/oUnitRunner.ml", line 46, characters 13-26
2019-03-28T21:48:45+00:00 Egbantans-MacBook-Pro.local#02 E: 
2019-03-28T21:48:45+00:00 Egbantans-MacBook-Pro.local#02 I: End test suite:49:greateq_5.
2019-03-28T21:48:45+00:00 Egbantans-MacBook-Pro.local#02 I: Start test suite:51:less2.
2019-03-28T21:48:45+00:00 Egbantans-MacBook-Pro.local#02 I: Test suite:51:less2 is successful.
2019-03-28T21:48:45+00:00 Egbantans-MacBook-Pro.local#02 I: End test suite:51:less2.
2019-03-28T21:48:45+00:00 Egbantans-MacBook-Pro.local#02 I: Start test suite:53:less6.
2019-03-28T21:48:46+00:00 Egbantans-MacBook-Pro.local#02 I: Test suite:53:less6 is successful.
2019-03-28T21:48:46+00:00 Egbantans-MacBook-Pro.local#02 I: End test suite:53:less6.
2019-03-28T21:48:46+00:00 Egbantans-MacBook-Pro.local#02 I: Start test suite:55:less5.
2019-03-28T21:48:46+00:00 Egbantans-MacBook-Pro.local#02 E: Test suite:55:less5 has failed.
2019-03-28T21:48:46+00:00 Egbantans-MacBook-Pro.local#02 E: expected: Error: comparison expected a number, but got 007fffffff
2019-03-28T21:48:46+00:00 Egbantans-MacBook-Pro.local#02 E: 
2019-03-28T21:48:46+00:00 Egbantans-MacBook-Pro.local#02 E: but got: Error: Error 4: comparison expected a number, but got 007fffffff
2019-03-28T21:48:46+00:00 Egbantans-MacBook-Pro.local#02 E: 
2019-03-28T21:48:46+00:00 Egbantans-MacBook-Pro.local#02 E:  in test suite:55:less5.
2019-03-28T21:48:46+00:00 Egbantans-MacBook-Pro.local#02 E: Raised at file "src/oUnitAssert.ml", line 45, characters 2-27
2019-03-28T21:48:46+00:00 Egbantans-MacBook-Pro.local#02 E: Called from file "src/oUnitRunner.ml", line 46, characters 13-26
2019-03-28T21:48:46+00:00 Egbantans-MacBook-Pro.local#02 E: 
2019-03-28T21:48:46+00:00 Egbantans-MacBook-Pro.local#02 I: End test suite:55:less5.
2019-03-28T21:48:46+00:00 Egbantans-MacBook-Pro.local#02 I: Start test suite:57:lesseq_4.
2019-03-28T21:48:46+00:00 Egbantans-MacBook-Pro.local#02 E: Test suite:57:lesseq_4 has failed.
2019-03-28T21:48:46+00:00 Egbantans-MacBook-Pro.local#02 E: expected: Error: comparison expected a number, but got 00ffffffff
2019-03-28T21:48:46+00:00 Egbantans-MacBook-Pro.local#02 E: 
2019-03-28T21:48:46+00:00 Egbantans-MacBook-Pro.local#02 E: but got: Error: Error 4: comparison expected a number, but got 00ffffffff
2019-03-28T21:48:46+00:00 Egbantans-MacBook-Pro.local#02 E: 
2019-03-28T21:48:46+00:00 Egbantans-MacBook-Pro.local#02 E:  in test suite:57:lesseq_4.
2019-03-28T21:48:46+00:00 Egbantans-MacBook-Pro.local#02 E: Raised at file "src/oUnitAssert.ml", line 45, characters 2-27
2019-03-28T21:48:46+00:00 Egbantans-MacBook-Pro.local#02 E: Called from file "src/oUnitRunner.ml", line 46, characters 13-26
2019-03-28T21:48:46+00:00 Egbantans-MacBook-Pro.local#02 E: 
2019-03-28T21:48:46+00:00 Egbantans-MacBook-Pro.local#02 I: End test suite:57:lesseq_4.
2019-03-28T21:48:46+00:00 Egbantans-MacBook-Pro.local#02 I: Start test suite:59:lesseq_6.
2019-03-28T21:48:46+00:00 Egbantans-MacBook-Pro.local#02 I: Test suite:59:lesseq_6 is successful.
2019-03-28T21:48:46+00:00 Egbantans-MacBook-Pro.local#02 I: End test suite:59:lesseq_6.
2019-03-28T21:48:46+00:00 Egbantans-MacBook-Pro.local#02 I: Start test suite:61:eq_2.
2019-03-28T21:48:46+00:00 Egbantans-MacBook-Pro.local#02 I: Test suite:61:eq_2 is successful.
2019-03-28T21:48:46+00:00 Egbantans-MacBook-Pro.local#02 I: End test suite:61:eq_2.
2019-03-28T21:48:46+00:00 Egbantans-MacBook-Pro.local#02 I: Start test suite:63:eq_4.
2019-03-28T21:48:46+00:00 Egbantans-MacBook-Pro.local#02 I: Test suite:63:eq_4 is successful.
2019-03-28T21:48:46+00:00 Egbantans-MacBook-Pro.local#02 I: End test suite:63:eq_4.
2019-03-28T21:48:46+00:00 Egbantans-MacBook-Pro.local#02 I: Start test suite:67:forty_one.
2019-03-28T21:48:46+00:00 Egbantans-MacBook-Pro.local#02 I: Test suite:67:forty_one is successful.
2019-03-28T21:48:46+00:00 Egbantans-MacBook-Pro.local#02 I: End test suite:67:forty_one.
2019-03-28T21:48:46+00:00 Egbantans-MacBook-Pro.local#02 I: Start test suite:69:if1.
2019-03-28T21:48:46+00:00 Egbantans-MacBook-Pro.local#02 I: Test suite:69:if1 is successful.
2019-03-28T21:48:46+00:00 Egbantans-MacBook-Pro.local#02 I: End test suite:69:if1.
2019-03-28T21:48:46+00:00 Egbantans-MacBook-Pro.local#02 I: Start test suite:71:prim.
2019-03-28T21:48:46+00:00 Egbantans-MacBook-Pro.local#02 I: Test suite:71:prim is successful.
2019-03-28T21:48:46+00:00 Egbantans-MacBook-Pro.local#02 I: End test suite:71:prim.
2019-03-28T21:48:46+00:00 Egbantans-MacBook-Pro.local#02 I: Start test suite:73:funcalls1.
2019-03-28T21:48:47+00:00 Egbantans-MacBook-Pro.local#02 I: Test suite:73:funcalls1 is successful.
2019-03-28T21:48:47+00:00 Egbantans-MacBook-Pro.local#02 I: End test suite:73:funcalls1.
2019-03-28T21:48:47+00:00 Egbantans-MacBook-Pro.local#02 I: Start test suite:75:tuplepair.
2019-03-28T21:48:47+00:00 Egbantans-MacBook-Pro.local#02 I: Test suite:75:tuplepair is successful.
2019-03-28T21:48:47+00:00 Egbantans-MacBook-Pro.local#02 I: End test suite:75:tuplepair.
2019-03-28T21:48:47+00:00 Egbantans-MacBook-Pro.local#02 I: Start test suite:77:tuplepair2.
2019-03-28T21:48:47+00:00 Egbantans-MacBook-Pro.local#02 I: Test suite:77:tuplepair2 is successful.
2019-03-28T21:48:47+00:00 Egbantans-MacBook-Pro.local#02 I: End test suite:77:tuplepair2.
2019-03-28T21:48:47+00:00 Egbantans-MacBook-Pro.local#02 I: Start test suite:79:tuplepairinvalid.
2019-03-28T21:48:47+00:00 Egbantans-MacBook-Pro.local#02 E: Test suite:79:tuplepairinvalid has failed.
2019-03-28T21:48:47+00:00 Egbantans-MacBook-Pro.local#02 E: expected: Error: expected tuple, but got 0000000004
2019-03-28T21:48:47+00:00 Egbantans-MacBook-Pro.local#02 E: 
2019-03-28T21:48:47+00:00 Egbantans-MacBook-Pro.local#02 E: but got: Error: Error 6:  expected tuple, but got 0000000004
2019-03-28T21:48:47+00:00 Egbantans-MacBook-Pro.local#02 E: 
2019-03-28T21:48:47+00:00 Egbantans-MacBook-Pro.local#02 E:  in test suite:79:tuplepairinvalid.
2019-03-28T21:48:47+00:00 Egbantans-MacBook-Pro.local#02 E: Raised at file "src/oUnitAssert.ml", line 45, characters 2-27
2019-03-28T21:48:47+00:00 Egbantans-MacBook-Pro.local#02 E: Called from file "src/oUnitRunner.ml", line 46, characters 13-26
2019-03-28T21:48:47+00:00 Egbantans-MacBook-Pro.local#02 E: 
2019-03-28T21:48:47+00:00 Egbantans-MacBook-Pro.local#02 I: End test suite:79:tuplepairinvalid.
2019-03-28T21:48:47+00:00 Egbantans-MacBook-Pro.local#02 I: Start test suite:81:tuplepair5.
2019-03-28T21:48:47+00:00 Egbantans-MacBook-Pro.local#02 I: Test suite:81:tuplepair5 is successful.
2019-03-28T21:48:47+00:00 Egbantans-MacBook-Pro.local#02 I: End test suite:81:tuplepair5.
2019-03-28T21:48:47+00:00 Egbantans-MacBook-Pro.local#02 I: Start test suite:83:equalif.
2019-03-28T21:48:47+00:00 Egbantans-MacBook-Pro.local#02 I: Test suite:83:equalif is successful.
2019-03-28T21:48:47+00:00 Egbantans-MacBook-Pro.local#02 I: End test suite:83:equalif.
2019-03-28T21:48:47+00:00 Egbantans-MacBook-Pro.local#02 I: Start test suite:85:plaineq.
2019-03-28T21:48:47+00:00 Egbantans-MacBook-Pro.local#02 I: Test suite:85:plaineq is successful.
2019-03-28T21:48:47+00:00 Egbantans-MacBook-Pro.local#02 I: End test suite:85:plaineq.
2019-03-28T21:48:47+00:00 Egbantans-MacBook-Pro.local#02 I: Start test suite:87:tupleeq2.
2019-03-28T21:48:47+00:00 Egbantans-MacBook-Pro.local#02 I: Test suite:87:tupleeq2 is successful.
2019-03-28T21:48:47+00:00 Egbantans-MacBook-Pro.local#02 I: End test suite:87:tupleeq2.
2019-03-28T21:48:47+00:00 Egbantans-MacBook-Pro.local#02 I: Start test suite:89:tupleeq4.
2019-03-28T21:48:48+00:00 Egbantans-MacBook-Pro.local#02 I: Test suite:89:tupleeq4 is successful.
2019-03-28T21:48:48+00:00 Egbantans-MacBook-Pro.local#02 I: End test suite:89:tupleeq4.
2019-03-28T21:48:48+00:00 Egbantans-MacBook-Pro.local#02 I: Start test suite:91:tupleeq6.
2019-03-28T21:48:48+00:00 Egbantans-MacBook-Pro.local#02 I: Test suite:91:tupleeq6 is successful.
2019-03-28T21:48:48+00:00 Egbantans-MacBook-Pro.local#02 I: End test suite:91:tupleeq6.
2019-03-28T21:48:48+00:00 Egbantans-MacBook-Pro.local#02 I: Start test suite:93:istuple1.
2019-03-28T21:48:48+00:00 Egbantans-MacBook-Pro.local#02 I: Test suite:93:istuple1 is successful.
2019-03-28T21:48:48+00:00 Egbantans-MacBook-Pro.local#02 I: End test suite:93:istuple1.
2019-03-28T21:48:48+00:00 Egbantans-MacBook-Pro.local#02 I: Start test suite:94:istuple2.
2019-03-28T21:48:48+00:00 Egbantans-MacBook-Pro.local#02 I: Test suite:94:istuple2 is successful.
2019-03-28T21:48:48+00:00 Egbantans-MacBook-Pro.local#02 I: End test suite:94:istuple2.
2019-03-28T21:48:48+00:00 Egbantans-MacBook-Pro.local#02 I: Start test suite:96:istuple6.
2019-03-28T21:48:48+00:00 Egbantans-MacBook-Pro.local#02 I: Test suite:96:istuple6 is successful.
2019-03-28T21:48:48+00:00 Egbantans-MacBook-Pro.local#02 I: End test suite:96:istuple6.
2019-03-28T21:48:48+00:00 Egbantans-MacBook-Pro.local#02 I: Start test suite:98:nlet2.
2019-03-28T21:48:48+00:00 Egbantans-MacBook-Pro.local#02 I: Test suite:98:nlet2 is successful.
2019-03-28T21:48:48+00:00 Egbantans-MacBook-Pro.local#02 I: End test suite:98:nlet2.
2019-03-28T21:48:48+00:00 Egbantans-MacBook-Pro.local#02 I: Start test suite:100:nlet4.
2019-03-28T21:48:48+00:00 Egbantans-MacBook-Pro.local#02 I: Test suite:100:nlet4 is successful.
2019-03-28T21:48:48+00:00 Egbantans-MacBook-Pro.local#02 I: End test suite:100:nlet4.
2019-03-28T21:48:48+00:00 Egbantans-MacBook-Pro.local#02 I: Start test suite:102:istuplefalse.
2019-03-28T21:48:48+00:00 Egbantans-MacBook-Pro.local#02 I: Test suite:102:istuplefalse is successful.
2019-03-28T21:48:48+00:00 Egbantans-MacBook-Pro.local#02 I: End test suite:102:istuplefalse.
2019-03-28T21:48:48+00:00 Egbantans-MacBook-Pro.local#02 I: Start test suite:104:func_dual_call.
2019-03-28T21:48:48+00:00 Egbantans-MacBook-Pro.local#02 I: Test suite:104:func_dual_call is successful.
2019-03-28T21:48:48+00:00 Egbantans-MacBook-Pro.local#02 I: End test suite:104:func_dual_call.
2019-03-28T21:48:48+00:00 Egbantans-MacBook-Pro.local#02 I: Start test suite:106:two_arg_tail.
2019-03-28T21:48:49+00:00 Egbantans-MacBook-Pro.local#02 I: Test suite:106:two_arg_tail is successful.
2019-03-28T21:48:49+00:00 Egbantans-MacBook-Pro.local#02 I: End test suite:106:two_arg_tail.
2019-03-28T21:48:49+00:00 Egbantans-MacBook-Pro.local#02 I: Start test suite:108:min.
2019-03-28T21:48:49+00:00 Egbantans-MacBook-Pro.local#02 I: Test suite:108:min is successful.
2019-03-28T21:48:49+00:00 Egbantans-MacBook-Pro.local#02 I: End test suite:108:min.
2019-03-28T21:48:49+00:00 Egbantans-MacBook-Pro.local#02 I: Start test suite:110:tail1.
2019-03-28T21:48:49+00:00 Egbantans-MacBook-Pro.local#02 I: Test suite:110:tail1 is successful.
2019-03-28T21:48:49+00:00 Egbantans-MacBook-Pro.local#02 I: End test suite:110:tail1.
2019-03-28T21:48:49+00:00 Egbantans-MacBook-Pro.local#02 I: Start test suite:112:multiple_unused_function.
2019-03-28T21:48:49+00:00 Egbantans-MacBook-Pro.local#02 I: Test suite:112:multiple_unused_function is successful.
2019-03-28T21:48:49+00:00 Egbantans-MacBook-Pro.local#02 I: End test suite:112:multiple_unused_function.
2019-03-28T21:48:49+00:00 Egbantans-MacBook-Pro.local#02 I: Start test suite:114:function_redefiniton.
2019-03-28T21:48:49+00:00 Egbantans-MacBook-Pro.local#02 E: Test suite:114:function_redefiniton has failed.
2019-03-28T21:48:49+00:00 Egbantans-MacBook-Pro.local#02 E: expected: Error: The function name f0, redefined at <function_redefiniton, 2:9-2:20>, duplicates one at <function_redefiniton, 1:0-1:11>
2019-03-28T21:48:49+00:00 Egbantans-MacBook-Pro.local#02 E: 
2019-03-28T21:48:49+00:00 Egbantans-MacBook-Pro.local#02 E: but got: Error: The function name f0, redefined at <function_redefiniton, 2:9-2:20>, duplicates one at <function_redefiniton, 1:0-1:11>
2019-03-28T21:48:49+00:00 Egbantans-MacBook-Pro.local#02 E: The function name f0, redefined at <function_redefiniton, 1:0-1:11>, duplicates one at <function_redefiniton, 1:0-1:11>
2019-03-28T21:48:49+00:00 Egbantans-MacBook-Pro.local#02 E:  in test suite:114:function_redefiniton.
2019-03-28T21:48:49+00:00 Egbantans-MacBook-Pro.local#02 E: Raised at file "src/oUnitAssert.ml", line 45, characters 2-27
2019-03-28T21:48:49+00:00 Egbantans-MacBook-Pro.local#02 E: Called from file "src/oUnitRunner.ml", line 46, characters 13-26
2019-03-28T21:48:49+00:00 Egbantans-MacBook-Pro.local#02 E: 
2019-03-28T21:48:49+00:00 Egbantans-MacBook-Pro.local#02 I: End test suite:114:function_redefiniton.
2019-03-28T21:48:49+00:00 Egbantans-MacBook-Pro.local#02 I: Start test suite:115:nottail.
2019-03-28T21:48:49+00:00 Egbantans-MacBook-Pro.local#02 I: Test suite:115:nottail is successful.
2019-03-28T21:48:49+00:00 Egbantans-MacBook-Pro.local#02 I: End test suite:115:nottail.
2019-03-28T21:48:49+00:00 Egbantans-MacBook-Pro.local#02 I: Start test suite:117:func.
2019-03-28T21:48:49+00:00 Egbantans-MacBook-Pro.local#02 I: Test suite:117:func is successful.
2019-03-28T21:48:49+00:00 Egbantans-MacBook-Pro.local#02 I: End test suite:117:func.
2019-03-28T21:48:49+00:00 Egbantans-MacBook-Pro.local#02 I: Start test suite:119:func3.
2019-03-28T21:48:49+00:00 Egbantans-MacBook-Pro.local#02 I: Test suite:119:func3 is successful.
2019-03-28T21:48:49+00:00 Egbantans-MacBook-Pro.local#02 I: End test suite:119:func3.
2019-03-28T21:48:49+00:00 Egbantans-MacBook-Pro.local#02 I: Start test suite:121:func_rec.
2019-03-28T21:48:49+00:00 Egbantans-MacBook-Pro.local#02 I: Test suite:121:func_rec is successful.
2019-03-28T21:48:49+00:00 Egbantans-MacBook-Pro.local#02 I: End test suite:121:func_rec.
2019-03-28T21:48:49+00:00 Egbantans-MacBook-Pro.local#02 I: Start test suite:123:var_func_arity_e.
2019-03-28T21:48:49+00:00 Egbantans-MacBook-Pro.local#02 I: Test suite:123:var_func_arity_e is successful.
2019-03-28T21:48:49+00:00 Egbantans-MacBook-Pro.local#02 I: End test suite:123:var_func_arity_e.
2019-03-28T21:48:49+00:00 Egbantans-MacBook-Pro.local#02 I: Start test suite:124:var_func.
2019-03-28T21:48:49+00:00 Egbantans-MacBook-Pro.local#02 I: Test suite:124:var_func is successful.
2019-03-28T21:48:49+00:00 Egbantans-MacBook-Pro.local#02 I: End test suite:124:var_func.
2019-03-28T21:48:49+00:00 Egbantans-MacBook-Pro.local#02 I: Start test suite:125:bad_order_1.
2019-03-28T21:48:49+00:00 Egbantans-MacBook-Pro.local#02 I: Test suite:125:bad_order_1 is successful.
2019-03-28T21:48:49+00:00 Egbantans-MacBook-Pro.local#02 I: End test suite:125:bad_order_1.
2019-03-28T21:48:49+00:00 Egbantans-MacBook-Pro.local#02 I: Start test suite:127:two_fns.
2019-03-28T21:48:50+00:00 Egbantans-MacBook-Pro.local#02 I: Test suite:127:two_fns is successful.
2019-03-28T21:48:50+00:00 Egbantans-MacBook-Pro.local#02 I: End test suite:127:two_fns.
2019-03-28T21:48:50+00:00 Egbantans-MacBook-Pro.local#02 I: Start test suite:135:input2.
2019-03-28T21:48:50+00:00 Egbantans-MacBook-Pro.local#02 I: Test suite:135:input2 is successful.
2019-03-28T21:48:50+00:00 Egbantans-MacBook-Pro.local#02 I: End test suite:135:input2.
2019-03-28T21:48:50+00:00 Egbantans-MacBook-Pro.local#02 I: Start test suite:137:input4.
2019-03-28T21:48:50+00:00 Egbantans-MacBook-Pro.local#02 I: Test suite:137:input4 is successful.
2019-03-28T21:48:50+00:00 Egbantans-MacBook-Pro.local#02 I: End test suite:137:input4.
2019-03-28T21:48:50+00:00 Egbantans-MacBook-Pro.local#02 I: Start test suite:139:two_arg_tail.
2019-03-28T21:48:50+00:00 Egbantans-MacBook-Pro.local#02 I: Test suite:139:two_arg_tail is successful.
2019-03-28T21:48:50+00:00 Egbantans-MacBook-Pro.local#02 I: End test suite:139:two_arg_tail.
2019-03-28T21:48:50+00:00 Egbantans-MacBook-Pro.local#02 I: Start test suite:141:min.
2019-03-28T21:48:50+00:00 Egbantans-MacBook-Pro.local#02 I: Test suite:141:min is successful.
2019-03-28T21:48:50+00:00 Egbantans-MacBook-Pro.local#02 I: End test suite:141:min.
2019-03-28T21:48:50+00:00 Egbantans-MacBook-Pro.local#02 I: Start test suite:143:nillequal.
2019-03-28T21:48:50+00:00 Egbantans-MacBook-Pro.local#02 I: Test suite:143:nillequal is successful.
2019-03-28T21:48:50+00:00 Egbantans-MacBook-Pro.local#02 I: End test suite:143:nillequal.
2019-03-28T21:48:50+00:00 Egbantans-MacBook-Pro.local#02 I: Start test suite:144:tupleeqbool.
2019-03-28T21:48:50+00:00 Egbantans-MacBook-Pro.local#02 I: Test suite:144:tupleeqbool is successful.
2019-03-28T21:48:50+00:00 Egbantans-MacBook-Pro.local#02 I: End test suite:144:tupleeqbool.
2019-03-28T21:48:50+00:00 Egbantans-MacBook-Pro.local#02 I: Start test suite:146:listsAppend.egg.
2019-03-28T21:48:50+00:00 Egbantans-MacBook-Pro.local#02 I: Test suite:146:listsAppend.egg is successful.
2019-03-28T21:48:50+00:00 Egbantans-MacBook-Pro.local#02 I: End test suite:146:listsAppend.egg.
2019-03-28T21:48:50+00:00 Egbantans-MacBook-Pro.local#02 I: Start test suite:148:listsSum.egg.
2019-03-28T21:48:51+00:00 Egbantans-MacBook-Pro.local#02 I: Test suite:148:listsSum.egg is successful.
2019-03-28T21:48:51+00:00 Egbantans-MacBook-Pro.local#02 I: End test suite:148:listsSum.egg.
2019-03-28T21:48:51+00:00 Egbantans-MacBook-Pro.local#02 I: Start test suite:150:typelist.egg.
2019-03-28T21:48:51+00:00 Egbantans-MacBook-Pro.local#02 I: Test suite:150:typelist.egg is successful.
2019-03-28T21:48:51+00:00 Egbantans-MacBook-Pro.local#02 I: End test suite:150:typelist.egg.
2019-03-28T21:48:51+00:00 Egbantans-MacBook-Pro.local#02 I: Start test suite:153:nilequal1.
2019-03-28T21:48:51+00:00 Egbantans-MacBook-Pro.local#02 I: Test suite:153:nilequal1 is successful.
2019-03-28T21:48:51+00:00 Egbantans-MacBook-Pro.local#02 I: End test suite:153:nilequal1.
2019-03-28T21:48:51+00:00 Egbantans-MacBook-Pro.local#02 I: Start test suite:154:nillequal2.
2019-03-28T21:48:51+00:00 Egbantans-MacBook-Pro.local#02 E: Test suite:154:nillequal2 has failed.
2019-03-28T21:48:51+00:00 Egbantans-MacBook-Pro.local#02 E: expected: Error: invalid input
2019-03-28T21:48:51+00:00 Egbantans-MacBook-Pro.local#02 E:  but got: Error: Error 10: invalid input
2019-03-28T21:48:51+00:00 Egbantans-MacBook-Pro.local#02 E:  in test suite:154:nillequal2.
2019-03-28T21:48:51+00:00 Egbantans-MacBook-Pro.local#02 E: Raised at file "src/oUnitAssert.ml", line 45, characters 2-27
2019-03-28T21:48:51+00:00 Egbantans-MacBook-Pro.local#02 E: Called from file "src/oUnitRunner.ml", line 46, characters 13-26
2019-03-28T21:48:51+00:00 Egbantans-MacBook-Pro.local#02 E: 
2019-03-28T21:48:51+00:00 Egbantans-MacBook-Pro.local#02 I: End test suite:154:nillequal2.
2019-03-28T21:48:51+00:00 Egbantans-MacBook-Pro.local#02 I: Start test suite:157:printnil.
2019-03-28T21:48:51+00:00 Egbantans-MacBook-Pro.local#02 I: Test suite:157:printnil is successful.
2019-03-28T21:48:51+00:00 Egbantans-MacBook-Pro.local#02 I: End test suite:157:printnil.
