Unable to open 'inputs/circle/circle-circle.intensities.pgm'.
Unable to open 'inputs/circle/circle-circle.label-.pgm'.
Finished Processing files with 1 Objects in the image of size 0x0
==20625== NVPROF is profiling process 20625, command: algorithms/lss/cuda-basic-4/lss --image inputs/circle/circle-circle.intensities.pgm --labels inputs/circle/circle-circle.label-.pgm --params inputs/circle/circle.params
==20625== Warning: Some kernel(s) will be replayed on device 0 in order to collect all events/metrics.
Allocating arrays in GPU memory.
Running algorithm on GPU.
Kernel Execution Time: 1241.861206 ms
Total GPU Execution Time: 1242.597046 ms
target label: 255 converged in 1 iterations.
Produccing final image file result.ppm.
==20625== Profiling application: algorithms/lss/cuda-basic-4/lss --image inputs/circle/circle-circle.intensities.pgm --labels inputs/circle/circle-circle.label-.pgm --params inputs/circle/circle.params
==20625== Profiling result:
==20625== Metric result:
Invocations                               Metric Name                        Metric Description         Min         Max         Avg
Device "Tesla K20m (0)"
	Kernel: evolveContour(unsigned char*, unsigned char*, unsigned char*, unsigned char*, int, int, int*, int*, int*, int, unsigned int*, unsigned int*, unsigned int*)
          1                  l1_cache_global_hit_rate                        L1 Global Hit Rate       0.00%       0.00%       0.00%
          1                   l1_cache_local_hit_rate                         L1 Local Hit Rate      89.77%      89.77%      89.77%
          1                             sm_efficiency                   Multiprocessor Activity      10.49%      10.49%      10.49%
          1                                       ipc                              Executed IPC    0.077914    0.077914    0.077914
          1                        achieved_occupancy                        Achieved Occupancy    0.023412    0.023412    0.023412
          1                  gld_requested_throughput          Requested Global Load Throughput  38.028MB/s  38.028MB/s  38.028MB/s
          1                  gst_requested_throughput         Requested Global Store Throughput  19.810MB/s  19.810MB/s  19.810MB/s
          1                    sm_efficiency_instance                   Multiprocessor Activity      10.49%      10.49%      10.49%
          1                              ipc_instance                              Executed IPC    0.077914    0.077914    0.077914
          1                      inst_replay_overhead               Instruction Replay Overhead    0.117876    0.117876    0.117876
          1                    shared_replay_overhead             Shared Memory Replay Overhead    0.000000    0.000000    0.000000
          1                    global_replay_overhead             Global Memory Replay Overhead    0.000123    0.000123    0.000123
          1              global_cache_replay_overhead       Global Memory Cache Replay Overhead    0.000000    0.000000    0.000000
          1                        tex_cache_hit_rate                    Texture Cache Hit Rate       0.00%       0.00%       0.00%
          1                      tex_cache_throughput                  Texture Cache Throughput  11.849MB/s  11.849MB/s  11.849MB/s
          1                      dram_read_throughput             Device Memory Read Throughput  0.00000B/s  0.00000B/s  0.00000B/s
          1                     dram_write_throughput            Device Memory Write Throughput  164.70MB/s  164.70MB/s  164.70MB/s
          1                            gst_throughput                   Global Store Throughput  42.064MB/s  42.064MB/s  42.064MB/s
          1                            gld_throughput                    Global Load Throughput  60.134MB/s  60.134MB/s  60.134MB/s
          1                     local_replay_overhead        Local Memory Cache Replay Overhead    0.004850    0.004850    0.004850
          1                         shared_efficiency                  Shared Memory Efficiency      13.30%      13.30%      13.30%
          1                            gld_efficiency             Global Memory Load Efficiency      63.24%      63.24%      63.24%
          1                            gst_efficiency            Global Memory Store Efficiency      47.10%      47.10%      47.10%
          1                       l2_l1_read_hit_rate                    L2 Hit Rate (L1 Reads)      80.53%      80.53%      80.53%
          1                  l2_texture_read_hit_rate               L2 Hit Rate (Texture Reads)      56.25%      56.25%      56.25%
          1                     l2_l1_read_throughput                  L2 Throughput (L1 Reads)  123.23MB/s  123.23MB/s  123.23MB/s
          1                l2_texture_read_throughput             L2 Throughput (Texture Reads)  4.7396MB/s  4.7396MB/s  4.7396MB/s
          1                     local_memory_overhead                     Local Memory Overhead      65.12%      65.12%      65.12%
          1                 warp_execution_efficiency                 Warp Execution Efficiency      50.70%      50.70%      50.70%
          1               nc_gld_requested_throughput  Requested Non-Coherent Global Load Throu  0.00000B/s  0.00000B/s  0.00000B/s
          1                                issued_ipc                                Issued IPC    0.087099    0.087099    0.087099
          1                             inst_per_warp                     Instructions per warp  292.071429  292.071429  292.071429
          1                    issue_slot_utilization                    Issue Slot Utilization       1.68%       1.68%       1.68%
          1       local_load_transactions_per_request  Local Memory Load Transactions Per Reque    1.025773    1.025773    1.025773
          1      local_store_transactions_per_request  Local Memory Store Transactions Per Requ    1.014019    1.014019    1.014019
          1      shared_load_transactions_per_request  Shared Memory Load Transactions Per Requ    1.000000    1.000000    1.000000
          1     shared_store_transactions_per_request  Shared Memory Store Transactions Per Req    1.000000    1.000000    1.000000
          1              gld_transactions_per_request      Global Load Transactions Per Request    2.028037    2.028037    2.028037
          1              gst_transactions_per_request     Global Store Transactions Per Request    3.461538    3.461538    3.461538
          1                   local_load_transactions                   Local Load Transactions         203         203         203
          1                  local_store_transactions                  Local Store Transactions         217         217         217
          1                  shared_load_transactions                  Shared Load Transactions         289         289         289
          1                 shared_store_transactions                 Shared Store Transactions         196         196         196
          1                          gld_transactions                  Global Load Transactions         217         217         217
          1                          gst_transactions                 Global Store Transactions         270         270         270
          1                  sysmem_read_transactions           System Memory Read Transactions           0           0           0
          1                 sysmem_write_transactions          System Memory Write Transactions           4           4           4
          1                    tex_cache_transactions                Texture Cache Transactions          40          40          40
          1                    dram_read_transactions           Device Memory Read Transactions           0           0           0
          1                   dram_write_transactions          Device Memory Write Transactions         556         556         556
          1                      l2_read_transactions                      L2 Read Transactions        3105        3105        3105
          1                     l2_write_transactions                     L2 Write Transactions         646         646         646
          1                     local_load_throughput              Local Memory Load Throughput  238.17MB/s  238.17MB/s  238.17MB/s
          1                    local_store_throughput             Local Memory Store Throughput  220.99MB/s  220.99MB/s  220.99MB/s
          1                    shared_load_throughput             Shared Memory Load Throughput  684.88MB/s  684.88MB/s  684.88MB/s
          1                   shared_store_throughput            Shared Memory Store Throughput  464.49MB/s  464.49MB/s  464.49MB/s
          1                        l2_read_throughput                     L2 Throughput (Reads)  919.79MB/s  919.79MB/s  919.79MB/s
          1                       l2_write_throughput                    L2 Throughput (Writes)  191.36MB/s  191.36MB/s  191.36MB/s
          1                    sysmem_read_throughput             System Memory Read Throughput  0.00000B/s  0.00000B/s  0.00000B/s
          1                   sysmem_write_throughput            System Memory Write Throughput  1.1849MB/s  1.1849MB/s  1.1849MB/s
          1         warp_nonpred_execution_efficiency  Warp Non-Predicated Execution Efficiency      46.82%      46.82%      46.82%
          1                                 cf_issued          Issued Control-Flow Instructions        1786        1786        1786
          1                               cf_executed        Executed Control-Flow Instructions        1637        1637        1637
          1                               ldst_issued            Issued Load/Store Instructions        1774        1774        1774
          1                             ldst_executed          Executed Load/Store Instructions        1601        1601        1601
          1                             flop_count_sp  Floating Point Operations(Single Precisi           0           0           0
          1                         flop_count_sp_add  Floating Point Operations(Single Precisi           0           0           0
          1                         flop_count_sp_mul  Floating Point Operation(Single Precisio           0           0           0
          1                         flop_count_sp_fma  Floating Point Operations(Single Precisi           0           0           0
          1                             flop_count_dp  Floating Point Operations(Double Precisi           0           0           0
          1                         flop_count_dp_add  Floating Point Operations(Double Precisi           0           0           0
          1                         flop_count_dp_mul  Floating Point Operations(Double Precisi           0           0           0
          1                         flop_count_dp_fma  Floating Point Operations(Double Preciso           0           0           0
          1                     flop_count_sp_special  Floating Point Operations(Single Precisi           0           0           0
          1                          stall_inst_fetch  Issue Stall Reasons (Instructions Fetch)      28.18%      28.18%      28.18%
          1                     stall_exec_dependency  Issue Stall Reasons (Execution Dependenc      43.79%      43.79%      43.79%
          1                   stall_memory_dependency        Issue Stall Reasons (Data Request)      13.77%      13.77%      13.77%
          1                             stall_texture             Issue Stall Reasons (Texture)       0.23%       0.23%       0.23%
          1                                stall_sync     Issue Stall Reasons (Synchronization)       3.72%       3.72%       3.72%
          1                               stall_other               Issue Stall Reasons (Other)       1.24%       1.24%       1.24%
          1                     l1_shared_utilization              L1/Shared Memory Utilization     Low (1)     Low (1)     Low (1)
          1                            l2_utilization                      L2 Cache Utilization     Low (1)     Low (1)     Low (1)
          1                           tex_utilization                 Texture Cache Utilization     Low (1)     Low (1)     Low (1)
          1                          dram_utilization                 Device Memory Utilization     Low (1)     Low (1)     Low (1)
          1                        sysmem_utilization                 System Memory Utilization     Low (1)     Low (1)     Low (1)
          1                       ldst_fu_utilization      Load/Store Function Unit Utilization     Low (1)     Low (1)     Low (1)
          1                        alu_fu_utilization      Arithmetic Function Unit Utilization     Low (1)     Low (1)     Low (1)
          1                         cf_fu_utilization    Control-Flow Function Unit Utilization     Low (1)     Low (1)     Low (1)
          1                        tex_fu_utilization         Texture Function Unit Utilization     Low (1)     Low (1)     Low (1)
          1                             inst_executed                     Instructions Executed        8247        8247        8247
          1                               inst_issued                       Instructions Issued        9199        9199        9199
          1                               issue_slots                               Issue Slots        7083        7083        7083
          1                     nc_l2_read_throughput        L2 Throughput (Non-Coherent Reads)  1.7774MB/s  1.7774MB/s  1.7774MB/s
          1                   nc_l2_read_transactions         L2 Non-Coherent Read Transactions           6           6           6
          1                  nc_cache_global_hit_rate              Non-Coherent Global Hit Rate      86.05%      86.05%      86.05%
          1                         nc_gld_throughput  Non-Coherent Global Memory Load Throughp  12.738MB/s  12.738MB/s  12.738MB/s
          1                         nc_gld_efficiency       Non-Coherent Global Load Efficiency       0.00%       0.00%       0.00%
          1                      l2_atomic_throughput           L2 Throughput (Atomic requests)  38.806MB/s  38.806MB/s  38.806MB/s
          1                                inst_fp_32                   FP Instructions(Single)           0           0           0
          1                                inst_fp_64                   FP Instructions(Double)           0           0           0
          1                              inst_integer                      Integer Instructions       53389       53389       53389
          1                          inst_bit_convert                  Bit-Convert Instructions        1024        1024        1024
          1                              inst_control                 Control-Flow Instructions        7423        7423        7423
          1                        inst_compute_ld_st                   Load/Store Instructions       20375       20375       20375
          1                                 inst_misc                         Misc Instructions       17663       17663       17663
          1           inst_inter_thread_communication                 Inter-Thread Instructions           0           0           0
          1                    atomic_replay_overhead                    Atomic Replay Overhead    0.000486    0.000486    0.000486
          1                       atomic_transactions                       Atomic Transactions         116         116         116
          1           atomic_transactions_per_request           Atomic Transactions Per Request    1.035714    1.035714    1.035714
          1                   l2_l1_read_transactions   L2 Read Transactions (L1 read requests)         416         416         416
          1                  l2_l1_write_transactions  L2 Write Transactions (L1 write requests         573         573         573
          1                  l2_tex_read_transactions           L2 Transactions (Texture Reads)          16          16          16
          1                    l2_l1_write_throughput                 L2 Throughput (L1 Writes)  169.74MB/s  169.74MB/s  169.74MB/s
          1                    l2_atomic_transactions         L2 Transactions (Atomic requests)         262         262         262
          1                          ecc_transactions                          ECC Transactions         148         148         148
          1                            ecc_throughput                            ECC Throughput  43.842MB/s  43.842MB/s  43.842MB/s
          1                           stall_pipe_busy           Issue Stall Reasons (Pipe Busy)       0.60%       0.60%       0.60%
          1          stall_constant_memory_dependency  Issue Stall Reasons (Immediate constant)       7.21%       7.21%       7.21%
          1                        flop_sp_efficiency              FLOP Efficiency(Peak Single)       0.00%       0.00%       0.00%
          1                        flop_dp_efficiency              FLOP Efficiency(Peak Double)       0.00%       0.00%       0.00%
          1                     stall_memory_throttle     Issue Stall Reasons (Memory Throttle)       0.80%       0.80%       0.80%
          1                        stall_not_selected        Issue Stall Reasons (Not Selected)       0.46%       0.46%       0.46%
          1                  eligible_warps_per_cycle           Eligible Warps Per Active Cycle    0.073976    0.073976    0.073976
          1                         atomic_throughput                         Atomic Throughput  137.45MB/s  137.45MB/s  137.45MB/s
