Target label 150 (intensities: 40-60) converged in 505 iterations.
Initializing Time: 0.120017
Processing Time: 0.142514
Total Time: 0.262534
Target label 200 (intensities: 40-60) converged in 507 iterations.
Initializing Time: 0.131886
Processing Time: 0.140525
Total Time: 0.272413
Target label 50 (intensities: 40-60) converged in 491 iterations.
Initializing Time: 0.132389
Processing Time: 0.141158
Total Time: 0.273550
Target label 250 (intensities: 90-110) converged in 256 iterations.
Initializing Time: 0.122478
Processing Time: 0.273144
Total Time: 0.395625
Target label 100 (intensities: 40-60) converged in 487 iterations.
Initializing Time: 0.177524
Processing Time: 0.273532
Total Time: 0.451059

Total Execution Time for LSS algorithm was: 454.281953 ms

