Target label 50 (intensities: 40-60) converged in 491 iterations.
Initializing Time: 0.150664
Processing Time: 0.137626
Total Time: 0.288295
Target label 150 (intensities: 40-60) converged in 505 iterations.
Initializing Time: 0.149570
Processing Time: 0.143983
Total Time: 0.293556
Target label 100 (intensities: 40-60) converged in 487 iterations.
Initializing Time: 0.196620
Processing Time: 0.276028
Total Time: 0.472652
Target label 200 (intensities: 40-60) converged in 507 iterations.
Initializing Time: 0.197713
Processing Time: 0.294293
Total Time: 0.492010
Target label 250 (intensities: 90-110) converged in 256 iterations.
Initializing Time: 0.204124
Processing Time: 0.538296
Total Time: 0.742424

Total Execution Time for LSS algorithm was: 746.229073 ms

