Target label 100 (intensities: 40-60) converged in 487 iterations.
Initializing Time: 0.214031
Processing Time: 0.275164
Total Time: 0.489199
Target label 200 (intensities: 40-60) converged in 507 iterations.
Initializing Time: 0.212754
Processing Time: 0.280792
Total Time: 0.493550
Target label 50 (intensities: 40-60) converged in 491 iterations.
Initializing Time: 0.211227
Processing Time: 0.290174
Total Time: 0.501406
Target label 150 (intensities: 40-60) converged in 505 iterations.
Initializing Time: 0.211238
Processing Time: 0.296176
Total Time: 0.507418
Target label 250 (intensities: 90-110) converged in 256 iterations.
Initializing Time: 0.219713
Processing Time: 0.540449
Total Time: 0.760166

Total Execution Time for LSS algorithm was: 767.450305 ms

