   0  $accept : %entry% $end

   1  const : NUM
   2        | TRUE
   3        | FALSE
   4        | NIL COLON typ

   5  prim1 : ADD1
   6        | SUB1
   7        | NOT
   8        | PRINT
   9        | ISBOOL
  10        | ISNUM
  11        | ISTUPLE
  12        | PRINTSTACK

  13  bindings : bind EQUAL expr
  14           | bind EQUAL expr COMMA bindings

  15  namebindings : namebind EQUAL expr
  16               | namebind EQUAL expr COMMA namebindings

  17  expr : LET bindings IN expr
  18       | LET REC namebindings IN expr
  19       | IF expr COLON expr ELSECOLON expr
  20       | BEGIN expr END
  21       | binop_expr SEMI expr
  22       | binop_expr

  23  exprs : expr
  24        | expr COMMA exprs

  25  tuple_expr : LPARENNOSPACE RPAREN
  26             | LPARENSPACE RPAREN
  27             | LPARENNOSPACE expr COMMA RPAREN
  28             | LPARENSPACE expr COMMA RPAREN
  29             | LPARENNOSPACE expr COMMA exprs RPAREN
  30             | LPARENSPACE expr COMMA exprs RPAREN

  31  tuple_get : id LBRACK NUM OF NUM RBRACK
  32            | tuple_get LBRACK NUM OF NUM RBRACK

  33  tuple_set : id LBRACK NUM OF NUM COLONEQ expr RBRACK
  34            | tuple_get LBRACK NUM OF NUM COLONEQ expr RBRACK
  35            | tuple_set LBRACK NUM OF NUM COLONEQ expr RBRACK

  36  simple_expr : prim1 LPARENNOSPACE expr RPAREN
  37              | tuple_expr
  38              | tuple_get
  39              | tuple_set
  40              | LPARENSPACE expr RPAREN
  41              | LPARENNOSPACE expr RPAREN
  42              | LPARENNOSPACE LAMBDA LPARENNOSPACE binds RPAREN COLON expr RPAREN
  43              | LPARENNOSPACE LAMBDA LPARENSPACE binds RPAREN COLON expr RPAREN
  44              | LPARENNOSPACE LAMBDA COLON expr RPAREN
  45              | LPARENSPACE LAMBDA LPARENNOSPACE binds RPAREN COLON expr RPAREN
  46              | LPARENSPACE LAMBDA LPARENSPACE binds RPAREN COLON expr RPAREN
  47              | LPARENSPACE LAMBDA COLON expr RPAREN
  48              | binop_expr LPARENNOSPACE exprs RPAREN
  49              | binop_expr LPARENNOSPACE RPAREN
  50              | const
  51              | id

  52  id : ID
  53     | LPARENNOSPACE ID COLON typ RPAREN
  54     | LPARENSPACE ID COLON typ RPAREN

  55  binop_expr : binop_expr PLUS binop_expr
  56             | binop_expr MINUS binop_expr
  57             | binop_expr TIMES binop_expr
  58             | binop_expr AND binop_expr
  59             | binop_expr OR binop_expr
  60             | binop_expr GREATER binop_expr
  61             | binop_expr GREATEREQ binop_expr
  62             | binop_expr LESSSPACE binop_expr
  63             | binop_expr LESSNOSPACE binop_expr
  64             | binop_expr LESSEQ binop_expr
  65             | binop_expr EQEQ binop_expr
  66             | simple_expr

  67  decl : DEF ID LPARENNOSPACE RPAREN COLON expr
  68       | DEF ID LPARENNOSPACE RPAREN THINARROW typ COLON expr
  69       | DEF ID LESSNOSPACE tyids GREATER LPARENNOSPACE binds RPAREN THINARROW typ COLON expr
  70       | DEF ID LPARENNOSPACE binds RPAREN COLON expr
  71       | DEF ID LPARENNOSPACE binds RPAREN THINARROW typ COLON expr

  72  tyids :
  73        | TYID
  74        | TYID COMMA tyids

  75  tyid : TYID

  76  binds : bind
  77        | bind COMMA binds

  78  bind : namebind
  79       | LPARENNOSPACE binds RPAREN
  80       | LPARENSPACE binds RPAREN

  81  namebinds : namebind
  82            | namebind COMMA namebinds

  83  namebind : ID
  84           | ID COLON typ

  85  typ : ID
  86      | tyid
  87      | arrowtyp
  88      | tupletyp

  89  arrowtyp : LPARENNOSPACE typs THINARROW typ RPAREN
  90           | LPARENSPACE typs THINARROW typ RPAREN

  91  tupletyp : LPARENNOSPACE startyps RPAREN
  92           | LPARENSPACE startyps RPAREN

  93  typs : typ
  94       | typ COMMA typs

  95  startyps : typ
  96           | typ TIMES startyps

  97  declgroup : decl
  98            | decl ANDDEF declgroup

  99  decls :
 100        | declgroup decls

 101  tydecl : TYPE ID EQUAL LPARENNOSPACE startyps RPAREN
 102         | TYPE ID EQUAL LPARENSPACE startyps RPAREN

 103  tydecls :
 104          | tydecl tydecls

 105  program : tydecls decls expr COLON typ EOF
 106          | tydecls decls expr EOF

 107  %entry% : '\001' program

state 0
	$accept : . %entry% $end  (0)

	'\001'  shift 1
	.  error

	%entry%  goto 2


state 1
	%entry% : '\001' . program  (107)
	tydecls : .  (103)

	TYPE  shift 3
	NUM  reduce 103
	ID  reduce 103
	DEF  reduce 103
	ADD1  reduce 103
	SUB1  reduce 103
	LPARENSPACE  reduce 103
	LPARENNOSPACE  reduce 103
	LET  reduce 103
	IF  reduce 103
	PRINT  reduce 103
	PRINTSTACK  reduce 103
	TRUE  reduce 103
	FALSE  reduce 103
	ISBOOL  reduce 103
	ISNUM  reduce 103
	ISTUPLE  reduce 103
	NOT  reduce 103
	NIL  reduce 103
	BEGIN  reduce 103

	program  goto 4
	tydecl  goto 5
	tydecls  goto 6


state 2
	$accept : %entry% . $end  (0)

	$end  accept


state 3
	tydecl : TYPE . ID EQUAL LPARENNOSPACE startyps RPAREN  (101)
	tydecl : TYPE . ID EQUAL LPARENSPACE startyps RPAREN  (102)

	ID  shift 7
	.  error


state 4
	%entry% : '\001' program .  (107)

	.  reduce 107


state 5
	tydecls : tydecl . tydecls  (104)
	tydecls : .  (103)

	TYPE  shift 3
	NUM  reduce 103
	ID  reduce 103
	DEF  reduce 103
	ADD1  reduce 103
	SUB1  reduce 103
	LPARENSPACE  reduce 103
	LPARENNOSPACE  reduce 103
	LET  reduce 103
	IF  reduce 103
	PRINT  reduce 103
	PRINTSTACK  reduce 103
	TRUE  reduce 103
	FALSE  reduce 103
	ISBOOL  reduce 103
	ISNUM  reduce 103
	ISTUPLE  reduce 103
	NOT  reduce 103
	NIL  reduce 103
	BEGIN  reduce 103

	tydecl  goto 5
	tydecls  goto 8


state 6
	program : tydecls . decls expr COLON typ EOF  (105)
	program : tydecls . decls expr EOF  (106)
	decls : .  (99)

	DEF  shift 9
	NUM  reduce 99
	ID  reduce 99
	ADD1  reduce 99
	SUB1  reduce 99
	LPARENSPACE  reduce 99
	LPARENNOSPACE  reduce 99
	LET  reduce 99
	IF  reduce 99
	PRINT  reduce 99
	PRINTSTACK  reduce 99
	TRUE  reduce 99
	FALSE  reduce 99
	ISBOOL  reduce 99
	ISNUM  reduce 99
	ISTUPLE  reduce 99
	NOT  reduce 99
	NIL  reduce 99
	BEGIN  reduce 99

	decl  goto 10
	declgroup  goto 11
	decls  goto 12


state 7
	tydecl : TYPE ID . EQUAL LPARENNOSPACE startyps RPAREN  (101)
	tydecl : TYPE ID . EQUAL LPARENSPACE startyps RPAREN  (102)

	EQUAL  shift 13
	.  error


state 8
	tydecls : tydecl tydecls .  (104)

	.  reduce 104


state 9
	decl : DEF . ID LPARENNOSPACE RPAREN COLON expr  (67)
	decl : DEF . ID LPARENNOSPACE RPAREN THINARROW typ COLON expr  (68)
	decl : DEF . ID LESSNOSPACE tyids GREATER LPARENNOSPACE binds RPAREN THINARROW typ COLON expr  (69)
	decl : DEF . ID LPARENNOSPACE binds RPAREN COLON expr  (70)
	decl : DEF . ID LPARENNOSPACE binds RPAREN THINARROW typ COLON expr  (71)

	ID  shift 14
	.  error


state 10
	declgroup : decl .  (97)
	declgroup : decl . ANDDEF declgroup  (98)

	ANDDEF  shift 15
	NUM  reduce 97
	ID  reduce 97
	DEF  reduce 97
	ADD1  reduce 97
	SUB1  reduce 97
	LPARENSPACE  reduce 97
	LPARENNOSPACE  reduce 97
	LET  reduce 97
	IF  reduce 97
	PRINT  reduce 97
	PRINTSTACK  reduce 97
	TRUE  reduce 97
	FALSE  reduce 97
	ISBOOL  reduce 97
	ISNUM  reduce 97
	ISTUPLE  reduce 97
	NOT  reduce 97
	NIL  reduce 97
	BEGIN  reduce 97


state 11
	decls : declgroup . decls  (100)
	decls : .  (99)

	DEF  shift 9
	NUM  reduce 99
	ID  reduce 99
	ADD1  reduce 99
	SUB1  reduce 99
	LPARENSPACE  reduce 99
	LPARENNOSPACE  reduce 99
	LET  reduce 99
	IF  reduce 99
	PRINT  reduce 99
	PRINTSTACK  reduce 99
	TRUE  reduce 99
	FALSE  reduce 99
	ISBOOL  reduce 99
	ISNUM  reduce 99
	ISTUPLE  reduce 99
	NOT  reduce 99
	NIL  reduce 99
	BEGIN  reduce 99

	decl  goto 10
	declgroup  goto 11
	decls  goto 16


state 12
	program : tydecls decls . expr COLON typ EOF  (105)
	program : tydecls decls . expr EOF  (106)

	NUM  shift 17
	ID  shift 18
	ADD1  shift 19
	SUB1  shift 20
	LPARENSPACE  shift 21
	LPARENNOSPACE  shift 22
	LET  shift 23
	IF  shift 24
	PRINT  shift 25
	PRINTSTACK  shift 26
	TRUE  shift 27
	FALSE  shift 28
	ISBOOL  shift 29
	ISNUM  shift 30
	ISTUPLE  shift 31
	NOT  shift 32
	NIL  shift 33
	BEGIN  shift 34
	.  error

	const  goto 35
	prim1  goto 36
	expr  goto 37
	binop_expr  goto 38
	tuple_expr  goto 39
	tuple_get  goto 40
	id  goto 41
	tuple_set  goto 42
	simple_expr  goto 43


state 13
	tydecl : TYPE ID EQUAL . LPARENNOSPACE startyps RPAREN  (101)
	tydecl : TYPE ID EQUAL . LPARENSPACE startyps RPAREN  (102)

	LPARENSPACE  shift 44
	LPARENNOSPACE  shift 45
	.  error


state 14
	decl : DEF ID . LPARENNOSPACE RPAREN COLON expr  (67)
	decl : DEF ID . LPARENNOSPACE RPAREN THINARROW typ COLON expr  (68)
	decl : DEF ID . LESSNOSPACE tyids GREATER LPARENNOSPACE binds RPAREN THINARROW typ COLON expr  (69)
	decl : DEF ID . LPARENNOSPACE binds RPAREN COLON expr  (70)
	decl : DEF ID . LPARENNOSPACE binds RPAREN THINARROW typ COLON expr  (71)

	LPARENNOSPACE  shift 46
	LESSNOSPACE  shift 47
	.  error


state 15
	declgroup : decl ANDDEF . declgroup  (98)

	DEF  shift 9
	.  error

	decl  goto 10
	declgroup  goto 48


state 16
	decls : declgroup decls .  (100)

	.  reduce 100


state 17
	const : NUM .  (1)

	.  reduce 1


state 18
	id : ID .  (52)

	.  reduce 52


state 19
	prim1 : ADD1 .  (5)

	.  reduce 5


state 20
	prim1 : SUB1 .  (6)

	.  reduce 6


state 21
	tuple_expr : LPARENSPACE . RPAREN  (26)
	tuple_expr : LPARENSPACE . expr COMMA RPAREN  (28)
	tuple_expr : LPARENSPACE . expr COMMA exprs RPAREN  (30)
	simple_expr : LPARENSPACE . expr RPAREN  (40)
	simple_expr : LPARENSPACE . LAMBDA LPARENNOSPACE binds RPAREN COLON expr RPAREN  (45)
	simple_expr : LPARENSPACE . LAMBDA LPARENSPACE binds RPAREN COLON expr RPAREN  (46)
	simple_expr : LPARENSPACE . LAMBDA COLON expr RPAREN  (47)
	id : LPARENSPACE . ID COLON typ RPAREN  (54)

	NUM  shift 17
	ID  shift 49
	ADD1  shift 19
	SUB1  shift 20
	LPARENSPACE  shift 21
	LPARENNOSPACE  shift 22
	RPAREN  shift 50
	LET  shift 23
	IF  shift 24
	PRINT  shift 25
	PRINTSTACK  shift 26
	TRUE  shift 27
	FALSE  shift 28
	ISBOOL  shift 29
	ISNUM  shift 30
	ISTUPLE  shift 31
	NOT  shift 32
	NIL  shift 33
	LAMBDA  shift 51
	BEGIN  shift 34
	.  error

	const  goto 35
	prim1  goto 36
	expr  goto 52
	binop_expr  goto 38
	tuple_expr  goto 39
	tuple_get  goto 40
	id  goto 41
	tuple_set  goto 42
	simple_expr  goto 43


state 22
	tuple_expr : LPARENNOSPACE . RPAREN  (25)
	tuple_expr : LPARENNOSPACE . expr COMMA RPAREN  (27)
	tuple_expr : LPARENNOSPACE . expr COMMA exprs RPAREN  (29)
	simple_expr : LPARENNOSPACE . expr RPAREN  (41)
	simple_expr : LPARENNOSPACE . LAMBDA LPARENNOSPACE binds RPAREN COLON expr RPAREN  (42)
	simple_expr : LPARENNOSPACE . LAMBDA LPARENSPACE binds RPAREN COLON expr RPAREN  (43)
	simple_expr : LPARENNOSPACE . LAMBDA COLON expr RPAREN  (44)
	id : LPARENNOSPACE . ID COLON typ RPAREN  (53)

	NUM  shift 17
	ID  shift 53
	ADD1  shift 19
	SUB1  shift 20
	LPARENSPACE  shift 21
	LPARENNOSPACE  shift 22
	RPAREN  shift 54
	LET  shift 23
	IF  shift 24
	PRINT  shift 25
	PRINTSTACK  shift 26
	TRUE  shift 27
	FALSE  shift 28
	ISBOOL  shift 29
	ISNUM  shift 30
	ISTUPLE  shift 31
	NOT  shift 32
	NIL  shift 33
	LAMBDA  shift 55
	BEGIN  shift 34
	.  error

	const  goto 35
	prim1  goto 36
	expr  goto 56
	binop_expr  goto 38
	tuple_expr  goto 39
	tuple_get  goto 40
	id  goto 41
	tuple_set  goto 42
	simple_expr  goto 43


state 23
	expr : LET . bindings IN expr  (17)
	expr : LET . REC namebindings IN expr  (18)

	ID  shift 57
	LPARENSPACE  shift 58
	LPARENNOSPACE  shift 59
	REC  shift 60
	.  error

	bindings  goto 61
	bind  goto 62
	namebind  goto 63


state 24
	expr : IF . expr COLON expr ELSECOLON expr  (19)

	NUM  shift 17
	ID  shift 18
	ADD1  shift 19
	SUB1  shift 20
	LPARENSPACE  shift 21
	LPARENNOSPACE  shift 22
	LET  shift 23
	IF  shift 24
	PRINT  shift 25
	PRINTSTACK  shift 26
	TRUE  shift 27
	FALSE  shift 28
	ISBOOL  shift 29
	ISNUM  shift 30
	ISTUPLE  shift 31
	NOT  shift 32
	NIL  shift 33
	BEGIN  shift 34
	.  error

	const  goto 35
	prim1  goto 36
	expr  goto 64
	binop_expr  goto 38
	tuple_expr  goto 39
	tuple_get  goto 40
	id  goto 41
	tuple_set  goto 42
	simple_expr  goto 43


state 25
	prim1 : PRINT .  (8)

	.  reduce 8


state 26
	prim1 : PRINTSTACK .  (12)

	.  reduce 12


state 27
	const : TRUE .  (2)

	.  reduce 2


state 28
	const : FALSE .  (3)

	.  reduce 3


state 29
	prim1 : ISBOOL .  (9)

	.  reduce 9


state 30
	prim1 : ISNUM .  (10)

	.  reduce 10


state 31
	prim1 : ISTUPLE .  (11)

	.  reduce 11


state 32
	prim1 : NOT .  (7)

	.  reduce 7


state 33
	const : NIL . COLON typ  (4)

	COLON  shift 65
	.  error


state 34
	expr : BEGIN . expr END  (20)

	NUM  shift 17
	ID  shift 18
	ADD1  shift 19
	SUB1  shift 20
	LPARENSPACE  shift 21
	LPARENNOSPACE  shift 22
	LET  shift 23
	IF  shift 24
	PRINT  shift 25
	PRINTSTACK  shift 26
	TRUE  shift 27
	FALSE  shift 28
	ISBOOL  shift 29
	ISNUM  shift 30
	ISTUPLE  shift 31
	NOT  shift 32
	NIL  shift 33
	BEGIN  shift 34
	.  error

	const  goto 35
	prim1  goto 36
	expr  goto 66
	binop_expr  goto 38
	tuple_expr  goto 39
	tuple_get  goto 40
	id  goto 41
	tuple_set  goto 42
	simple_expr  goto 43


state 35
	simple_expr : const .  (50)

	.  reduce 50


state 36
	simple_expr : prim1 . LPARENNOSPACE expr RPAREN  (36)

	LPARENNOSPACE  shift 67
	.  error


state 37
	program : tydecls decls expr . COLON typ EOF  (105)
	program : tydecls decls expr . EOF  (106)

	COLON  shift 68
	EOF  shift 69
	.  error


state 38
	expr : binop_expr . SEMI expr  (21)
	expr : binop_expr .  (22)
	simple_expr : binop_expr . LPARENNOSPACE exprs RPAREN  (48)
	simple_expr : binop_expr . LPARENNOSPACE RPAREN  (49)
	binop_expr : binop_expr . PLUS binop_expr  (55)
	binop_expr : binop_expr . MINUS binop_expr  (56)
	binop_expr : binop_expr . TIMES binop_expr  (57)
	binop_expr : binop_expr . AND binop_expr  (58)
	binop_expr : binop_expr . OR binop_expr  (59)
	binop_expr : binop_expr . GREATER binop_expr  (60)
	binop_expr : binop_expr . GREATEREQ binop_expr  (61)
	binop_expr : binop_expr . LESSSPACE binop_expr  (62)
	binop_expr : binop_expr . LESSNOSPACE binop_expr  (63)
	binop_expr : binop_expr . LESSEQ binop_expr  (64)
	binop_expr : binop_expr . EQEQ binop_expr  (65)

	LPARENNOSPACE  shift 70
	PLUS  shift 71
	MINUS  shift 72
	TIMES  shift 73
	EQEQ  shift 74
	LESSSPACE  shift 75
	LESSNOSPACE  shift 76
	GREATER  shift 77
	LESSEQ  shift 78
	GREATEREQ  shift 79
	AND  shift 80
	OR  shift 81
	SEMI  shift 82
	NUM  reduce 22
	ID  reduce 22
	DEF  reduce 22
	ANDDEF  reduce 22
	ADD1  reduce 22
	SUB1  reduce 22
	LPARENSPACE  reduce 22
	RPAREN  reduce 22
	RBRACK  reduce 22
	LET  reduce 22
	IN  reduce 22
	COMMA  reduce 22
	IF  reduce 22
	COLON  reduce 22
	ELSECOLON  reduce 22
	EOF  reduce 22
	PRINT  reduce 22
	PRINTSTACK  reduce 22
	TRUE  reduce 22
	FALSE  reduce 22
	ISBOOL  reduce 22
	ISNUM  reduce 22
	ISTUPLE  reduce 22
	NOT  reduce 22
	NIL  reduce 22
	BEGIN  reduce 22
	END  reduce 22


state 39
	simple_expr : tuple_expr .  (37)

	.  reduce 37


state 40
	tuple_get : tuple_get . LBRACK NUM OF NUM RBRACK  (32)
	tuple_set : tuple_get . LBRACK NUM OF NUM COLONEQ expr RBRACK  (34)
	simple_expr : tuple_get .  (38)

	LBRACK  shift 83
	NUM  reduce 38
	ID  reduce 38
	DEF  reduce 38
	ANDDEF  reduce 38
	ADD1  reduce 38
	SUB1  reduce 38
	LPARENSPACE  reduce 38
	LPARENNOSPACE  reduce 38
	RPAREN  reduce 38
	RBRACK  reduce 38
	LET  reduce 38
	IN  reduce 38
	COMMA  reduce 38
	PLUS  reduce 38
	MINUS  reduce 38
	TIMES  reduce 38
	IF  reduce 38
	COLON  reduce 38
	ELSECOLON  reduce 38
	EOF  reduce 38
	PRINT  reduce 38
	PRINTSTACK  reduce 38
	TRUE  reduce 38
	FALSE  reduce 38
	ISBOOL  reduce 38
	ISNUM  reduce 38
	ISTUPLE  reduce 38
	EQEQ  reduce 38
	LESSSPACE  reduce 38
	LESSNOSPACE  reduce 38
	GREATER  reduce 38
	LESSEQ  reduce 38
	GREATEREQ  reduce 38
	AND  reduce 38
	OR  reduce 38
	NOT  reduce 38
	SEMI  reduce 38
	NIL  reduce 38
	BEGIN  reduce 38
	END  reduce 38


state 41
	tuple_get : id . LBRACK NUM OF NUM RBRACK  (31)
	tuple_set : id . LBRACK NUM OF NUM COLONEQ expr RBRACK  (33)
	simple_expr : id .  (51)

	LBRACK  shift 84
	NUM  reduce 51
	ID  reduce 51
	DEF  reduce 51
	ANDDEF  reduce 51
	ADD1  reduce 51
	SUB1  reduce 51
	LPARENSPACE  reduce 51
	LPARENNOSPACE  reduce 51
	RPAREN  reduce 51
	RBRACK  reduce 51
	LET  reduce 51
	IN  reduce 51
	COMMA  reduce 51
	PLUS  reduce 51
	MINUS  reduce 51
	TIMES  reduce 51
	IF  reduce 51
	COLON  reduce 51
	ELSECOLON  reduce 51
	EOF  reduce 51
	PRINT  reduce 51
	PRINTSTACK  reduce 51
	TRUE  reduce 51
	FALSE  reduce 51
	ISBOOL  reduce 51
	ISNUM  reduce 51
	ISTUPLE  reduce 51
	EQEQ  reduce 51
	LESSSPACE  reduce 51
	LESSNOSPACE  reduce 51
	GREATER  reduce 51
	LESSEQ  reduce 51
	GREATEREQ  reduce 51
	AND  reduce 51
	OR  reduce 51
	NOT  reduce 51
	SEMI  reduce 51
	NIL  reduce 51
	BEGIN  reduce 51
	END  reduce 51


state 42
	tuple_set : tuple_set . LBRACK NUM OF NUM COLONEQ expr RBRACK  (35)
	simple_expr : tuple_set .  (39)

	LBRACK  shift 85
	NUM  reduce 39
	ID  reduce 39
	DEF  reduce 39
	ANDDEF  reduce 39
	ADD1  reduce 39
	SUB1  reduce 39
	LPARENSPACE  reduce 39
	LPARENNOSPACE  reduce 39
	RPAREN  reduce 39
	RBRACK  reduce 39
	LET  reduce 39
	IN  reduce 39
	COMMA  reduce 39
	PLUS  reduce 39
	MINUS  reduce 39
	TIMES  reduce 39
	IF  reduce 39
	COLON  reduce 39
	ELSECOLON  reduce 39
	EOF  reduce 39
	PRINT  reduce 39
	PRINTSTACK  reduce 39
	TRUE  reduce 39
	FALSE  reduce 39
	ISBOOL  reduce 39
	ISNUM  reduce 39
	ISTUPLE  reduce 39
	EQEQ  reduce 39
	LESSSPACE  reduce 39
	LESSNOSPACE  reduce 39
	GREATER  reduce 39
	LESSEQ  reduce 39
	GREATEREQ  reduce 39
	AND  reduce 39
	OR  reduce 39
	NOT  reduce 39
	SEMI  reduce 39
	NIL  reduce 39
	BEGIN  reduce 39
	END  reduce 39


state 43
	binop_expr : simple_expr .  (66)

	.  reduce 66


state 44
	tydecl : TYPE ID EQUAL LPARENSPACE . startyps RPAREN  (102)

	ID  shift 86
	TYID  shift 87
	LPARENSPACE  shift 88
	LPARENNOSPACE  shift 89
	.  error

	typ  goto 90
	tyid  goto 91
	arrowtyp  goto 92
	tupletyp  goto 93
	startyps  goto 94


state 45
	tydecl : TYPE ID EQUAL LPARENNOSPACE . startyps RPAREN  (101)

	ID  shift 86
	TYID  shift 87
	LPARENSPACE  shift 88
	LPARENNOSPACE  shift 89
	.  error

	typ  goto 90
	tyid  goto 91
	arrowtyp  goto 92
	tupletyp  goto 93
	startyps  goto 95


state 46
	decl : DEF ID LPARENNOSPACE . RPAREN COLON expr  (67)
	decl : DEF ID LPARENNOSPACE . RPAREN THINARROW typ COLON expr  (68)
	decl : DEF ID LPARENNOSPACE . binds RPAREN COLON expr  (70)
	decl : DEF ID LPARENNOSPACE . binds RPAREN THINARROW typ COLON expr  (71)

	ID  shift 57
	LPARENSPACE  shift 58
	LPARENNOSPACE  shift 59
	RPAREN  shift 96
	.  error

	bind  goto 97
	namebind  goto 63
	binds  goto 98


state 47
	decl : DEF ID LESSNOSPACE . tyids GREATER LPARENNOSPACE binds RPAREN THINARROW typ COLON expr  (69)
	tyids : .  (72)

	TYID  shift 99
	GREATER  reduce 72

	tyids  goto 100


state 48
	declgroup : decl ANDDEF declgroup .  (98)

	.  reduce 98


state 49
	id : ID .  (52)
	id : LPARENSPACE ID . COLON typ RPAREN  (54)

	COLON  shift 101
	LPARENNOSPACE  reduce 52
	RPAREN  reduce 52
	LBRACK  reduce 52
	COMMA  reduce 52
	PLUS  reduce 52
	MINUS  reduce 52
	TIMES  reduce 52
	EQEQ  reduce 52
	LESSSPACE  reduce 52
	LESSNOSPACE  reduce 52
	GREATER  reduce 52
	LESSEQ  reduce 52
	GREATEREQ  reduce 52
	AND  reduce 52
	OR  reduce 52
	SEMI  reduce 52


state 50
	tuple_expr : LPARENSPACE RPAREN .  (26)

	.  reduce 26


state 51
	simple_expr : LPARENSPACE LAMBDA . LPARENNOSPACE binds RPAREN COLON expr RPAREN  (45)
	simple_expr : LPARENSPACE LAMBDA . LPARENSPACE binds RPAREN COLON expr RPAREN  (46)
	simple_expr : LPARENSPACE LAMBDA . COLON expr RPAREN  (47)

	LPARENSPACE  shift 102
	LPARENNOSPACE  shift 103
	COLON  shift 104
	.  error


state 52
	tuple_expr : LPARENSPACE expr . COMMA RPAREN  (28)
	tuple_expr : LPARENSPACE expr . COMMA exprs RPAREN  (30)
	simple_expr : LPARENSPACE expr . RPAREN  (40)

	RPAREN  shift 105
	COMMA  shift 106
	.  error


state 53
	id : ID .  (52)
	id : LPARENNOSPACE ID . COLON typ RPAREN  (53)

	COLON  shift 107
	LPARENNOSPACE  reduce 52
	RPAREN  reduce 52
	LBRACK  reduce 52
	COMMA  reduce 52
	PLUS  reduce 52
	MINUS  reduce 52
	TIMES  reduce 52
	EQEQ  reduce 52
	LESSSPACE  reduce 52
	LESSNOSPACE  reduce 52
	GREATER  reduce 52
	LESSEQ  reduce 52
	GREATEREQ  reduce 52
	AND  reduce 52
	OR  reduce 52
	SEMI  reduce 52


state 54
	tuple_expr : LPARENNOSPACE RPAREN .  (25)

	.  reduce 25


state 55
	simple_expr : LPARENNOSPACE LAMBDA . LPARENNOSPACE binds RPAREN COLON expr RPAREN  (42)
	simple_expr : LPARENNOSPACE LAMBDA . LPARENSPACE binds RPAREN COLON expr RPAREN  (43)
	simple_expr : LPARENNOSPACE LAMBDA . COLON expr RPAREN  (44)

	LPARENSPACE  shift 108
	LPARENNOSPACE  shift 109
	COLON  shift 110
	.  error


state 56
	tuple_expr : LPARENNOSPACE expr . COMMA RPAREN  (27)
	tuple_expr : LPARENNOSPACE expr . COMMA exprs RPAREN  (29)
	simple_expr : LPARENNOSPACE expr . RPAREN  (41)

	RPAREN  shift 111
	COMMA  shift 112
	.  error


state 57
	namebind : ID .  (83)
	namebind : ID . COLON typ  (84)

	COLON  shift 113
	RPAREN  reduce 83
	EQUAL  reduce 83
	COMMA  reduce 83


state 58
	bind : LPARENSPACE . binds RPAREN  (80)

	ID  shift 57
	LPARENSPACE  shift 58
	LPARENNOSPACE  shift 59
	.  error

	bind  goto 97
	namebind  goto 63
	binds  goto 114


state 59
	bind : LPARENNOSPACE . binds RPAREN  (79)

	ID  shift 57
	LPARENSPACE  shift 58
	LPARENNOSPACE  shift 59
	.  error

	bind  goto 97
	namebind  goto 63
	binds  goto 115


state 60
	expr : LET REC . namebindings IN expr  (18)

	ID  shift 57
	.  error

	namebindings  goto 116
	namebind  goto 117


state 61
	expr : LET bindings . IN expr  (17)

	IN  shift 118
	.  error


state 62
	bindings : bind . EQUAL expr  (13)
	bindings : bind . EQUAL expr COMMA bindings  (14)

	EQUAL  shift 119
	.  error


state 63
	bind : namebind .  (78)

	.  reduce 78


state 64
	expr : IF expr . COLON expr ELSECOLON expr  (19)

	COLON  shift 120
	.  error


state 65
	const : NIL COLON . typ  (4)

	ID  shift 86
	TYID  shift 87
	LPARENSPACE  shift 88
	LPARENNOSPACE  shift 89
	.  error

	typ  goto 121
	tyid  goto 91
	arrowtyp  goto 92
	tupletyp  goto 93


state 66
	expr : BEGIN expr . END  (20)

	END  shift 122
	.  error


state 67
	simple_expr : prim1 LPARENNOSPACE . expr RPAREN  (36)

	NUM  shift 17
	ID  shift 18
	ADD1  shift 19
	SUB1  shift 20
	LPARENSPACE  shift 21
	LPARENNOSPACE  shift 22
	LET  shift 23
	IF  shift 24
	PRINT  shift 25
	PRINTSTACK  shift 26
	TRUE  shift 27
	FALSE  shift 28
	ISBOOL  shift 29
	ISNUM  shift 30
	ISTUPLE  shift 31
	NOT  shift 32
	NIL  shift 33
	BEGIN  shift 34
	.  error

	const  goto 35
	prim1  goto 36
	expr  goto 123
	binop_expr  goto 38
	tuple_expr  goto 39
	tuple_get  goto 40
	id  goto 41
	tuple_set  goto 42
	simple_expr  goto 43


state 68
	program : tydecls decls expr COLON . typ EOF  (105)

	ID  shift 86
	TYID  shift 87
	LPARENSPACE  shift 88
	LPARENNOSPACE  shift 89
	.  error

	typ  goto 124
	tyid  goto 91
	arrowtyp  goto 92
	tupletyp  goto 93


state 69
	program : tydecls decls expr EOF .  (106)

	.  reduce 106


state 70
	simple_expr : binop_expr LPARENNOSPACE . exprs RPAREN  (48)
	simple_expr : binop_expr LPARENNOSPACE . RPAREN  (49)

	NUM  shift 17
	ID  shift 18
	ADD1  shift 19
	SUB1  shift 20
	LPARENSPACE  shift 21
	LPARENNOSPACE  shift 22
	RPAREN  shift 125
	LET  shift 23
	IF  shift 24
	PRINT  shift 25
	PRINTSTACK  shift 26
	TRUE  shift 27
	FALSE  shift 28
	ISBOOL  shift 29
	ISNUM  shift 30
	ISTUPLE  shift 31
	NOT  shift 32
	NIL  shift 33
	BEGIN  shift 34
	.  error

	const  goto 35
	prim1  goto 36
	expr  goto 126
	binop_expr  goto 38
	exprs  goto 127
	tuple_expr  goto 39
	tuple_get  goto 40
	id  goto 41
	tuple_set  goto 42
	simple_expr  goto 43


state 71
	binop_expr : binop_expr PLUS . binop_expr  (55)

	NUM  shift 17
	ID  shift 18
	ADD1  shift 19
	SUB1  shift 20
	LPARENSPACE  shift 21
	LPARENNOSPACE  shift 22
	PRINT  shift 25
	PRINTSTACK  shift 26
	TRUE  shift 27
	FALSE  shift 28
	ISBOOL  shift 29
	ISNUM  shift 30
	ISTUPLE  shift 31
	NOT  shift 32
	NIL  shift 33
	.  error

	const  goto 35
	prim1  goto 36
	binop_expr  goto 128
	tuple_expr  goto 39
	tuple_get  goto 40
	id  goto 41
	tuple_set  goto 42
	simple_expr  goto 43


state 72
	binop_expr : binop_expr MINUS . binop_expr  (56)

	NUM  shift 17
	ID  shift 18
	ADD1  shift 19
	SUB1  shift 20
	LPARENSPACE  shift 21
	LPARENNOSPACE  shift 22
	PRINT  shift 25
	PRINTSTACK  shift 26
	TRUE  shift 27
	FALSE  shift 28
	ISBOOL  shift 29
	ISNUM  shift 30
	ISTUPLE  shift 31
	NOT  shift 32
	NIL  shift 33
	.  error

	const  goto 35
	prim1  goto 36
	binop_expr  goto 129
	tuple_expr  goto 39
	tuple_get  goto 40
	id  goto 41
	tuple_set  goto 42
	simple_expr  goto 43


state 73
	binop_expr : binop_expr TIMES . binop_expr  (57)

	NUM  shift 17
	ID  shift 18
	ADD1  shift 19
	SUB1  shift 20
	LPARENSPACE  shift 21
	LPARENNOSPACE  shift 22
	PRINT  shift 25
	PRINTSTACK  shift 26
	TRUE  shift 27
	FALSE  shift 28
	ISBOOL  shift 29
	ISNUM  shift 30
	ISTUPLE  shift 31
	NOT  shift 32
	NIL  shift 33
	.  error

	const  goto 35
	prim1  goto 36
	binop_expr  goto 130
	tuple_expr  goto 39
	tuple_get  goto 40
	id  goto 41
	tuple_set  goto 42
	simple_expr  goto 43


state 74
	binop_expr : binop_expr EQEQ . binop_expr  (65)

	NUM  shift 17
	ID  shift 18
	ADD1  shift 19
	SUB1  shift 20
	LPARENSPACE  shift 21
	LPARENNOSPACE  shift 22
	PRINT  shift 25
	PRINTSTACK  shift 26
	TRUE  shift 27
	FALSE  shift 28
	ISBOOL  shift 29
	ISNUM  shift 30
	ISTUPLE  shift 31
	NOT  shift 32
	NIL  shift 33
	.  error

	const  goto 35
	prim1  goto 36
	binop_expr  goto 131
	tuple_expr  goto 39
	tuple_get  goto 40
	id  goto 41
	tuple_set  goto 42
	simple_expr  goto 43


state 75
	binop_expr : binop_expr LESSSPACE . binop_expr  (62)

	NUM  shift 17
	ID  shift 18
	ADD1  shift 19
	SUB1  shift 20
	LPARENSPACE  shift 21
	LPARENNOSPACE  shift 22
	PRINT  shift 25
	PRINTSTACK  shift 26
	TRUE  shift 27
	FALSE  shift 28
	ISBOOL  shift 29
	ISNUM  shift 30
	ISTUPLE  shift 31
	NOT  shift 32
	NIL  shift 33
	.  error

	const  goto 35
	prim1  goto 36
	binop_expr  goto 132
	tuple_expr  goto 39
	tuple_get  goto 40
	id  goto 41
	tuple_set  goto 42
	simple_expr  goto 43


state 76
	binop_expr : binop_expr LESSNOSPACE . binop_expr  (63)

	NUM  shift 17
	ID  shift 18
	ADD1  shift 19
	SUB1  shift 20
	LPARENSPACE  shift 21
	LPARENNOSPACE  shift 22
	PRINT  shift 25
	PRINTSTACK  shift 26
	TRUE  shift 27
	FALSE  shift 28
	ISBOOL  shift 29
	ISNUM  shift 30
	ISTUPLE  shift 31
	NOT  shift 32
	NIL  shift 33
	.  error

	const  goto 35
	prim1  goto 36
	binop_expr  goto 133
	tuple_expr  goto 39
	tuple_get  goto 40
	id  goto 41
	tuple_set  goto 42
	simple_expr  goto 43


state 77
	binop_expr : binop_expr GREATER . binop_expr  (60)

	NUM  shift 17
	ID  shift 18
	ADD1  shift 19
	SUB1  shift 20
	LPARENSPACE  shift 21
	LPARENNOSPACE  shift 22
	PRINT  shift 25
	PRINTSTACK  shift 26
	TRUE  shift 27
	FALSE  shift 28
	ISBOOL  shift 29
	ISNUM  shift 30
	ISTUPLE  shift 31
	NOT  shift 32
	NIL  shift 33
	.  error

	const  goto 35
	prim1  goto 36
	binop_expr  goto 134
	tuple_expr  goto 39
	tuple_get  goto 40
	id  goto 41
	tuple_set  goto 42
	simple_expr  goto 43


state 78
	binop_expr : binop_expr LESSEQ . binop_expr  (64)

	NUM  shift 17
	ID  shift 18
	ADD1  shift 19
	SUB1  shift 20
	LPARENSPACE  shift 21
	LPARENNOSPACE  shift 22
	PRINT  shift 25
	PRINTSTACK  shift 26
	TRUE  shift 27
	FALSE  shift 28
	ISBOOL  shift 29
	ISNUM  shift 30
	ISTUPLE  shift 31
	NOT  shift 32
	NIL  shift 33
	.  error

	const  goto 35
	prim1  goto 36
	binop_expr  goto 135
	tuple_expr  goto 39
	tuple_get  goto 40
	id  goto 41
	tuple_set  goto 42
	simple_expr  goto 43


state 79
	binop_expr : binop_expr GREATEREQ . binop_expr  (61)

	NUM  shift 17
	ID  shift 18
	ADD1  shift 19
	SUB1  shift 20
	LPARENSPACE  shift 21
	LPARENNOSPACE  shift 22
	PRINT  shift 25
	PRINTSTACK  shift 26
	TRUE  shift 27
	FALSE  shift 28
	ISBOOL  shift 29
	ISNUM  shift 30
	ISTUPLE  shift 31
	NOT  shift 32
	NIL  shift 33
	.  error

	const  goto 35
	prim1  goto 36
	binop_expr  goto 136
	tuple_expr  goto 39
	tuple_get  goto 40
	id  goto 41
	tuple_set  goto 42
	simple_expr  goto 43


state 80
	binop_expr : binop_expr AND . binop_expr  (58)

	NUM  shift 17
	ID  shift 18
	ADD1  shift 19
	SUB1  shift 20
	LPARENSPACE  shift 21
	LPARENNOSPACE  shift 22
	PRINT  shift 25
	PRINTSTACK  shift 26
	TRUE  shift 27
	FALSE  shift 28
	ISBOOL  shift 29
	ISNUM  shift 30
	ISTUPLE  shift 31
	NOT  shift 32
	NIL  shift 33
	.  error

	const  goto 35
	prim1  goto 36
	binop_expr  goto 137
	tuple_expr  goto 39
	tuple_get  goto 40
	id  goto 41
	tuple_set  goto 42
	simple_expr  goto 43


state 81
	binop_expr : binop_expr OR . binop_expr  (59)

	NUM  shift 17
	ID  shift 18
	ADD1  shift 19
	SUB1  shift 20
	LPARENSPACE  shift 21
	LPARENNOSPACE  shift 22
	PRINT  shift 25
	PRINTSTACK  shift 26
	TRUE  shift 27
	FALSE  shift 28
	ISBOOL  shift 29
	ISNUM  shift 30
	ISTUPLE  shift 31
	NOT  shift 32
	NIL  shift 33
	.  error

	const  goto 35
	prim1  goto 36
	binop_expr  goto 138
	tuple_expr  goto 39
	tuple_get  goto 40
	id  goto 41
	tuple_set  goto 42
	simple_expr  goto 43


state 82
	expr : binop_expr SEMI . expr  (21)

	NUM  shift 17
	ID  shift 18
	ADD1  shift 19
	SUB1  shift 20
	LPARENSPACE  shift 21
	LPARENNOSPACE  shift 22
	LET  shift 23
	IF  shift 24
	PRINT  shift 25
	PRINTSTACK  shift 26
	TRUE  shift 27
	FALSE  shift 28
	ISBOOL  shift 29
	ISNUM  shift 30
	ISTUPLE  shift 31
	NOT  shift 32
	NIL  shift 33
	BEGIN  shift 34
	.  error

	const  goto 35
	prim1  goto 36
	expr  goto 139
	binop_expr  goto 38
	tuple_expr  goto 39
	tuple_get  goto 40
	id  goto 41
	tuple_set  goto 42
	simple_expr  goto 43


state 83
	tuple_get : tuple_get LBRACK . NUM OF NUM RBRACK  (32)
	tuple_set : tuple_get LBRACK . NUM OF NUM COLONEQ expr RBRACK  (34)

	NUM  shift 140
	.  error


state 84
	tuple_get : id LBRACK . NUM OF NUM RBRACK  (31)
	tuple_set : id LBRACK . NUM OF NUM COLONEQ expr RBRACK  (33)

	NUM  shift 141
	.  error


state 85
	tuple_set : tuple_set LBRACK . NUM OF NUM COLONEQ expr RBRACK  (35)

	NUM  shift 142
	.  error


state 86
	typ : ID .  (85)

	.  reduce 85


state 87
	tyid : TYID .  (75)

	.  reduce 75


state 88
	arrowtyp : LPARENSPACE . typs THINARROW typ RPAREN  (90)
	tupletyp : LPARENSPACE . startyps RPAREN  (92)

	ID  shift 86
	TYID  shift 87
	LPARENSPACE  shift 88
	LPARENNOSPACE  shift 89
	.  error

	typ  goto 143
	tyid  goto 91
	arrowtyp  goto 92
	tupletyp  goto 93
	typs  goto 144
	startyps  goto 145


state 89
	arrowtyp : LPARENNOSPACE . typs THINARROW typ RPAREN  (89)
	tupletyp : LPARENNOSPACE . startyps RPAREN  (91)

	ID  shift 86
	TYID  shift 87
	LPARENSPACE  shift 88
	LPARENNOSPACE  shift 89
	.  error

	typ  goto 143
	tyid  goto 91
	arrowtyp  goto 92
	tupletyp  goto 93
	typs  goto 146
	startyps  goto 147


state 90
	startyps : typ .  (95)
	startyps : typ . TIMES startyps  (96)

	TIMES  shift 148
	RPAREN  reduce 95


state 91
	typ : tyid .  (86)

	.  reduce 86


state 92
	typ : arrowtyp .  (87)

	.  reduce 87


state 93
	typ : tupletyp .  (88)

	.  reduce 88


state 94
	tydecl : TYPE ID EQUAL LPARENSPACE startyps . RPAREN  (102)

	RPAREN  shift 149
	.  error


state 95
	tydecl : TYPE ID EQUAL LPARENNOSPACE startyps . RPAREN  (101)

	RPAREN  shift 150
	.  error


state 96
	decl : DEF ID LPARENNOSPACE RPAREN . COLON expr  (67)
	decl : DEF ID LPARENNOSPACE RPAREN . THINARROW typ COLON expr  (68)

	COLON  shift 151
	THINARROW  shift 152
	.  error


state 97
	binds : bind .  (76)
	binds : bind . COMMA binds  (77)

	COMMA  shift 153
	RPAREN  reduce 76


state 98
	decl : DEF ID LPARENNOSPACE binds . RPAREN COLON expr  (70)
	decl : DEF ID LPARENNOSPACE binds . RPAREN THINARROW typ COLON expr  (71)

	RPAREN  shift 154
	.  error


state 99
	tyids : TYID .  (73)
	tyids : TYID . COMMA tyids  (74)

	COMMA  shift 155
	GREATER  reduce 73


state 100
	decl : DEF ID LESSNOSPACE tyids . GREATER LPARENNOSPACE binds RPAREN THINARROW typ COLON expr  (69)

	GREATER  shift 156
	.  error


state 101
	id : LPARENSPACE ID COLON . typ RPAREN  (54)

	ID  shift 86
	TYID  shift 87
	LPARENSPACE  shift 88
	LPARENNOSPACE  shift 89
	.  error

	typ  goto 157
	tyid  goto 91
	arrowtyp  goto 92
	tupletyp  goto 93


state 102
	simple_expr : LPARENSPACE LAMBDA LPARENSPACE . binds RPAREN COLON expr RPAREN  (46)

	ID  shift 57
	LPARENSPACE  shift 58
	LPARENNOSPACE  shift 59
	.  error

	bind  goto 97
	namebind  goto 63
	binds  goto 158


state 103
	simple_expr : LPARENSPACE LAMBDA LPARENNOSPACE . binds RPAREN COLON expr RPAREN  (45)

	ID  shift 57
	LPARENSPACE  shift 58
	LPARENNOSPACE  shift 59
	.  error

	bind  goto 97
	namebind  goto 63
	binds  goto 159


state 104
	simple_expr : LPARENSPACE LAMBDA COLON . expr RPAREN  (47)

	NUM  shift 17
	ID  shift 18
	ADD1  shift 19
	SUB1  shift 20
	LPARENSPACE  shift 21
	LPARENNOSPACE  shift 22
	LET  shift 23
	IF  shift 24
	PRINT  shift 25
	PRINTSTACK  shift 26
	TRUE  shift 27
	FALSE  shift 28
	ISBOOL  shift 29
	ISNUM  shift 30
	ISTUPLE  shift 31
	NOT  shift 32
	NIL  shift 33
	BEGIN  shift 34
	.  error

	const  goto 35
	prim1  goto 36
	expr  goto 160
	binop_expr  goto 38
	tuple_expr  goto 39
	tuple_get  goto 40
	id  goto 41
	tuple_set  goto 42
	simple_expr  goto 43


state 105
	simple_expr : LPARENSPACE expr RPAREN .  (40)

	.  reduce 40


state 106
	tuple_expr : LPARENSPACE expr COMMA . RPAREN  (28)
	tuple_expr : LPARENSPACE expr COMMA . exprs RPAREN  (30)

	NUM  shift 17
	ID  shift 18
	ADD1  shift 19
	SUB1  shift 20
	LPARENSPACE  shift 21
	LPARENNOSPACE  shift 22
	RPAREN  shift 161
	LET  shift 23
	IF  shift 24
	PRINT  shift 25
	PRINTSTACK  shift 26
	TRUE  shift 27
	FALSE  shift 28
	ISBOOL  shift 29
	ISNUM  shift 30
	ISTUPLE  shift 31
	NOT  shift 32
	NIL  shift 33
	BEGIN  shift 34
	.  error

	const  goto 35
	prim1  goto 36
	expr  goto 126
	binop_expr  goto 38
	exprs  goto 162
	tuple_expr  goto 39
	tuple_get  goto 40
	id  goto 41
	tuple_set  goto 42
	simple_expr  goto 43


state 107
	id : LPARENNOSPACE ID COLON . typ RPAREN  (53)

	ID  shift 86
	TYID  shift 87
	LPARENSPACE  shift 88
	LPARENNOSPACE  shift 89
	.  error

	typ  goto 163
	tyid  goto 91
	arrowtyp  goto 92
	tupletyp  goto 93


state 108
	simple_expr : LPARENNOSPACE LAMBDA LPARENSPACE . binds RPAREN COLON expr RPAREN  (43)

	ID  shift 57
	LPARENSPACE  shift 58
	LPARENNOSPACE  shift 59
	.  error

	bind  goto 97
	namebind  goto 63
	binds  goto 164


state 109
	simple_expr : LPARENNOSPACE LAMBDA LPARENNOSPACE . binds RPAREN COLON expr RPAREN  (42)

	ID  shift 57
	LPARENSPACE  shift 58
	LPARENNOSPACE  shift 59
	.  error

	bind  goto 97
	namebind  goto 63
	binds  goto 165


state 110
	simple_expr : LPARENNOSPACE LAMBDA COLON . expr RPAREN  (44)

	NUM  shift 17
	ID  shift 18
	ADD1  shift 19
	SUB1  shift 20
	LPARENSPACE  shift 21
	LPARENNOSPACE  shift 22
	LET  shift 23
	IF  shift 24
	PRINT  shift 25
	PRINTSTACK  shift 26
	TRUE  shift 27
	FALSE  shift 28
	ISBOOL  shift 29
	ISNUM  shift 30
	ISTUPLE  shift 31
	NOT  shift 32
	NIL  shift 33
	BEGIN  shift 34
	.  error

	const  goto 35
	prim1  goto 36
	expr  goto 166
	binop_expr  goto 38
	tuple_expr  goto 39
	tuple_get  goto 40
	id  goto 41
	tuple_set  goto 42
	simple_expr  goto 43


state 111
	simple_expr : LPARENNOSPACE expr RPAREN .  (41)

	.  reduce 41


state 112
	tuple_expr : LPARENNOSPACE expr COMMA . RPAREN  (27)
	tuple_expr : LPARENNOSPACE expr COMMA . exprs RPAREN  (29)

	NUM  shift 17
	ID  shift 18
	ADD1  shift 19
	SUB1  shift 20
	LPARENSPACE  shift 21
	LPARENNOSPACE  shift 22
	RPAREN  shift 167
	LET  shift 23
	IF  shift 24
	PRINT  shift 25
	PRINTSTACK  shift 26
	TRUE  shift 27
	FALSE  shift 28
	ISBOOL  shift 29
	ISNUM  shift 30
	ISTUPLE  shift 31
	NOT  shift 32
	NIL  shift 33
	BEGIN  shift 34
	.  error

	const  goto 35
	prim1  goto 36
	expr  goto 126
	binop_expr  goto 38
	exprs  goto 168
	tuple_expr  goto 39
	tuple_get  goto 40
	id  goto 41
	tuple_set  goto 42
	simple_expr  goto 43


state 113
	namebind : ID COLON . typ  (84)

	ID  shift 86
	TYID  shift 87
	LPARENSPACE  shift 88
	LPARENNOSPACE  shift 89
	.  error

	typ  goto 169
	tyid  goto 91
	arrowtyp  goto 92
	tupletyp  goto 93


state 114
	bind : LPARENSPACE binds . RPAREN  (80)

	RPAREN  shift 170
	.  error


state 115
	bind : LPARENNOSPACE binds . RPAREN  (79)

	RPAREN  shift 171
	.  error


state 116
	expr : LET REC namebindings . IN expr  (18)

	IN  shift 172
	.  error


state 117
	namebindings : namebind . EQUAL expr  (15)
	namebindings : namebind . EQUAL expr COMMA namebindings  (16)

	EQUAL  shift 173
	.  error


state 118
	expr : LET bindings IN . expr  (17)

	NUM  shift 17
	ID  shift 18
	ADD1  shift 19
	SUB1  shift 20
	LPARENSPACE  shift 21
	LPARENNOSPACE  shift 22
	LET  shift 23
	IF  shift 24
	PRINT  shift 25
	PRINTSTACK  shift 26
	TRUE  shift 27
	FALSE  shift 28
	ISBOOL  shift 29
	ISNUM  shift 30
	ISTUPLE  shift 31
	NOT  shift 32
	NIL  shift 33
	BEGIN  shift 34
	.  error

	const  goto 35
	prim1  goto 36
	expr  goto 174
	binop_expr  goto 38
	tuple_expr  goto 39
	tuple_get  goto 40
	id  goto 41
	tuple_set  goto 42
	simple_expr  goto 43


state 119
	bindings : bind EQUAL . expr  (13)
	bindings : bind EQUAL . expr COMMA bindings  (14)

	NUM  shift 17
	ID  shift 18
	ADD1  shift 19
	SUB1  shift 20
	LPARENSPACE  shift 21
	LPARENNOSPACE  shift 22
	LET  shift 23
	IF  shift 24
	PRINT  shift 25
	PRINTSTACK  shift 26
	TRUE  shift 27
	FALSE  shift 28
	ISBOOL  shift 29
	ISNUM  shift 30
	ISTUPLE  shift 31
	NOT  shift 32
	NIL  shift 33
	BEGIN  shift 34
	.  error

	const  goto 35
	prim1  goto 36
	expr  goto 175
	binop_expr  goto 38
	tuple_expr  goto 39
	tuple_get  goto 40
	id  goto 41
	tuple_set  goto 42
	simple_expr  goto 43


state 120
	expr : IF expr COLON . expr ELSECOLON expr  (19)

	NUM  shift 17
	ID  shift 18
	ADD1  shift 19
	SUB1  shift 20
	LPARENSPACE  shift 21
	LPARENNOSPACE  shift 22
	LET  shift 23
	IF  shift 24
	PRINT  shift 25
	PRINTSTACK  shift 26
	TRUE  shift 27
	FALSE  shift 28
	ISBOOL  shift 29
	ISNUM  shift 30
	ISTUPLE  shift 31
	NOT  shift 32
	NIL  shift 33
	BEGIN  shift 34
	.  error

	const  goto 35
	prim1  goto 36
	expr  goto 176
	binop_expr  goto 38
	tuple_expr  goto 39
	tuple_get  goto 40
	id  goto 41
	tuple_set  goto 42
	simple_expr  goto 43


state 121
	const : NIL COLON typ .  (4)

	.  reduce 4


state 122
	expr : BEGIN expr END .  (20)

	.  reduce 20


state 123
	simple_expr : prim1 LPARENNOSPACE expr . RPAREN  (36)

	RPAREN  shift 177
	.  error


state 124
	program : tydecls decls expr COLON typ . EOF  (105)

	EOF  shift 178
	.  error


state 125
	simple_expr : binop_expr LPARENNOSPACE RPAREN .  (49)

	.  reduce 49


state 126
	exprs : expr .  (23)
	exprs : expr . COMMA exprs  (24)

	COMMA  shift 179
	RPAREN  reduce 23


state 127
	simple_expr : binop_expr LPARENNOSPACE exprs . RPAREN  (48)

	RPAREN  shift 180
	.  error


state 128
	simple_expr : binop_expr . LPARENNOSPACE exprs RPAREN  (48)
	simple_expr : binop_expr . LPARENNOSPACE RPAREN  (49)
	binop_expr : binop_expr . PLUS binop_expr  (55)
	binop_expr : binop_expr PLUS binop_expr .  (55)
	binop_expr : binop_expr . MINUS binop_expr  (56)
	binop_expr : binop_expr . TIMES binop_expr  (57)
	binop_expr : binop_expr . AND binop_expr  (58)
	binop_expr : binop_expr . OR binop_expr  (59)
	binop_expr : binop_expr . GREATER binop_expr  (60)
	binop_expr : binop_expr . GREATEREQ binop_expr  (61)
	binop_expr : binop_expr . LESSSPACE binop_expr  (62)
	binop_expr : binop_expr . LESSNOSPACE binop_expr  (63)
	binop_expr : binop_expr . LESSEQ binop_expr  (64)
	binop_expr : binop_expr . EQEQ binop_expr  (65)

	LPARENNOSPACE  shift 70
	NUM  reduce 55
	ID  reduce 55
	DEF  reduce 55
	ANDDEF  reduce 55
	ADD1  reduce 55
	SUB1  reduce 55
	LPARENSPACE  reduce 55
	RPAREN  reduce 55
	RBRACK  reduce 55
	LET  reduce 55
	IN  reduce 55
	COMMA  reduce 55
	PLUS  reduce 55
	MINUS  reduce 55
	TIMES  reduce 55
	IF  reduce 55
	COLON  reduce 55
	ELSECOLON  reduce 55
	EOF  reduce 55
	PRINT  reduce 55
	PRINTSTACK  reduce 55
	TRUE  reduce 55
	FALSE  reduce 55
	ISBOOL  reduce 55
	ISNUM  reduce 55
	ISTUPLE  reduce 55
	EQEQ  reduce 55
	LESSSPACE  reduce 55
	LESSNOSPACE  reduce 55
	GREATER  reduce 55
	LESSEQ  reduce 55
	GREATEREQ  reduce 55
	AND  reduce 55
	OR  reduce 55
	NOT  reduce 55
	SEMI  reduce 55
	NIL  reduce 55
	BEGIN  reduce 55
	END  reduce 55


state 129
	simple_expr : binop_expr . LPARENNOSPACE exprs RPAREN  (48)
	simple_expr : binop_expr . LPARENNOSPACE RPAREN  (49)
	binop_expr : binop_expr . PLUS binop_expr  (55)
	binop_expr : binop_expr . MINUS binop_expr  (56)
	binop_expr : binop_expr MINUS binop_expr .  (56)
	binop_expr : binop_expr . TIMES binop_expr  (57)
	binop_expr : binop_expr . AND binop_expr  (58)
	binop_expr : binop_expr . OR binop_expr  (59)
	binop_expr : binop_expr . GREATER binop_expr  (60)
	binop_expr : binop_expr . GREATEREQ binop_expr  (61)
	binop_expr : binop_expr . LESSSPACE binop_expr  (62)
	binop_expr : binop_expr . LESSNOSPACE binop_expr  (63)
	binop_expr : binop_expr . LESSEQ binop_expr  (64)
	binop_expr : binop_expr . EQEQ binop_expr  (65)

	LPARENNOSPACE  shift 70
	NUM  reduce 56
	ID  reduce 56
	DEF  reduce 56
	ANDDEF  reduce 56
	ADD1  reduce 56
	SUB1  reduce 56
	LPARENSPACE  reduce 56
	RPAREN  reduce 56
	RBRACK  reduce 56
	LET  reduce 56
	IN  reduce 56
	COMMA  reduce 56
	PLUS  reduce 56
	MINUS  reduce 56
	TIMES  reduce 56
	IF  reduce 56
	COLON  reduce 56
	ELSECOLON  reduce 56
	EOF  reduce 56
	PRINT  reduce 56
	PRINTSTACK  reduce 56
	TRUE  reduce 56
	FALSE  reduce 56
	ISBOOL  reduce 56
	ISNUM  reduce 56
	ISTUPLE  reduce 56
	EQEQ  reduce 56
	LESSSPACE  reduce 56
	LESSNOSPACE  reduce 56
	GREATER  reduce 56
	LESSEQ  reduce 56
	GREATEREQ  reduce 56
	AND  reduce 56
	OR  reduce 56
	NOT  reduce 56
	SEMI  reduce 56
	NIL  reduce 56
	BEGIN  reduce 56
	END  reduce 56


state 130
	simple_expr : binop_expr . LPARENNOSPACE exprs RPAREN  (48)
	simple_expr : binop_expr . LPARENNOSPACE RPAREN  (49)
	binop_expr : binop_expr . PLUS binop_expr  (55)
	binop_expr : binop_expr . MINUS binop_expr  (56)
	binop_expr : binop_expr . TIMES binop_expr  (57)
	binop_expr : binop_expr TIMES binop_expr .  (57)
	binop_expr : binop_expr . AND binop_expr  (58)
	binop_expr : binop_expr . OR binop_expr  (59)
	binop_expr : binop_expr . GREATER binop_expr  (60)
	binop_expr : binop_expr . GREATEREQ binop_expr  (61)
	binop_expr : binop_expr . LESSSPACE binop_expr  (62)
	binop_expr : binop_expr . LESSNOSPACE binop_expr  (63)
	binop_expr : binop_expr . LESSEQ binop_expr  (64)
	binop_expr : binop_expr . EQEQ binop_expr  (65)

	LPARENNOSPACE  shift 70
	NUM  reduce 57
	ID  reduce 57
	DEF  reduce 57
	ANDDEF  reduce 57
	ADD1  reduce 57
	SUB1  reduce 57
	LPARENSPACE  reduce 57
	RPAREN  reduce 57
	RBRACK  reduce 57
	LET  reduce 57
	IN  reduce 57
	COMMA  reduce 57
	PLUS  reduce 57
	MINUS  reduce 57
	TIMES  reduce 57
	IF  reduce 57
	COLON  reduce 57
	ELSECOLON  reduce 57
	EOF  reduce 57
	PRINT  reduce 57
	PRINTSTACK  reduce 57
	TRUE  reduce 57
	FALSE  reduce 57
	ISBOOL  reduce 57
	ISNUM  reduce 57
	ISTUPLE  reduce 57
	EQEQ  reduce 57
	LESSSPACE  reduce 57
	LESSNOSPACE  reduce 57
	GREATER  reduce 57
	LESSEQ  reduce 57
	GREATEREQ  reduce 57
	AND  reduce 57
	OR  reduce 57
	NOT  reduce 57
	SEMI  reduce 57
	NIL  reduce 57
	BEGIN  reduce 57
	END  reduce 57


state 131
	simple_expr : binop_expr . LPARENNOSPACE exprs RPAREN  (48)
	simple_expr : binop_expr . LPARENNOSPACE RPAREN  (49)
	binop_expr : binop_expr . PLUS binop_expr  (55)
	binop_expr : binop_expr . MINUS binop_expr  (56)
	binop_expr : binop_expr . TIMES binop_expr  (57)
	binop_expr : binop_expr . AND binop_expr  (58)
	binop_expr : binop_expr . OR binop_expr  (59)
	binop_expr : binop_expr . GREATER binop_expr  (60)
	binop_expr : binop_expr . GREATEREQ binop_expr  (61)
	binop_expr : binop_expr . LESSSPACE binop_expr  (62)
	binop_expr : binop_expr . LESSNOSPACE binop_expr  (63)
	binop_expr : binop_expr . LESSEQ binop_expr  (64)
	binop_expr : binop_expr . EQEQ binop_expr  (65)
	binop_expr : binop_expr EQEQ binop_expr .  (65)

	LPARENNOSPACE  shift 70
	NUM  reduce 65
	ID  reduce 65
	DEF  reduce 65
	ANDDEF  reduce 65
	ADD1  reduce 65
	SUB1  reduce 65
	LPARENSPACE  reduce 65
	RPAREN  reduce 65
	RBRACK  reduce 65
	LET  reduce 65
	IN  reduce 65
	COMMA  reduce 65
	PLUS  reduce 65
	MINUS  reduce 65
	TIMES  reduce 65
	IF  reduce 65
	COLON  reduce 65
	ELSECOLON  reduce 65
	EOF  reduce 65
	PRINT  reduce 65
	PRINTSTACK  reduce 65
	TRUE  reduce 65
	FALSE  reduce 65
	ISBOOL  reduce 65
	ISNUM  reduce 65
	ISTUPLE  reduce 65
	EQEQ  reduce 65
	LESSSPACE  reduce 65
	LESSNOSPACE  reduce 65
	GREATER  reduce 65
	LESSEQ  reduce 65
	GREATEREQ  reduce 65
	AND  reduce 65
	OR  reduce 65
	NOT  reduce 65
	SEMI  reduce 65
	NIL  reduce 65
	BEGIN  reduce 65
	END  reduce 65


state 132
	simple_expr : binop_expr . LPARENNOSPACE exprs RPAREN  (48)
	simple_expr : binop_expr . LPARENNOSPACE RPAREN  (49)
	binop_expr : binop_expr . PLUS binop_expr  (55)
	binop_expr : binop_expr . MINUS binop_expr  (56)
	binop_expr : binop_expr . TIMES binop_expr  (57)
	binop_expr : binop_expr . AND binop_expr  (58)
	binop_expr : binop_expr . OR binop_expr  (59)
	binop_expr : binop_expr . GREATER binop_expr  (60)
	binop_expr : binop_expr . GREATEREQ binop_expr  (61)
	binop_expr : binop_expr . LESSSPACE binop_expr  (62)
	binop_expr : binop_expr LESSSPACE binop_expr .  (62)
	binop_expr : binop_expr . LESSNOSPACE binop_expr  (63)
	binop_expr : binop_expr . LESSEQ binop_expr  (64)
	binop_expr : binop_expr . EQEQ binop_expr  (65)

	LPARENNOSPACE  shift 70
	NUM  reduce 62
	ID  reduce 62
	DEF  reduce 62
	ANDDEF  reduce 62
	ADD1  reduce 62
	SUB1  reduce 62
	LPARENSPACE  reduce 62
	RPAREN  reduce 62
	RBRACK  reduce 62
	LET  reduce 62
	IN  reduce 62
	COMMA  reduce 62
	PLUS  reduce 62
	MINUS  reduce 62
	TIMES  reduce 62
	IF  reduce 62
	COLON  reduce 62
	ELSECOLON  reduce 62
	EOF  reduce 62
	PRINT  reduce 62
	PRINTSTACK  reduce 62
	TRUE  reduce 62
	FALSE  reduce 62
	ISBOOL  reduce 62
	ISNUM  reduce 62
	ISTUPLE  reduce 62
	EQEQ  reduce 62
	LESSSPACE  reduce 62
	LESSNOSPACE  reduce 62
	GREATER  reduce 62
	LESSEQ  reduce 62
	GREATEREQ  reduce 62
	AND  reduce 62
	OR  reduce 62
	NOT  reduce 62
	SEMI  reduce 62
	NIL  reduce 62
	BEGIN  reduce 62
	END  reduce 62


state 133
	simple_expr : binop_expr . LPARENNOSPACE exprs RPAREN  (48)
	simple_expr : binop_expr . LPARENNOSPACE RPAREN  (49)
	binop_expr : binop_expr . PLUS binop_expr  (55)
	binop_expr : binop_expr . MINUS binop_expr  (56)
	binop_expr : binop_expr . TIMES binop_expr  (57)
	binop_expr : binop_expr . AND binop_expr  (58)
	binop_expr : binop_expr . OR binop_expr  (59)
	binop_expr : binop_expr . GREATER binop_expr  (60)
	binop_expr : binop_expr . GREATEREQ binop_expr  (61)
	binop_expr : binop_expr . LESSSPACE binop_expr  (62)
	binop_expr : binop_expr . LESSNOSPACE binop_expr  (63)
	binop_expr : binop_expr LESSNOSPACE binop_expr .  (63)
	binop_expr : binop_expr . LESSEQ binop_expr  (64)
	binop_expr : binop_expr . EQEQ binop_expr  (65)

	LPARENNOSPACE  shift 70
	NUM  reduce 63
	ID  reduce 63
	DEF  reduce 63
	ANDDEF  reduce 63
	ADD1  reduce 63
	SUB1  reduce 63
	LPARENSPACE  reduce 63
	RPAREN  reduce 63
	RBRACK  reduce 63
	LET  reduce 63
	IN  reduce 63
	COMMA  reduce 63
	PLUS  reduce 63
	MINUS  reduce 63
	TIMES  reduce 63
	IF  reduce 63
	COLON  reduce 63
	ELSECOLON  reduce 63
	EOF  reduce 63
	PRINT  reduce 63
	PRINTSTACK  reduce 63
	TRUE  reduce 63
	FALSE  reduce 63
	ISBOOL  reduce 63
	ISNUM  reduce 63
	ISTUPLE  reduce 63
	EQEQ  reduce 63
	LESSSPACE  reduce 63
	LESSNOSPACE  reduce 63
	GREATER  reduce 63
	LESSEQ  reduce 63
	GREATEREQ  reduce 63
	AND  reduce 63
	OR  reduce 63
	NOT  reduce 63
	SEMI  reduce 63
	NIL  reduce 63
	BEGIN  reduce 63
	END  reduce 63


state 134
	simple_expr : binop_expr . LPARENNOSPACE exprs RPAREN  (48)
	simple_expr : binop_expr . LPARENNOSPACE RPAREN  (49)
	binop_expr : binop_expr . PLUS binop_expr  (55)
	binop_expr : binop_expr . MINUS binop_expr  (56)
	binop_expr : binop_expr . TIMES binop_expr  (57)
	binop_expr : binop_expr . AND binop_expr  (58)
	binop_expr : binop_expr . OR binop_expr  (59)
	binop_expr : binop_expr . GREATER binop_expr  (60)
	binop_expr : binop_expr GREATER binop_expr .  (60)
	binop_expr : binop_expr . GREATEREQ binop_expr  (61)
	binop_expr : binop_expr . LESSSPACE binop_expr  (62)
	binop_expr : binop_expr . LESSNOSPACE binop_expr  (63)
	binop_expr : binop_expr . LESSEQ binop_expr  (64)
	binop_expr : binop_expr . EQEQ binop_expr  (65)

	LPARENNOSPACE  shift 70
	NUM  reduce 60
	ID  reduce 60
	DEF  reduce 60
	ANDDEF  reduce 60
	ADD1  reduce 60
	SUB1  reduce 60
	LPARENSPACE  reduce 60
	RPAREN  reduce 60
	RBRACK  reduce 60
	LET  reduce 60
	IN  reduce 60
	COMMA  reduce 60
	PLUS  reduce 60
	MINUS  reduce 60
	TIMES  reduce 60
	IF  reduce 60
	COLON  reduce 60
	ELSECOLON  reduce 60
	EOF  reduce 60
	PRINT  reduce 60
	PRINTSTACK  reduce 60
	TRUE  reduce 60
	FALSE  reduce 60
	ISBOOL  reduce 60
	ISNUM  reduce 60
	ISTUPLE  reduce 60
	EQEQ  reduce 60
	LESSSPACE  reduce 60
	LESSNOSPACE  reduce 60
	GREATER  reduce 60
	LESSEQ  reduce 60
	GREATEREQ  reduce 60
	AND  reduce 60
	OR  reduce 60
	NOT  reduce 60
	SEMI  reduce 60
	NIL  reduce 60
	BEGIN  reduce 60
	END  reduce 60


state 135
	simple_expr : binop_expr . LPARENNOSPACE exprs RPAREN  (48)
	simple_expr : binop_expr . LPARENNOSPACE RPAREN  (49)
	binop_expr : binop_expr . PLUS binop_expr  (55)
	binop_expr : binop_expr . MINUS binop_expr  (56)
	binop_expr : binop_expr . TIMES binop_expr  (57)
	binop_expr : binop_expr . AND binop_expr  (58)
	binop_expr : binop_expr . OR binop_expr  (59)
	binop_expr : binop_expr . GREATER binop_expr  (60)
	binop_expr : binop_expr . GREATEREQ binop_expr  (61)
	binop_expr : binop_expr . LESSSPACE binop_expr  (62)
	binop_expr : binop_expr . LESSNOSPACE binop_expr  (63)
	binop_expr : binop_expr . LESSEQ binop_expr  (64)
	binop_expr : binop_expr LESSEQ binop_expr .  (64)
	binop_expr : binop_expr . EQEQ binop_expr  (65)

	LPARENNOSPACE  shift 70
	NUM  reduce 64
	ID  reduce 64
	DEF  reduce 64
	ANDDEF  reduce 64
	ADD1  reduce 64
	SUB1  reduce 64
	LPARENSPACE  reduce 64
	RPAREN  reduce 64
	RBRACK  reduce 64
	LET  reduce 64
	IN  reduce 64
	COMMA  reduce 64
	PLUS  reduce 64
	MINUS  reduce 64
	TIMES  reduce 64
	IF  reduce 64
	COLON  reduce 64
	ELSECOLON  reduce 64
	EOF  reduce 64
	PRINT  reduce 64
	PRINTSTACK  reduce 64
	TRUE  reduce 64
	FALSE  reduce 64
	ISBOOL  reduce 64
	ISNUM  reduce 64
	ISTUPLE  reduce 64
	EQEQ  reduce 64
	LESSSPACE  reduce 64
	LESSNOSPACE  reduce 64
	GREATER  reduce 64
	LESSEQ  reduce 64
	GREATEREQ  reduce 64
	AND  reduce 64
	OR  reduce 64
	NOT  reduce 64
	SEMI  reduce 64
	NIL  reduce 64
	BEGIN  reduce 64
	END  reduce 64


state 136
	simple_expr : binop_expr . LPARENNOSPACE exprs RPAREN  (48)
	simple_expr : binop_expr . LPARENNOSPACE RPAREN  (49)
	binop_expr : binop_expr . PLUS binop_expr  (55)
	binop_expr : binop_expr . MINUS binop_expr  (56)
	binop_expr : binop_expr . TIMES binop_expr  (57)
	binop_expr : binop_expr . AND binop_expr  (58)
	binop_expr : binop_expr . OR binop_expr  (59)
	binop_expr : binop_expr . GREATER binop_expr  (60)
	binop_expr : binop_expr . GREATEREQ binop_expr  (61)
	binop_expr : binop_expr GREATEREQ binop_expr .  (61)
	binop_expr : binop_expr . LESSSPACE binop_expr  (62)
	binop_expr : binop_expr . LESSNOSPACE binop_expr  (63)
	binop_expr : binop_expr . LESSEQ binop_expr  (64)
	binop_expr : binop_expr . EQEQ binop_expr  (65)

	LPARENNOSPACE  shift 70
	NUM  reduce 61
	ID  reduce 61
	DEF  reduce 61
	ANDDEF  reduce 61
	ADD1  reduce 61
	SUB1  reduce 61
	LPARENSPACE  reduce 61
	RPAREN  reduce 61
	RBRACK  reduce 61
	LET  reduce 61
	IN  reduce 61
	COMMA  reduce 61
	PLUS  reduce 61
	MINUS  reduce 61
	TIMES  reduce 61
	IF  reduce 61
	COLON  reduce 61
	ELSECOLON  reduce 61
	EOF  reduce 61
	PRINT  reduce 61
	PRINTSTACK  reduce 61
	TRUE  reduce 61
	FALSE  reduce 61
	ISBOOL  reduce 61
	ISNUM  reduce 61
	ISTUPLE  reduce 61
	EQEQ  reduce 61
	LESSSPACE  reduce 61
	LESSNOSPACE  reduce 61
	GREATER  reduce 61
	LESSEQ  reduce 61
	GREATEREQ  reduce 61
	AND  reduce 61
	OR  reduce 61
	NOT  reduce 61
	SEMI  reduce 61
	NIL  reduce 61
	BEGIN  reduce 61
	END  reduce 61


state 137
	simple_expr : binop_expr . LPARENNOSPACE exprs RPAREN  (48)
	simple_expr : binop_expr . LPARENNOSPACE RPAREN  (49)
	binop_expr : binop_expr . PLUS binop_expr  (55)
	binop_expr : binop_expr . MINUS binop_expr  (56)
	binop_expr : binop_expr . TIMES binop_expr  (57)
	binop_expr : binop_expr . AND binop_expr  (58)
	binop_expr : binop_expr AND binop_expr .  (58)
	binop_expr : binop_expr . OR binop_expr  (59)
	binop_expr : binop_expr . GREATER binop_expr  (60)
	binop_expr : binop_expr . GREATEREQ binop_expr  (61)
	binop_expr : binop_expr . LESSSPACE binop_expr  (62)
	binop_expr : binop_expr . LESSNOSPACE binop_expr  (63)
	binop_expr : binop_expr . LESSEQ binop_expr  (64)
	binop_expr : binop_expr . EQEQ binop_expr  (65)

	LPARENNOSPACE  shift 70
	NUM  reduce 58
	ID  reduce 58
	DEF  reduce 58
	ANDDEF  reduce 58
	ADD1  reduce 58
	SUB1  reduce 58
	LPARENSPACE  reduce 58
	RPAREN  reduce 58
	RBRACK  reduce 58
	LET  reduce 58
	IN  reduce 58
	COMMA  reduce 58
	PLUS  reduce 58
	MINUS  reduce 58
	TIMES  reduce 58
	IF  reduce 58
	COLON  reduce 58
	ELSECOLON  reduce 58
	EOF  reduce 58
	PRINT  reduce 58
	PRINTSTACK  reduce 58
	TRUE  reduce 58
	FALSE  reduce 58
	ISBOOL  reduce 58
	ISNUM  reduce 58
	ISTUPLE  reduce 58
	EQEQ  reduce 58
	LESSSPACE  reduce 58
	LESSNOSPACE  reduce 58
	GREATER  reduce 58
	LESSEQ  reduce 58
	GREATEREQ  reduce 58
	AND  reduce 58
	OR  reduce 58
	NOT  reduce 58
	SEMI  reduce 58
	NIL  reduce 58
	BEGIN  reduce 58
	END  reduce 58


state 138
	simple_expr : binop_expr . LPARENNOSPACE exprs RPAREN  (48)
	simple_expr : binop_expr . LPARENNOSPACE RPAREN  (49)
	binop_expr : binop_expr . PLUS binop_expr  (55)
	binop_expr : binop_expr . MINUS binop_expr  (56)
	binop_expr : binop_expr . TIMES binop_expr  (57)
	binop_expr : binop_expr . AND binop_expr  (58)
	binop_expr : binop_expr . OR binop_expr  (59)
	binop_expr : binop_expr OR binop_expr .  (59)
	binop_expr : binop_expr . GREATER binop_expr  (60)
	binop_expr : binop_expr . GREATEREQ binop_expr  (61)
	binop_expr : binop_expr . LESSSPACE binop_expr  (62)
	binop_expr : binop_expr . LESSNOSPACE binop_expr  (63)
	binop_expr : binop_expr . LESSEQ binop_expr  (64)
	binop_expr : binop_expr . EQEQ binop_expr  (65)

	LPARENNOSPACE  shift 70
	NUM  reduce 59
	ID  reduce 59
	DEF  reduce 59
	ANDDEF  reduce 59
	ADD1  reduce 59
	SUB1  reduce 59
	LPARENSPACE  reduce 59
	RPAREN  reduce 59
	RBRACK  reduce 59
	LET  reduce 59
	IN  reduce 59
	COMMA  reduce 59
	PLUS  reduce 59
	MINUS  reduce 59
	TIMES  reduce 59
	IF  reduce 59
	COLON  reduce 59
	ELSECOLON  reduce 59
	EOF  reduce 59
	PRINT  reduce 59
	PRINTSTACK  reduce 59
	TRUE  reduce 59
	FALSE  reduce 59
	ISBOOL  reduce 59
	ISNUM  reduce 59
	ISTUPLE  reduce 59
	EQEQ  reduce 59
	LESSSPACE  reduce 59
	LESSNOSPACE  reduce 59
	GREATER  reduce 59
	LESSEQ  reduce 59
	GREATEREQ  reduce 59
	AND  reduce 59
	OR  reduce 59
	NOT  reduce 59
	SEMI  reduce 59
	NIL  reduce 59
	BEGIN  reduce 59
	END  reduce 59


state 139
	expr : binop_expr SEMI expr .  (21)

	.  reduce 21


state 140
	tuple_get : tuple_get LBRACK NUM . OF NUM RBRACK  (32)
	tuple_set : tuple_get LBRACK NUM . OF NUM COLONEQ expr RBRACK  (34)

	OF  shift 181
	.  error


state 141
	tuple_get : id LBRACK NUM . OF NUM RBRACK  (31)
	tuple_set : id LBRACK NUM . OF NUM COLONEQ expr RBRACK  (33)

	OF  shift 182
	.  error


state 142
	tuple_set : tuple_set LBRACK NUM . OF NUM COLONEQ expr RBRACK  (35)

	OF  shift 183
	.  error


state 143
	typs : typ .  (93)
	typs : typ . COMMA typs  (94)
	startyps : typ .  (95)
	startyps : typ . TIMES startyps  (96)

	COMMA  shift 184
	TIMES  shift 148
	RPAREN  reduce 95
	THINARROW  reduce 93


state 144
	arrowtyp : LPARENSPACE typs . THINARROW typ RPAREN  (90)

	THINARROW  shift 185
	.  error


state 145
	tupletyp : LPARENSPACE startyps . RPAREN  (92)

	RPAREN  shift 186
	.  error


state 146
	arrowtyp : LPARENNOSPACE typs . THINARROW typ RPAREN  (89)

	THINARROW  shift 187
	.  error


state 147
	tupletyp : LPARENNOSPACE startyps . RPAREN  (91)

	RPAREN  shift 188
	.  error


state 148
	startyps : typ TIMES . startyps  (96)

	ID  shift 86
	TYID  shift 87
	LPARENSPACE  shift 88
	LPARENNOSPACE  shift 89
	.  error

	typ  goto 90
	tyid  goto 91
	arrowtyp  goto 92
	tupletyp  goto 93
	startyps  goto 189


state 149
	tydecl : TYPE ID EQUAL LPARENSPACE startyps RPAREN .  (102)

	.  reduce 102


state 150
	tydecl : TYPE ID EQUAL LPARENNOSPACE startyps RPAREN .  (101)

	.  reduce 101


state 151
	decl : DEF ID LPARENNOSPACE RPAREN COLON . expr  (67)

	NUM  shift 17
	ID  shift 18
	ADD1  shift 19
	SUB1  shift 20
	LPARENSPACE  shift 21
	LPARENNOSPACE  shift 22
	LET  shift 23
	IF  shift 24
	PRINT  shift 25
	PRINTSTACK  shift 26
	TRUE  shift 27
	FALSE  shift 28
	ISBOOL  shift 29
	ISNUM  shift 30
	ISTUPLE  shift 31
	NOT  shift 32
	NIL  shift 33
	BEGIN  shift 34
	.  error

	const  goto 35
	prim1  goto 36
	expr  goto 190
	binop_expr  goto 38
	tuple_expr  goto 39
	tuple_get  goto 40
	id  goto 41
	tuple_set  goto 42
	simple_expr  goto 43


state 152
	decl : DEF ID LPARENNOSPACE RPAREN THINARROW . typ COLON expr  (68)

	ID  shift 86
	TYID  shift 87
	LPARENSPACE  shift 88
	LPARENNOSPACE  shift 89
	.  error

	typ  goto 191
	tyid  goto 91
	arrowtyp  goto 92
	tupletyp  goto 93


state 153
	binds : bind COMMA . binds  (77)

	ID  shift 57
	LPARENSPACE  shift 58
	LPARENNOSPACE  shift 59
	.  error

	bind  goto 97
	namebind  goto 63
	binds  goto 192


state 154
	decl : DEF ID LPARENNOSPACE binds RPAREN . COLON expr  (70)
	decl : DEF ID LPARENNOSPACE binds RPAREN . THINARROW typ COLON expr  (71)

	COLON  shift 193
	THINARROW  shift 194
	.  error


state 155
	tyids : TYID COMMA . tyids  (74)
	tyids : .  (72)

	TYID  shift 99
	GREATER  reduce 72

	tyids  goto 195


state 156
	decl : DEF ID LESSNOSPACE tyids GREATER . LPARENNOSPACE binds RPAREN THINARROW typ COLON expr  (69)

	LPARENNOSPACE  shift 196
	.  error


state 157
	id : LPARENSPACE ID COLON typ . RPAREN  (54)

	RPAREN  shift 197
	.  error


state 158
	simple_expr : LPARENSPACE LAMBDA LPARENSPACE binds . RPAREN COLON expr RPAREN  (46)

	RPAREN  shift 198
	.  error


state 159
	simple_expr : LPARENSPACE LAMBDA LPARENNOSPACE binds . RPAREN COLON expr RPAREN  (45)

	RPAREN  shift 199
	.  error


state 160
	simple_expr : LPARENSPACE LAMBDA COLON expr . RPAREN  (47)

	RPAREN  shift 200
	.  error


state 161
	tuple_expr : LPARENSPACE expr COMMA RPAREN .  (28)

	.  reduce 28


state 162
	tuple_expr : LPARENSPACE expr COMMA exprs . RPAREN  (30)

	RPAREN  shift 201
	.  error


state 163
	id : LPARENNOSPACE ID COLON typ . RPAREN  (53)

	RPAREN  shift 202
	.  error


state 164
	simple_expr : LPARENNOSPACE LAMBDA LPARENSPACE binds . RPAREN COLON expr RPAREN  (43)

	RPAREN  shift 203
	.  error


state 165
	simple_expr : LPARENNOSPACE LAMBDA LPARENNOSPACE binds . RPAREN COLON expr RPAREN  (42)

	RPAREN  shift 204
	.  error


state 166
	simple_expr : LPARENNOSPACE LAMBDA COLON expr . RPAREN  (44)

	RPAREN  shift 205
	.  error


state 167
	tuple_expr : LPARENNOSPACE expr COMMA RPAREN .  (27)

	.  reduce 27


state 168
	tuple_expr : LPARENNOSPACE expr COMMA exprs . RPAREN  (29)

	RPAREN  shift 206
	.  error


state 169
	namebind : ID COLON typ .  (84)

	.  reduce 84


state 170
	bind : LPARENSPACE binds RPAREN .  (80)

	.  reduce 80


state 171
	bind : LPARENNOSPACE binds RPAREN .  (79)

	.  reduce 79


state 172
	expr : LET REC namebindings IN . expr  (18)

	NUM  shift 17
	ID  shift 18
	ADD1  shift 19
	SUB1  shift 20
	LPARENSPACE  shift 21
	LPARENNOSPACE  shift 22
	LET  shift 23
	IF  shift 24
	PRINT  shift 25
	PRINTSTACK  shift 26
	TRUE  shift 27
	FALSE  shift 28
	ISBOOL  shift 29
	ISNUM  shift 30
	ISTUPLE  shift 31
	NOT  shift 32
	NIL  shift 33
	BEGIN  shift 34
	.  error

	const  goto 35
	prim1  goto 36
	expr  goto 207
	binop_expr  goto 38
	tuple_expr  goto 39
	tuple_get  goto 40
	id  goto 41
	tuple_set  goto 42
	simple_expr  goto 43


state 173
	namebindings : namebind EQUAL . expr  (15)
	namebindings : namebind EQUAL . expr COMMA namebindings  (16)

	NUM  shift 17
	ID  shift 18
	ADD1  shift 19
	SUB1  shift 20
	LPARENSPACE  shift 21
	LPARENNOSPACE  shift 22
	LET  shift 23
	IF  shift 24
	PRINT  shift 25
	PRINTSTACK  shift 26
	TRUE  shift 27
	FALSE  shift 28
	ISBOOL  shift 29
	ISNUM  shift 30
	ISTUPLE  shift 31
	NOT  shift 32
	NIL  shift 33
	BEGIN  shift 34
	.  error

	const  goto 35
	prim1  goto 36
	expr  goto 208
	binop_expr  goto 38
	tuple_expr  goto 39
	tuple_get  goto 40
	id  goto 41
	tuple_set  goto 42
	simple_expr  goto 43


state 174
	expr : LET bindings IN expr .  (17)

	.  reduce 17


state 175
	bindings : bind EQUAL expr .  (13)
	bindings : bind EQUAL expr . COMMA bindings  (14)

	COMMA  shift 209
	IN  reduce 13


state 176
	expr : IF expr COLON expr . ELSECOLON expr  (19)

	ELSECOLON  shift 210
	.  error


state 177
	simple_expr : prim1 LPARENNOSPACE expr RPAREN .  (36)

	.  reduce 36


state 178
	program : tydecls decls expr COLON typ EOF .  (105)

	.  reduce 105


state 179
	exprs : expr COMMA . exprs  (24)

	NUM  shift 17
	ID  shift 18
	ADD1  shift 19
	SUB1  shift 20
	LPARENSPACE  shift 21
	LPARENNOSPACE  shift 22
	LET  shift 23
	IF  shift 24
	PRINT  shift 25
	PRINTSTACK  shift 26
	TRUE  shift 27
	FALSE  shift 28
	ISBOOL  shift 29
	ISNUM  shift 30
	ISTUPLE  shift 31
	NOT  shift 32
	NIL  shift 33
	BEGIN  shift 34
	.  error

	const  goto 35
	prim1  goto 36
	expr  goto 126
	binop_expr  goto 38
	exprs  goto 211
	tuple_expr  goto 39
	tuple_get  goto 40
	id  goto 41
	tuple_set  goto 42
	simple_expr  goto 43


state 180
	simple_expr : binop_expr LPARENNOSPACE exprs RPAREN .  (48)

	.  reduce 48


state 181
	tuple_get : tuple_get LBRACK NUM OF . NUM RBRACK  (32)
	tuple_set : tuple_get LBRACK NUM OF . NUM COLONEQ expr RBRACK  (34)

	NUM  shift 212
	.  error


state 182
	tuple_get : id LBRACK NUM OF . NUM RBRACK  (31)
	tuple_set : id LBRACK NUM OF . NUM COLONEQ expr RBRACK  (33)

	NUM  shift 213
	.  error


state 183
	tuple_set : tuple_set LBRACK NUM OF . NUM COLONEQ expr RBRACK  (35)

	NUM  shift 214
	.  error


state 184
	typs : typ COMMA . typs  (94)

	ID  shift 86
	TYID  shift 87
	LPARENSPACE  shift 88
	LPARENNOSPACE  shift 89
	.  error

	typ  goto 215
	tyid  goto 91
	arrowtyp  goto 92
	tupletyp  goto 93
	typs  goto 216


state 185
	arrowtyp : LPARENSPACE typs THINARROW . typ RPAREN  (90)

	ID  shift 86
	TYID  shift 87
	LPARENSPACE  shift 88
	LPARENNOSPACE  shift 89
	.  error

	typ  goto 217
	tyid  goto 91
	arrowtyp  goto 92
	tupletyp  goto 93


state 186
	tupletyp : LPARENSPACE startyps RPAREN .  (92)

	.  reduce 92


state 187
	arrowtyp : LPARENNOSPACE typs THINARROW . typ RPAREN  (89)

	ID  shift 86
	TYID  shift 87
	LPARENSPACE  shift 88
	LPARENNOSPACE  shift 89
	.  error

	typ  goto 218
	tyid  goto 91
	arrowtyp  goto 92
	tupletyp  goto 93


state 188
	tupletyp : LPARENNOSPACE startyps RPAREN .  (91)

	.  reduce 91


state 189
	startyps : typ TIMES startyps .  (96)

	.  reduce 96


state 190
	decl : DEF ID LPARENNOSPACE RPAREN COLON expr .  (67)

	.  reduce 67


state 191
	decl : DEF ID LPARENNOSPACE RPAREN THINARROW typ . COLON expr  (68)

	COLON  shift 219
	.  error


state 192
	binds : bind COMMA binds .  (77)

	.  reduce 77


state 193
	decl : DEF ID LPARENNOSPACE binds RPAREN COLON . expr  (70)

	NUM  shift 17
	ID  shift 18
	ADD1  shift 19
	SUB1  shift 20
	LPARENSPACE  shift 21
	LPARENNOSPACE  shift 22
	LET  shift 23
	IF  shift 24
	PRINT  shift 25
	PRINTSTACK  shift 26
	TRUE  shift 27
	FALSE  shift 28
	ISBOOL  shift 29
	ISNUM  shift 30
	ISTUPLE  shift 31
	NOT  shift 32
	NIL  shift 33
	BEGIN  shift 34
	.  error

	const  goto 35
	prim1  goto 36
	expr  goto 220
	binop_expr  goto 38
	tuple_expr  goto 39
	tuple_get  goto 40
	id  goto 41
	tuple_set  goto 42
	simple_expr  goto 43


state 194
	decl : DEF ID LPARENNOSPACE binds RPAREN THINARROW . typ COLON expr  (71)

	ID  shift 86
	TYID  shift 87
	LPARENSPACE  shift 88
	LPARENNOSPACE  shift 89
	.  error

	typ  goto 221
	tyid  goto 91
	arrowtyp  goto 92
	tupletyp  goto 93


state 195
	tyids : TYID COMMA tyids .  (74)

	.  reduce 74


state 196
	decl : DEF ID LESSNOSPACE tyids GREATER LPARENNOSPACE . binds RPAREN THINARROW typ COLON expr  (69)

	ID  shift 57
	LPARENSPACE  shift 58
	LPARENNOSPACE  shift 59
	.  error

	bind  goto 97
	namebind  goto 63
	binds  goto 222


state 197
	id : LPARENSPACE ID COLON typ RPAREN .  (54)

	.  reduce 54


state 198
	simple_expr : LPARENSPACE LAMBDA LPARENSPACE binds RPAREN . COLON expr RPAREN  (46)

	COLON  shift 223
	.  error


state 199
	simple_expr : LPARENSPACE LAMBDA LPARENNOSPACE binds RPAREN . COLON expr RPAREN  (45)

	COLON  shift 224
	.  error


state 200
	simple_expr : LPARENSPACE LAMBDA COLON expr RPAREN .  (47)

	.  reduce 47


state 201
	tuple_expr : LPARENSPACE expr COMMA exprs RPAREN .  (30)

	.  reduce 30


state 202
	id : LPARENNOSPACE ID COLON typ RPAREN .  (53)

	.  reduce 53


state 203
	simple_expr : LPARENNOSPACE LAMBDA LPARENSPACE binds RPAREN . COLON expr RPAREN  (43)

	COLON  shift 225
	.  error


state 204
	simple_expr : LPARENNOSPACE LAMBDA LPARENNOSPACE binds RPAREN . COLON expr RPAREN  (42)

	COLON  shift 226
	.  error


state 205
	simple_expr : LPARENNOSPACE LAMBDA COLON expr RPAREN .  (44)

	.  reduce 44


state 206
	tuple_expr : LPARENNOSPACE expr COMMA exprs RPAREN .  (29)

	.  reduce 29


state 207
	expr : LET REC namebindings IN expr .  (18)

	.  reduce 18


state 208
	namebindings : namebind EQUAL expr .  (15)
	namebindings : namebind EQUAL expr . COMMA namebindings  (16)

	COMMA  shift 227
	IN  reduce 15


state 209
	bindings : bind EQUAL expr COMMA . bindings  (14)

	ID  shift 57
	LPARENSPACE  shift 58
	LPARENNOSPACE  shift 59
	.  error

	bindings  goto 228
	bind  goto 62
	namebind  goto 63


state 210
	expr : IF expr COLON expr ELSECOLON . expr  (19)

	NUM  shift 17
	ID  shift 18
	ADD1  shift 19
	SUB1  shift 20
	LPARENSPACE  shift 21
	LPARENNOSPACE  shift 22
	LET  shift 23
	IF  shift 24
	PRINT  shift 25
	PRINTSTACK  shift 26
	TRUE  shift 27
	FALSE  shift 28
	ISBOOL  shift 29
	ISNUM  shift 30
	ISTUPLE  shift 31
	NOT  shift 32
	NIL  shift 33
	BEGIN  shift 34
	.  error

	const  goto 35
	prim1  goto 36
	expr  goto 229
	binop_expr  goto 38
	tuple_expr  goto 39
	tuple_get  goto 40
	id  goto 41
	tuple_set  goto 42
	simple_expr  goto 43


state 211
	exprs : expr COMMA exprs .  (24)

	.  reduce 24


state 212
	tuple_get : tuple_get LBRACK NUM OF NUM . RBRACK  (32)
	tuple_set : tuple_get LBRACK NUM OF NUM . COLONEQ expr RBRACK  (34)

	RBRACK  shift 230
	COLONEQ  shift 231
	.  error


state 213
	tuple_get : id LBRACK NUM OF NUM . RBRACK  (31)
	tuple_set : id LBRACK NUM OF NUM . COLONEQ expr RBRACK  (33)

	RBRACK  shift 232
	COLONEQ  shift 233
	.  error


state 214
	tuple_set : tuple_set LBRACK NUM OF NUM . COLONEQ expr RBRACK  (35)

	COLONEQ  shift 234
	.  error


state 215
	typs : typ .  (93)
	typs : typ . COMMA typs  (94)

	COMMA  shift 184
	THINARROW  reduce 93


state 216
	typs : typ COMMA typs .  (94)

	.  reduce 94


state 217
	arrowtyp : LPARENSPACE typs THINARROW typ . RPAREN  (90)

	RPAREN  shift 235
	.  error


state 218
	arrowtyp : LPARENNOSPACE typs THINARROW typ . RPAREN  (89)

	RPAREN  shift 236
	.  error


state 219
	decl : DEF ID LPARENNOSPACE RPAREN THINARROW typ COLON . expr  (68)

	NUM  shift 17
	ID  shift 18
	ADD1  shift 19
	SUB1  shift 20
	LPARENSPACE  shift 21
	LPARENNOSPACE  shift 22
	LET  shift 23
	IF  shift 24
	PRINT  shift 25
	PRINTSTACK  shift 26
	TRUE  shift 27
	FALSE  shift 28
	ISBOOL  shift 29
	ISNUM  shift 30
	ISTUPLE  shift 31
	NOT  shift 32
	NIL  shift 33
	BEGIN  shift 34
	.  error

	const  goto 35
	prim1  goto 36
	expr  goto 237
	binop_expr  goto 38
	tuple_expr  goto 39
	tuple_get  goto 40
	id  goto 41
	tuple_set  goto 42
	simple_expr  goto 43


state 220
	decl : DEF ID LPARENNOSPACE binds RPAREN COLON expr .  (70)

	.  reduce 70


state 221
	decl : DEF ID LPARENNOSPACE binds RPAREN THINARROW typ . COLON expr  (71)

	COLON  shift 238
	.  error


state 222
	decl : DEF ID LESSNOSPACE tyids GREATER LPARENNOSPACE binds . RPAREN THINARROW typ COLON expr  (69)

	RPAREN  shift 239
	.  error


state 223
	simple_expr : LPARENSPACE LAMBDA LPARENSPACE binds RPAREN COLON . expr RPAREN  (46)

	NUM  shift 17
	ID  shift 18
	ADD1  shift 19
	SUB1  shift 20
	LPARENSPACE  shift 21
	LPARENNOSPACE  shift 22
	LET  shift 23
	IF  shift 24
	PRINT  shift 25
	PRINTSTACK  shift 26
	TRUE  shift 27
	FALSE  shift 28
	ISBOOL  shift 29
	ISNUM  shift 30
	ISTUPLE  shift 31
	NOT  shift 32
	NIL  shift 33
	BEGIN  shift 34
	.  error

	const  goto 35
	prim1  goto 36
	expr  goto 240
	binop_expr  goto 38
	tuple_expr  goto 39
	tuple_get  goto 40
	id  goto 41
	tuple_set  goto 42
	simple_expr  goto 43


state 224
	simple_expr : LPARENSPACE LAMBDA LPARENNOSPACE binds RPAREN COLON . expr RPAREN  (45)

	NUM  shift 17
	ID  shift 18
	ADD1  shift 19
	SUB1  shift 20
	LPARENSPACE  shift 21
	LPARENNOSPACE  shift 22
	LET  shift 23
	IF  shift 24
	PRINT  shift 25
	PRINTSTACK  shift 26
	TRUE  shift 27
	FALSE  shift 28
	ISBOOL  shift 29
	ISNUM  shift 30
	ISTUPLE  shift 31
	NOT  shift 32
	NIL  shift 33
	BEGIN  shift 34
	.  error

	const  goto 35
	prim1  goto 36
	expr  goto 241
	binop_expr  goto 38
	tuple_expr  goto 39
	tuple_get  goto 40
	id  goto 41
	tuple_set  goto 42
	simple_expr  goto 43


state 225
	simple_expr : LPARENNOSPACE LAMBDA LPARENSPACE binds RPAREN COLON . expr RPAREN  (43)

	NUM  shift 17
	ID  shift 18
	ADD1  shift 19
	SUB1  shift 20
	LPARENSPACE  shift 21
	LPARENNOSPACE  shift 22
	LET  shift 23
	IF  shift 24
	PRINT  shift 25
	PRINTSTACK  shift 26
	TRUE  shift 27
	FALSE  shift 28
	ISBOOL  shift 29
	ISNUM  shift 30
	ISTUPLE  shift 31
	NOT  shift 32
	NIL  shift 33
	BEGIN  shift 34
	.  error

	const  goto 35
	prim1  goto 36
	expr  goto 242
	binop_expr  goto 38
	tuple_expr  goto 39
	tuple_get  goto 40
	id  goto 41
	tuple_set  goto 42
	simple_expr  goto 43


state 226
	simple_expr : LPARENNOSPACE LAMBDA LPARENNOSPACE binds RPAREN COLON . expr RPAREN  (42)

	NUM  shift 17
	ID  shift 18
	ADD1  shift 19
	SUB1  shift 20
	LPARENSPACE  shift 21
	LPARENNOSPACE  shift 22
	LET  shift 23
	IF  shift 24
	PRINT  shift 25
	PRINTSTACK  shift 26
	TRUE  shift 27
	FALSE  shift 28
	ISBOOL  shift 29
	ISNUM  shift 30
	ISTUPLE  shift 31
	NOT  shift 32
	NIL  shift 33
	BEGIN  shift 34
	.  error

	const  goto 35
	prim1  goto 36
	expr  goto 243
	binop_expr  goto 38
	tuple_expr  goto 39
	tuple_get  goto 40
	id  goto 41
	tuple_set  goto 42
	simple_expr  goto 43


state 227
	namebindings : namebind EQUAL expr COMMA . namebindings  (16)

	ID  shift 57
	.  error

	namebindings  goto 244
	namebind  goto 117


state 228
	bindings : bind EQUAL expr COMMA bindings .  (14)

	.  reduce 14


state 229
	expr : IF expr COLON expr ELSECOLON expr .  (19)

	.  reduce 19


state 230
	tuple_get : tuple_get LBRACK NUM OF NUM RBRACK .  (32)

	.  reduce 32


state 231
	tuple_set : tuple_get LBRACK NUM OF NUM COLONEQ . expr RBRACK  (34)

	NUM  shift 17
	ID  shift 18
	ADD1  shift 19
	SUB1  shift 20
	LPARENSPACE  shift 21
	LPARENNOSPACE  shift 22
	LET  shift 23
	IF  shift 24
	PRINT  shift 25
	PRINTSTACK  shift 26
	TRUE  shift 27
	FALSE  shift 28
	ISBOOL  shift 29
	ISNUM  shift 30
	ISTUPLE  shift 31
	NOT  shift 32
	NIL  shift 33
	BEGIN  shift 34
	.  error

	const  goto 35
	prim1  goto 36
	expr  goto 245
	binop_expr  goto 38
	tuple_expr  goto 39
	tuple_get  goto 40
	id  goto 41
	tuple_set  goto 42
	simple_expr  goto 43


state 232
	tuple_get : id LBRACK NUM OF NUM RBRACK .  (31)

	.  reduce 31


state 233
	tuple_set : id LBRACK NUM OF NUM COLONEQ . expr RBRACK  (33)

	NUM  shift 17
	ID  shift 18
	ADD1  shift 19
	SUB1  shift 20
	LPARENSPACE  shift 21
	LPARENNOSPACE  shift 22
	LET  shift 23
	IF  shift 24
	PRINT  shift 25
	PRINTSTACK  shift 26
	TRUE  shift 27
	FALSE  shift 28
	ISBOOL  shift 29
	ISNUM  shift 30
	ISTUPLE  shift 31
	NOT  shift 32
	NIL  shift 33
	BEGIN  shift 34
	.  error

	const  goto 35
	prim1  goto 36
	expr  goto 246
	binop_expr  goto 38
	tuple_expr  goto 39
	tuple_get  goto 40
	id  goto 41
	tuple_set  goto 42
	simple_expr  goto 43


state 234
	tuple_set : tuple_set LBRACK NUM OF NUM COLONEQ . expr RBRACK  (35)

	NUM  shift 17
	ID  shift 18
	ADD1  shift 19
	SUB1  shift 20
	LPARENSPACE  shift 21
	LPARENNOSPACE  shift 22
	LET  shift 23
	IF  shift 24
	PRINT  shift 25
	PRINTSTACK  shift 26
	TRUE  shift 27
	FALSE  shift 28
	ISBOOL  shift 29
	ISNUM  shift 30
	ISTUPLE  shift 31
	NOT  shift 32
	NIL  shift 33
	BEGIN  shift 34
	.  error

	const  goto 35
	prim1  goto 36
	expr  goto 247
	binop_expr  goto 38
	tuple_expr  goto 39
	tuple_get  goto 40
	id  goto 41
	tuple_set  goto 42
	simple_expr  goto 43


state 235
	arrowtyp : LPARENSPACE typs THINARROW typ RPAREN .  (90)

	.  reduce 90


state 236
	arrowtyp : LPARENNOSPACE typs THINARROW typ RPAREN .  (89)

	.  reduce 89


state 237
	decl : DEF ID LPARENNOSPACE RPAREN THINARROW typ COLON expr .  (68)

	.  reduce 68


state 238
	decl : DEF ID LPARENNOSPACE binds RPAREN THINARROW typ COLON . expr  (71)

	NUM  shift 17
	ID  shift 18
	ADD1  shift 19
	SUB1  shift 20
	LPARENSPACE  shift 21
	LPARENNOSPACE  shift 22
	LET  shift 23
	IF  shift 24
	PRINT  shift 25
	PRINTSTACK  shift 26
	TRUE  shift 27
	FALSE  shift 28
	ISBOOL  shift 29
	ISNUM  shift 30
	ISTUPLE  shift 31
	NOT  shift 32
	NIL  shift 33
	BEGIN  shift 34
	.  error

	const  goto 35
	prim1  goto 36
	expr  goto 248
	binop_expr  goto 38
	tuple_expr  goto 39
	tuple_get  goto 40
	id  goto 41
	tuple_set  goto 42
	simple_expr  goto 43


state 239
	decl : DEF ID LESSNOSPACE tyids GREATER LPARENNOSPACE binds RPAREN . THINARROW typ COLON expr  (69)

	THINARROW  shift 249
	.  error


state 240
	simple_expr : LPARENSPACE LAMBDA LPARENSPACE binds RPAREN COLON expr . RPAREN  (46)

	RPAREN  shift 250
	.  error


state 241
	simple_expr : LPARENSPACE LAMBDA LPARENNOSPACE binds RPAREN COLON expr . RPAREN  (45)

	RPAREN  shift 251
	.  error


state 242
	simple_expr : LPARENNOSPACE LAMBDA LPARENSPACE binds RPAREN COLON expr . RPAREN  (43)

	RPAREN  shift 252
	.  error


state 243
	simple_expr : LPARENNOSPACE LAMBDA LPARENNOSPACE binds RPAREN COLON expr . RPAREN  (42)

	RPAREN  shift 253
	.  error


state 244
	namebindings : namebind EQUAL expr COMMA namebindings .  (16)

	.  reduce 16


state 245
	tuple_set : tuple_get LBRACK NUM OF NUM COLONEQ expr . RBRACK  (34)

	RBRACK  shift 254
	.  error


state 246
	tuple_set : id LBRACK NUM OF NUM COLONEQ expr . RBRACK  (33)

	RBRACK  shift 255
	.  error


state 247
	tuple_set : tuple_set LBRACK NUM OF NUM COLONEQ expr . RBRACK  (35)

	RBRACK  shift 256
	.  error


state 248
	decl : DEF ID LPARENNOSPACE binds RPAREN THINARROW typ COLON expr .  (71)

	.  reduce 71


state 249
	decl : DEF ID LESSNOSPACE tyids GREATER LPARENNOSPACE binds RPAREN THINARROW . typ COLON expr  (69)

	ID  shift 86
	TYID  shift 87
	LPARENSPACE  shift 88
	LPARENNOSPACE  shift 89
	.  error

	typ  goto 257
	tyid  goto 91
	arrowtyp  goto 92
	tupletyp  goto 93


state 250
	simple_expr : LPARENSPACE LAMBDA LPARENSPACE binds RPAREN COLON expr RPAREN .  (46)

	.  reduce 46


state 251
	simple_expr : LPARENSPACE LAMBDA LPARENNOSPACE binds RPAREN COLON expr RPAREN .  (45)

	.  reduce 45


state 252
	simple_expr : LPARENNOSPACE LAMBDA LPARENSPACE binds RPAREN COLON expr RPAREN .  (43)

	.  reduce 43


state 253
	simple_expr : LPARENNOSPACE LAMBDA LPARENNOSPACE binds RPAREN COLON expr RPAREN .  (42)

	.  reduce 42


state 254
	tuple_set : tuple_get LBRACK NUM OF NUM COLONEQ expr RBRACK .  (34)

	.  reduce 34


state 255
	tuple_set : id LBRACK NUM OF NUM COLONEQ expr RBRACK .  (33)

	.  reduce 33


state 256
	tuple_set : tuple_set LBRACK NUM OF NUM COLONEQ expr RBRACK .  (35)

	.  reduce 35


state 257
	decl : DEF ID LESSNOSPACE tyids GREATER LPARENNOSPACE binds RPAREN THINARROW typ . COLON expr  (69)

	COLON  shift 258
	.  error


state 258
	decl : DEF ID LESSNOSPACE tyids GREATER LPARENNOSPACE binds RPAREN THINARROW typ COLON . expr  (69)

	NUM  shift 17
	ID  shift 18
	ADD1  shift 19
	SUB1  shift 20
	LPARENSPACE  shift 21
	LPARENNOSPACE  shift 22
	LET  shift 23
	IF  shift 24
	PRINT  shift 25
	PRINTSTACK  shift 26
	TRUE  shift 27
	FALSE  shift 28
	ISBOOL  shift 29
	ISNUM  shift 30
	ISTUPLE  shift 31
	NOT  shift 32
	NIL  shift 33
	BEGIN  shift 34
	.  error

	const  goto 35
	prim1  goto 36
	expr  goto 259
	binop_expr  goto 38
	tuple_expr  goto 39
	tuple_get  goto 40
	id  goto 41
	tuple_set  goto 42
	simple_expr  goto 43


state 259
	decl : DEF ID LESSNOSPACE tyids GREATER LPARENNOSPACE binds RPAREN THINARROW typ COLON expr .  (69)

	.  reduce 69


Rules never reduced:
	namebinds : namebind  (81)
	namebinds : namebind COMMA namebinds  (82)


54 terminals, 31 nonterminals
108 grammar rules, 260 states
