Finished Processing files with 5 Objects in the image of size 2048x2048
Algorithm converged in 6 iterations.
Initializing Time: 0.089123
Processing Time: 0.477199
Total Time: 0.566329
Algorithm converged in 6 iterations.
Initializing Time: 0.089120
Processing Time: 0.489178
Total Time: 0.578306
Algorithm converged in 9 iterations.
Initializing Time: 0.095349
Processing Time: 0.537658
Total Time: 0.633013
Algorithm converged in 10 iterations.
Initializing Time: 0.089357
Processing Time: 0.562077
Total Time: 0.651440
Algorithm converged in 17 iterations.
Initializing Time: 0.089192
Processing Time: 0.650520
Total Time: 0.739718

Total Execution Time for LSS algorithm was: 746.782566 ms

