Finished Processing files with 5 Objects in the image of size 2048x2048
Algorithm converged in 6 iterations.
Initializing Time: 0.090623
Processing Time: 0.319549
Total Time: 0.410179
Algorithm converged in 6 iterations.
Initializing Time: 0.090278
Processing Time: 0.377334
Total Time: 0.467620
Algorithm converged in 9 iterations.
Initializing Time: 0.121579
Processing Time: 0.385561
Total Time: 0.507144
Algorithm converged in 10 iterations.
Initializing Time: 0.088895
Processing Time: 0.444959
Total Time: 0.533861
Algorithm converged in 17 iterations.
Initializing Time: 0.092446
Processing Time: 0.525899
Total Time: 0.618349

Total Execution Time for LSS algorithm was: 625.476125 ms

